2025-01-07T14:44:10.180+0100 INFO               [main]                         be.pxl.services.CommentServiceApplicationTest - Starting CommentServiceApplicationTest using Java 21.0.4 with PID 10812 (started by MechaCoder in C:\Users\MechaCoder\Documents\2-3 TIN Sem 1\Fullstack Java\project-YA-Amzil\backend-java\NewsPublishSystem\comment-service)
2025-01-07T14:44:10.199+0100 DEBUG              [main]                         be.pxl.services.CommentServiceApplicationTest - Running with Spring Boot v3.3.4, Spring v6.1.13
2025-01-07T14:44:10.201+0100 INFO               [main]                         be.pxl.services.CommentServiceApplicationTest - No active profile set, falling back to 1 default profile: "default"
2025-01-07T14:44:22.532+0100 INFO               [main]                         be.pxl.services.CommentServiceApplicationTest - Started CommentServiceApplicationTest in 14.706 seconds (process running for 50.776)
2025-01-07T14:44:23.885+0100 INFO               [main]                         be.pxl.services.services.CommentService - Creating new comment
2025-01-07T14:44:24.003+0100 INFO               [main]                         be.pxl.services.services.CommentService - Comment created successfully: Content 1
2025-01-07T14:44:24.004+0100 INFO               [main]                         be.pxl.services.controller.CommentController - Creating new comment
2025-01-07T14:44:24.070+0100 INFO               [main]                         be.pxl.services.services.CommentService - Updating comment with id: 1
2025-01-07T14:44:24.150+0100 INFO               [main]                         be.pxl.services.services.CommentService - Comment updated successfully: Updated Content
2025-01-07T14:44:24.151+0100 INFO               [main]                         be.pxl.services.controller.CommentController - Updating comment with id: 1
2025-01-07T14:44:24.253+0100 INFO               [main]                         be.pxl.services.services.CommentService - Updating comment with id: 999
2025-01-07T14:44:24.348+0100 INFO               [main]                         be.pxl.services.services.CommentService - Creating new comment
2025-01-07T14:44:24.384+0100 INFO               [main]                         be.pxl.services.services.CommentService - Comment created successfully: Content 1
2025-01-07T14:44:24.385+0100 INFO               [main]                         be.pxl.services.controller.CommentController - Creating new comment
2025-01-07T14:44:24.416+0100 INFO               [main]                         be.pxl.services.services.CommentService - Deleting comment with id: 2
2025-01-07T14:44:24.493+0100 INFO               [main]                         be.pxl.services.controller.CommentController - Deleting comment with id: 2
2025-01-07T14:44:24.629+0100 INFO               [main]                         be.pxl.services.services.CommentService - Creating new comment
2025-01-07T14:44:24.680+0100 INFO               [main]                         be.pxl.services.services.CommentService - Comment created successfully: Content 1
2025-01-07T14:44:24.681+0100 INFO               [main]                         be.pxl.services.controller.CommentController - Creating new comment
2025-01-07T14:44:24.690+0100 INFO               [main]                         be.pxl.services.services.CommentService - Creating new comment
2025-01-07T14:44:24.737+0100 INFO               [main]                         be.pxl.services.services.CommentService - Comment created successfully: Content 2
2025-01-07T14:44:24.739+0100 INFO               [main]                         be.pxl.services.controller.CommentController - Creating new comment
2025-01-07T14:44:24.746+0100 INFO               [main]                         be.pxl.services.services.CommentService - Getting comments for post with id: 1
2025-01-07T14:44:24.825+0100 INFO               [main]                         be.pxl.services.controller.CommentController - Getting comments for post with id: 1
2025-01-07T14:44:25.145+0100 INFO               [main]                         be.pxl.services.services.CommentService - Creating new comment
2025-01-07T14:44:25.182+0100 INFO               [main]                         be.pxl.services.services.CommentService - Comment created successfully: Content 1
2025-01-07T14:44:25.183+0100 INFO               [main]                         be.pxl.services.controller.CommentController - Creating new comment
2025-01-07T14:44:25.290+0100 INFO               [main]                         be.pxl.services.services.CommentService - Creating new comment
2025-01-07T14:44:25.327+0100 INFO               [main]                         be.pxl.services.services.CommentService - Comment created successfully: Content 1
2025-01-07T14:44:25.327+0100 INFO               [main]                         be.pxl.services.controller.CommentController - Creating new comment
2025-01-07T14:44:25.334+0100 INFO               [main]                         be.pxl.services.services.CommentService - Creating new comment
2025-01-07T14:44:25.369+0100 INFO               [main]                         be.pxl.services.services.CommentService - Comment created successfully: Content 2
2025-01-07T14:44:25.370+0100 INFO               [main]                         be.pxl.services.controller.CommentController - Creating new comment
2025-01-07T14:44:25.374+0100 INFO               [main]                         be.pxl.services.services.CommentService - Getting all comments
2025-01-07T14:44:25.394+0100 INFO               [main]                         be.pxl.services.controller.CommentController - Getting all comments
2025-01-07T14:46:16.128+0100 INFO               [main]                         be.pxl.services.CommentServiceApplicationTest - Starting CommentServiceApplicationTest using Java 21.0.4 with PID 21152 (started by MechaCoder in C:\Users\MechaCoder\Documents\2-3 TIN Sem 1\Fullstack Java\project-YA-Amzil\backend-java\NewsPublishSystem\comment-service)
2025-01-07T14:46:16.133+0100 DEBUG              [main]                         be.pxl.services.CommentServiceApplicationTest - Running with Spring Boot v3.3.4, Spring v6.1.13
2025-01-07T14:46:16.136+0100 INFO               [main]                         be.pxl.services.CommentServiceApplicationTest - No active profile set, falling back to 1 default profile: "default"
2025-01-07T14:46:33.597+0100 INFO               [main]                         be.pxl.services.CommentServiceApplicationTest - Started CommentServiceApplicationTest in 21.745 seconds (process running for 80.255)
2025-01-07T14:46:35.636+0100 INFO               [main]                         be.pxl.services.services.CommentService - Creating new comment
2025-01-07T14:46:35.839+0100 INFO               [main]                         be.pxl.services.services.CommentService - Comment created successfully: Content 1
2025-01-07T14:46:35.839+0100 INFO               [main]                         be.pxl.services.controller.CommentController - Creating new comment
2025-01-07T14:46:35.930+0100 INFO               [main]                         be.pxl.services.services.CommentService - Updating comment with id: 1
2025-01-07T14:46:36.037+0100 INFO               [main]                         be.pxl.services.services.CommentService - Comment updated successfully: Updated Content
2025-01-07T14:46:36.040+0100 INFO               [main]                         be.pxl.services.controller.CommentController - Updating comment with id: 1
2025-01-07T14:46:36.171+0100 INFO               [main]                         be.pxl.services.services.CommentService - Updating comment with id: 999
2025-01-07T14:46:36.258+0100 INFO               [main]                         be.pxl.services.services.CommentService - Creating new comment
2025-01-07T14:46:36.289+0100 INFO               [main]                         be.pxl.services.services.CommentService - Comment created successfully: Content 1
2025-01-07T14:46:36.289+0100 INFO               [main]                         be.pxl.services.controller.CommentController - Creating new comment
2025-01-07T14:46:36.317+0100 INFO               [main]                         be.pxl.services.services.CommentService - Deleting comment with id: 2
2025-01-07T14:46:36.360+0100 INFO               [main]                         be.pxl.services.controller.CommentController - Deleting comment with id: 2
2025-01-07T14:46:36.413+0100 INFO               [main]                         be.pxl.services.services.CommentService - Creating new comment
2025-01-07T14:46:36.444+0100 INFO               [main]                         be.pxl.services.services.CommentService - Comment created successfully: Content 1
2025-01-07T14:46:36.444+0100 INFO               [main]                         be.pxl.services.controller.CommentController - Creating new comment
2025-01-07T14:46:36.451+0100 INFO               [main]                         be.pxl.services.services.CommentService - Creating new comment
2025-01-07T14:46:36.479+0100 INFO               [main]                         be.pxl.services.services.CommentService - Comment created successfully: Content 2
2025-01-07T14:46:36.480+0100 INFO               [main]                         be.pxl.services.controller.CommentController - Creating new comment
2025-01-07T14:46:36.487+0100 INFO               [main]                         be.pxl.services.services.CommentService - Getting comments for post with id: 1
2025-01-07T14:46:36.554+0100 INFO               [main]                         be.pxl.services.controller.CommentController - Getting comments for post with id: 1
2025-01-07T14:46:36.865+0100 INFO               [main]                         be.pxl.services.services.CommentService - Creating new comment
2025-01-07T14:46:36.896+0100 INFO               [main]                         be.pxl.services.services.CommentService - Comment created successfully: Content 1
2025-01-07T14:46:36.896+0100 INFO               [main]                         be.pxl.services.controller.CommentController - Creating new comment
2025-01-07T14:46:36.997+0100 INFO               [main]                         be.pxl.services.services.CommentService - Creating new comment
2025-01-07T14:46:37.025+0100 INFO               [main]                         be.pxl.services.services.CommentService - Comment created successfully: Content 1
2025-01-07T14:46:37.026+0100 INFO               [main]                         be.pxl.services.controller.CommentController - Creating new comment
2025-01-07T14:46:37.032+0100 INFO               [main]                         be.pxl.services.services.CommentService - Creating new comment
2025-01-07T14:46:37.064+0100 INFO               [main]                         be.pxl.services.services.CommentService - Comment created successfully: Content 2
2025-01-07T14:46:37.064+0100 INFO               [main]                         be.pxl.services.controller.CommentController - Creating new comment
2025-01-07T14:46:37.068+0100 INFO               [main]                         be.pxl.services.services.CommentService - Getting all comments
2025-01-07T14:46:37.091+0100 INFO               [main]                         be.pxl.services.controller.CommentController - Getting all comments
2025-01-07T14:53:34.023+0100 INFO               [main]                         be.pxl.services.CommentServiceApplicationTest - Starting CommentServiceApplicationTest using Java 21.0.4 with PID 21708 (started by MechaCoder in C:\Users\MechaCoder\Documents\2-3 TIN Sem 1\Fullstack Java\project-YA-Amzil\backend-java\NewsPublishSystem\comment-service)
2025-01-07T14:53:34.027+0100 DEBUG              [main]                         be.pxl.services.CommentServiceApplicationTest - Running with Spring Boot v3.3.4, Spring v6.1.13
2025-01-07T14:53:34.029+0100 INFO               [main]                         be.pxl.services.CommentServiceApplicationTest - No active profile set, falling back to 1 default profile: "default"
2025-01-07T14:53:50.284+0100 INFO               [main]                         be.pxl.services.CommentServiceApplicationTest - Started CommentServiceApplicationTest in 19.996 seconds (process running for 73.332)
2025-01-07T14:53:52.366+0100 INFO               [main]                         be.pxl.services.services.CommentService - Creating new comment
2025-01-07T14:53:52.512+0100 INFO               [main]                         be.pxl.services.services.CommentService - Comment created successfully: Content 1
2025-01-07T14:53:52.513+0100 INFO               [main]                         be.pxl.services.controller.CommentController - Creating new comment
2025-01-07T14:53:52.578+0100 INFO               [main]                         be.pxl.services.services.CommentService - Updating comment with id: 1
2025-01-07T14:53:52.666+0100 INFO               [main]                         be.pxl.services.services.CommentService - Comment updated successfully: Updated Content
2025-01-07T14:53:52.668+0100 INFO               [main]                         be.pxl.services.controller.CommentController - Updating comment with id: 1
2025-01-07T14:53:52.767+0100 INFO               [main]                         be.pxl.services.services.CommentService - Updating comment with id: 999
2025-01-07T14:53:52.852+0100 INFO               [main]                         be.pxl.services.services.CommentService - Creating new comment
2025-01-07T14:53:52.883+0100 INFO               [main]                         be.pxl.services.services.CommentService - Comment created successfully: Content 1
2025-01-07T14:53:52.883+0100 INFO               [main]                         be.pxl.services.controller.CommentController - Creating new comment
2025-01-07T14:53:52.908+0100 INFO               [main]                         be.pxl.services.services.CommentService - Deleting comment with id: 2
2025-01-07T14:53:52.962+0100 INFO               [main]                         be.pxl.services.controller.CommentController - Deleting comment with id: 2
2025-01-07T14:53:53.011+0100 INFO               [main]                         be.pxl.services.services.CommentService - Creating new comment
2025-01-07T14:53:53.037+0100 INFO               [main]                         be.pxl.services.services.CommentService - Comment created successfully: Content 1
2025-01-07T14:53:53.038+0100 INFO               [main]                         be.pxl.services.controller.CommentController - Creating new comment
2025-01-07T14:53:53.042+0100 INFO               [main]                         be.pxl.services.services.CommentService - Creating new comment
2025-01-07T14:53:53.074+0100 INFO               [main]                         be.pxl.services.services.CommentService - Comment created successfully: Content 2
2025-01-07T14:53:53.075+0100 INFO               [main]                         be.pxl.services.controller.CommentController - Creating new comment
2025-01-07T14:53:53.081+0100 INFO               [main]                         be.pxl.services.services.CommentService - Getting comments for post with id: 1
2025-01-07T14:53:53.152+0100 INFO               [main]                         be.pxl.services.controller.CommentController - Getting comments for post with id: 1
2025-01-07T14:53:53.342+0100 INFO               [main]                         be.pxl.services.services.CommentService - Creating new comment
2025-01-07T14:53:53.376+0100 INFO               [main]                         be.pxl.services.services.CommentService - Comment created successfully: Content 1
2025-01-07T14:53:53.376+0100 INFO               [main]                         be.pxl.services.controller.CommentController - Creating new comment
2025-01-07T14:53:53.476+0100 INFO               [main]                         be.pxl.services.services.CommentService - Creating new comment
2025-01-07T14:53:53.508+0100 INFO               [main]                         be.pxl.services.services.CommentService - Comment created successfully: Content 1
2025-01-07T14:53:53.509+0100 INFO               [main]                         be.pxl.services.controller.CommentController - Creating new comment
2025-01-07T14:53:53.515+0100 INFO               [main]                         be.pxl.services.services.CommentService - Creating new comment
2025-01-07T14:53:53.548+0100 INFO               [main]                         be.pxl.services.services.CommentService - Comment created successfully: Content 2
2025-01-07T14:53:53.549+0100 INFO               [main]                         be.pxl.services.controller.CommentController - Creating new comment
2025-01-07T14:53:53.553+0100 INFO               [main]                         be.pxl.services.services.CommentService - Getting all comments
2025-01-07T14:53:53.577+0100 INFO               [main]                         be.pxl.services.controller.CommentController - Getting all comments
2025-01-07T15:10:04.614+0100 INFO               [main]                         be.pxl.services.CommentServiceApplicationTest - Starting CommentServiceApplicationTest using Java 21.0.4 with PID 24300 (started by MechaCoder in C:\Users\MechaCoder\Documents\2-3 TIN Sem 1\Fullstack Java\project-YA-Amzil\backend-java\NewsPublishSystem\comment-service)
2025-01-07T15:10:04.617+0100 DEBUG              [main]                         be.pxl.services.CommentServiceApplicationTest - Running with Spring Boot v3.3.4, Spring v6.1.13
2025-01-07T15:10:04.620+0100 INFO               [main]                         be.pxl.services.CommentServiceApplicationTest - No active profile set, falling back to 1 default profile: "default"
2025-01-07T15:10:21.278+0100 INFO               [main]                         be.pxl.services.CommentServiceApplicationTest - Started CommentServiceApplicationTest in 20.368 seconds (process running for 76.336)
2025-01-07T15:10:23.624+0100 INFO               [main]                         be.pxl.services.services.CommentService - Creating new comment
2025-01-07T15:10:23.821+0100 INFO               [main]                         be.pxl.services.services.CommentService - Comment created successfully: Content 1
2025-01-07T15:10:23.822+0100 INFO               [main]                         be.pxl.services.controller.CommentController - Creating new comment
2025-01-07T15:10:23.934+0100 INFO               [main]                         be.pxl.services.services.CommentService - Updating comment with id: 1
2025-01-07T15:10:24.057+0100 INFO               [main]                         be.pxl.services.services.CommentService - Comment updated successfully: Updated Content
2025-01-07T15:10:24.059+0100 INFO               [main]                         be.pxl.services.controller.CommentController - Updating comment with id: 1
2025-01-07T15:10:24.206+0100 INFO               [main]                         be.pxl.services.services.CommentService - Updating comment with id: 999
2025-01-07T15:10:24.321+0100 INFO               [main]                         be.pxl.services.services.CommentService - Creating new comment
2025-01-07T15:10:24.391+0100 INFO               [main]                         be.pxl.services.services.CommentService - Comment created successfully: Content 1
2025-01-07T15:10:24.391+0100 INFO               [main]                         be.pxl.services.controller.CommentController - Creating new comment
2025-01-07T15:10:24.497+0100 INFO               [main]                         be.pxl.services.services.CommentService - Deleting comment with id: 2
2025-01-07T15:10:24.574+0100 INFO               [main]                         be.pxl.services.controller.CommentController - Deleting comment with id: 2
2025-01-07T15:10:24.659+0100 INFO               [main]                         be.pxl.services.services.CommentService - Creating new comment
2025-01-07T15:10:24.696+0100 INFO               [main]                         be.pxl.services.services.CommentService - Comment created successfully: Content 1
2025-01-07T15:10:24.697+0100 INFO               [main]                         be.pxl.services.controller.CommentController - Creating new comment
2025-01-07T15:10:24.707+0100 INFO               [main]                         be.pxl.services.services.CommentService - Creating new comment
2025-01-07T15:10:24.744+0100 INFO               [main]                         be.pxl.services.services.CommentService - Comment created successfully: Content 2
2025-01-07T15:10:24.745+0100 INFO               [main]                         be.pxl.services.controller.CommentController - Creating new comment
2025-01-07T15:10:24.756+0100 INFO               [main]                         be.pxl.services.services.CommentService - Getting comments for post with id: 1
2025-01-07T15:10:24.818+0100 INFO               [main]                         be.pxl.services.controller.CommentController - Getting comments for post with id: 1
2025-01-07T15:10:25.093+0100 INFO               [main]                         be.pxl.services.services.CommentService - Creating new comment
2025-01-07T15:10:25.139+0100 INFO               [main]                         be.pxl.services.services.CommentService - Comment created successfully: Content 1
2025-01-07T15:10:25.140+0100 INFO               [main]                         be.pxl.services.controller.CommentController - Creating new comment
2025-01-07T15:10:25.275+0100 INFO               [main]                         be.pxl.services.services.CommentService - Creating new comment
2025-01-07T15:10:25.334+0100 INFO               [main]                         be.pxl.services.services.CommentService - Comment created successfully: Content 1
2025-01-07T15:10:25.335+0100 INFO               [main]                         be.pxl.services.controller.CommentController - Creating new comment
2025-01-07T15:10:25.345+0100 INFO               [main]                         be.pxl.services.services.CommentService - Creating new comment
2025-01-07T15:10:25.391+0100 INFO               [main]                         be.pxl.services.services.CommentService - Comment created successfully: Content 2
2025-01-07T15:10:25.391+0100 INFO               [main]                         be.pxl.services.controller.CommentController - Creating new comment
2025-01-07T15:10:25.396+0100 INFO               [main]                         be.pxl.services.services.CommentService - Getting all comments
2025-01-07T15:10:25.533+0100 INFO               [main]                         be.pxl.services.controller.CommentController - Getting all comments
2025-01-07T15:18:40.887+0100 INFO               [main]                         be.pxl.services.CommentServiceApplicationTest - Starting CommentServiceApplicationTest using Java 21.0.4 with PID 4404 (started by MechaCoder in C:\Users\MechaCoder\Documents\2-3 TIN Sem 1\Fullstack Java\project-YA-Amzil\backend-java\NewsPublishSystem\comment-service)
2025-01-07T15:18:40.891+0100 DEBUG              [main]                         be.pxl.services.CommentServiceApplicationTest - Running with Spring Boot v3.3.4, Spring v6.1.13
2025-01-07T15:18:40.894+0100 INFO               [main]                         be.pxl.services.CommentServiceApplicationTest - No active profile set, falling back to 1 default profile: "default"
2025-01-07T15:18:58.048+0100 INFO               [main]                         be.pxl.services.CommentServiceApplicationTest - Started CommentServiceApplicationTest in 21.779 seconds (process running for 72.432)
2025-01-07T15:19:00.187+0100 INFO               [main]                         be.pxl.services.services.CommentService - Creating new comment
2025-01-07T15:19:00.441+0100 INFO               [main]                         be.pxl.services.services.CommentService - Comment created successfully: Content 1
2025-01-07T15:19:00.443+0100 INFO               [main]                         be.pxl.services.controller.CommentController - Creating new comment
2025-01-07T15:19:00.623+0100 INFO               [main]                         be.pxl.services.services.CommentService - Updating comment with id: 1
2025-01-07T15:19:00.843+0100 INFO               [main]                         be.pxl.services.services.CommentService - Comment updated successfully: Updated Content
2025-01-07T15:19:00.846+0100 INFO               [main]                         be.pxl.services.controller.CommentController - Updating comment with id: 1
2025-01-07T15:19:01.178+0100 INFO               [main]                         be.pxl.services.services.CommentService - Updating comment with id: 999
2025-01-07T15:19:01.695+0100 INFO               [main]                         be.pxl.services.services.CommentService - Creating new comment
2025-01-07T15:19:01.778+0100 INFO               [main]                         be.pxl.services.services.CommentService - Comment created successfully: Content 1
2025-01-07T15:19:01.779+0100 INFO               [main]                         be.pxl.services.controller.CommentController - Creating new comment
2025-01-07T15:19:01.825+0100 INFO               [main]                         be.pxl.services.services.CommentService - Deleting comment with id: 2
2025-01-07T15:19:01.927+0100 INFO               [main]                         be.pxl.services.controller.CommentController - Deleting comment with id: 2
2025-01-07T15:19:02.044+0100 INFO               [main]                         be.pxl.services.services.CommentService - Creating new comment
2025-01-07T15:19:02.110+0100 INFO               [main]                         be.pxl.services.services.CommentService - Comment created successfully: Content 1
2025-01-07T15:19:02.110+0100 INFO               [main]                         be.pxl.services.controller.CommentController - Creating new comment
2025-01-07T15:19:02.119+0100 INFO               [main]                         be.pxl.services.services.CommentService - Creating new comment
2025-01-07T15:19:02.165+0100 INFO               [main]                         be.pxl.services.services.CommentService - Comment created successfully: Content 2
2025-01-07T15:19:02.166+0100 INFO               [main]                         be.pxl.services.controller.CommentController - Creating new comment
2025-01-07T15:19:02.172+0100 INFO               [main]                         be.pxl.services.services.CommentService - Getting comments for post with id: 1
2025-01-07T15:19:02.257+0100 INFO               [main]                         be.pxl.services.controller.CommentController - Getting comments for post with id: 1
2025-01-07T15:19:02.691+0100 INFO               [main]                         be.pxl.services.services.CommentService - Creating new comment
2025-01-07T15:19:02.774+0100 INFO               [main]                         be.pxl.services.services.CommentService - Comment created successfully: Content 1
2025-01-07T15:19:02.774+0100 INFO               [main]                         be.pxl.services.controller.CommentController - Creating new comment
2025-01-07T15:19:03.038+0100 INFO               [main]                         be.pxl.services.services.CommentService - Creating new comment
2025-01-07T15:19:03.101+0100 INFO               [main]                         be.pxl.services.services.CommentService - Comment created successfully: Content 1
2025-01-07T15:19:03.101+0100 INFO               [main]                         be.pxl.services.controller.CommentController - Creating new comment
2025-01-07T15:19:03.112+0100 INFO               [main]                         be.pxl.services.services.CommentService - Creating new comment
2025-01-07T15:19:03.168+0100 INFO               [main]                         be.pxl.services.services.CommentService - Comment created successfully: Content 2
2025-01-07T15:19:03.170+0100 INFO               [main]                         be.pxl.services.controller.CommentController - Creating new comment
2025-01-07T15:19:03.176+0100 INFO               [main]                         be.pxl.services.services.CommentService - Getting all comments
2025-01-07T15:19:03.212+0100 INFO               [main]                         be.pxl.services.controller.CommentController - Getting all comments
2025-01-07T15:36:50.167+0100 INFO               [main]                         be.pxl.services.CommentServiceApplicationTest - Starting CommentServiceApplicationTest using Java 21.0.4 with PID 14756 (started by MechaCoder in C:\Users\MechaCoder\Documents\2-3 TIN Sem 1\Fullstack Java\project-YA-Amzil\backend-java\NewsPublishSystem\comment-service)
2025-01-07T15:36:50.174+0100 DEBUG              [main]                         be.pxl.services.CommentServiceApplicationTest - Running with Spring Boot v3.3.4, Spring v6.1.13
2025-01-07T15:36:50.177+0100 INFO               [main]                         be.pxl.services.CommentServiceApplicationTest - No active profile set, falling back to 1 default profile: "default"
2025-01-07T15:37:06.324+0100 INFO               [main]                         be.pxl.services.CommentServiceApplicationTest - Started CommentServiceApplicationTest in 20.198 seconds (process running for 71.615)
2025-01-07T15:37:09.184+0100 INFO               [main]                         be.pxl.services.services.CommentService - Creating new comment
2025-01-07T15:37:09.422+0100 INFO               [main]                         be.pxl.services.services.CommentService - Comment created successfully: Content 1
2025-01-07T15:37:09.423+0100 INFO               [main]                         be.pxl.services.controller.CommentController - Creating new comment
2025-01-07T15:37:09.518+0100 INFO               [main]                         be.pxl.services.services.CommentService - Updating comment with id: 1
2025-01-07T15:37:09.640+0100 INFO               [main]                         be.pxl.services.services.CommentService - Comment updated successfully: Updated Content
2025-01-07T15:37:09.646+0100 INFO               [main]                         be.pxl.services.controller.CommentController - Updating comment with id: 1
2025-01-07T15:37:09.847+0100 INFO               [main]                         be.pxl.services.services.CommentService - Updating comment with id: 999
2025-01-07T15:37:10.064+0100 INFO               [main]                         be.pxl.services.services.CommentService - Creating new comment
2025-01-07T15:37:10.244+0100 INFO               [main]                         be.pxl.services.services.CommentService - Comment created successfully: Content 1
2025-01-07T15:37:10.249+0100 INFO               [main]                         be.pxl.services.controller.CommentController - Creating new comment
2025-01-07T15:37:10.291+0100 INFO               [main]                         be.pxl.services.services.CommentService - Deleting comment with id: 2
2025-01-07T15:37:10.385+0100 INFO               [main]                         be.pxl.services.controller.CommentController - Deleting comment with id: 2
2025-01-07T15:37:10.494+0100 INFO               [main]                         be.pxl.services.services.CommentService - Creating new comment
2025-01-07T15:37:10.533+0100 INFO               [main]                         be.pxl.services.services.CommentService - Comment created successfully: Content 1
2025-01-07T15:37:10.538+0100 INFO               [main]                         be.pxl.services.controller.CommentController - Creating new comment
2025-01-07T15:37:10.544+0100 INFO               [main]                         be.pxl.services.services.CommentService - Creating new comment
2025-01-07T15:37:10.586+0100 INFO               [main]                         be.pxl.services.services.CommentService - Comment created successfully: Content 2
2025-01-07T15:37:10.586+0100 INFO               [main]                         be.pxl.services.controller.CommentController - Creating new comment
2025-01-07T15:37:10.593+0100 INFO               [main]                         be.pxl.services.services.CommentService - Getting comments for post with id: 1
2025-01-07T15:37:10.705+0100 INFO               [main]                         be.pxl.services.controller.CommentController - Getting comments for post with id: 1
2025-01-07T15:37:11.090+0100 INFO               [main]                         be.pxl.services.services.CommentService - Creating new comment
2025-01-07T15:37:11.122+0100 INFO               [main]                         be.pxl.services.services.CommentService - Comment created successfully: Content 1
2025-01-07T15:37:11.123+0100 INFO               [main]                         be.pxl.services.controller.CommentController - Creating new comment
2025-01-07T15:37:11.246+0100 INFO               [main]                         be.pxl.services.services.CommentService - Creating new comment
2025-01-07T15:37:11.290+0100 INFO               [main]                         be.pxl.services.services.CommentService - Comment created successfully: Content 1
2025-01-07T15:37:11.290+0100 INFO               [main]                         be.pxl.services.controller.CommentController - Creating new comment
2025-01-07T15:37:11.298+0100 INFO               [main]                         be.pxl.services.services.CommentService - Creating new comment
2025-01-07T15:37:11.330+0100 INFO               [main]                         be.pxl.services.services.CommentService - Comment created successfully: Content 2
2025-01-07T15:37:11.332+0100 INFO               [main]                         be.pxl.services.controller.CommentController - Creating new comment
2025-01-07T15:37:11.336+0100 INFO               [main]                         be.pxl.services.services.CommentService - Getting all comments
2025-01-07T15:37:11.366+0100 INFO               [main]                         be.pxl.services.controller.CommentController - Getting all comments
2025-01-07T15:44:00.142+0100 INFO               [main]                         be.pxl.services.CommentServiceApplicationTest - Starting CommentServiceApplicationTest using Java 21.0.4 with PID 4944 (started by MechaCoder in C:\Users\MechaCoder\Documents\2-3 TIN Sem 1\Fullstack Java\project-YA-Amzil\backend-java\NewsPublishSystem\comment-service)
2025-01-07T15:44:00.145+0100 DEBUG              [main]                         be.pxl.services.CommentServiceApplicationTest - Running with Spring Boot v3.3.4, Spring v6.1.13
2025-01-07T15:44:00.146+0100 INFO               [main]                         be.pxl.services.CommentServiceApplicationTest - No active profile set, falling back to 1 default profile: "default"
2025-01-07T15:44:14.595+0100 INFO               [main]                         be.pxl.services.CommentServiceApplicationTest - Started CommentServiceApplicationTest in 16.354 seconds (process running for 59.018)
2025-01-07T15:44:17.182+0100 INFO               [main]                         be.pxl.services.services.CommentService - Creating new comment
2025-01-07T15:44:17.522+0100 INFO               [main]                         be.pxl.services.services.CommentService - Comment created successfully: Content 1
2025-01-07T15:44:17.522+0100 INFO               [main]                         be.pxl.services.controller.CommentController - Creating new comment
2025-01-07T15:44:17.672+0100 INFO               [main]                         be.pxl.services.services.CommentService - Updating comment with id: 1
2025-01-07T15:44:17.918+0100 INFO               [main]                         be.pxl.services.services.CommentService - Comment updated successfully: Updated Content
2025-01-07T15:44:17.928+0100 INFO               [main]                         be.pxl.services.controller.CommentController - Updating comment with id: 1
2025-01-07T15:44:18.267+0100 INFO               [main]                         be.pxl.services.services.CommentService - Updating comment with id: 999
2025-01-07T15:44:18.422+0100 INFO               [main]                         be.pxl.services.services.CommentService - Creating new comment
2025-01-07T15:44:18.513+0100 INFO               [main]                         be.pxl.services.services.CommentService - Comment created successfully: Content 1
2025-01-07T15:44:18.514+0100 INFO               [main]                         be.pxl.services.controller.CommentController - Creating new comment
2025-01-07T15:44:18.568+0100 INFO               [main]                         be.pxl.services.services.CommentService - Deleting comment with id: 2
2025-01-07T15:44:18.647+0100 INFO               [main]                         be.pxl.services.controller.CommentController - Deleting comment with id: 2
2025-01-07T15:44:18.833+0100 INFO               [main]                         be.pxl.services.services.CommentService - Creating new comment
2025-01-07T15:44:18.918+0100 INFO               [main]                         be.pxl.services.services.CommentService - Comment created successfully: Content 1
2025-01-07T15:44:18.918+0100 INFO               [main]                         be.pxl.services.controller.CommentController - Creating new comment
2025-01-07T15:44:18.927+0100 INFO               [main]                         be.pxl.services.services.CommentService - Creating new comment
2025-01-07T15:44:19.085+0100 INFO               [main]                         be.pxl.services.services.CommentService - Comment created successfully: Content 2
2025-01-07T15:44:19.089+0100 INFO               [main]                         be.pxl.services.controller.CommentController - Creating new comment
2025-01-07T15:44:19.096+0100 INFO               [main]                         be.pxl.services.services.CommentService - Getting comments for post with id: 1
2025-01-07T15:44:19.189+0100 INFO               [main]                         be.pxl.services.controller.CommentController - Getting comments for post with id: 1
2025-01-07T15:44:19.489+0100 INFO               [main]                         be.pxl.services.services.CommentService - Creating new comment
2025-01-07T15:44:19.543+0100 INFO               [main]                         be.pxl.services.services.CommentService - Comment created successfully: Content 1
2025-01-07T15:44:19.545+0100 INFO               [main]                         be.pxl.services.controller.CommentController - Creating new comment
2025-01-07T15:44:19.725+0100 INFO               [main]                         be.pxl.services.services.CommentService - Creating new comment
2025-01-07T15:44:19.766+0100 INFO               [main]                         be.pxl.services.services.CommentService - Comment created successfully: Content 1
2025-01-07T15:44:19.767+0100 INFO               [main]                         be.pxl.services.controller.CommentController - Creating new comment
2025-01-07T15:44:19.775+0100 INFO               [main]                         be.pxl.services.services.CommentService - Creating new comment
2025-01-07T15:44:19.818+0100 INFO               [main]                         be.pxl.services.services.CommentService - Comment created successfully: Content 2
2025-01-07T15:44:19.819+0100 INFO               [main]                         be.pxl.services.controller.CommentController - Creating new comment
2025-01-07T15:44:19.825+0100 INFO               [main]                         be.pxl.services.services.CommentService - Getting all comments
2025-01-07T15:44:19.854+0100 INFO               [main]                         be.pxl.services.controller.CommentController - Getting all comments
2025-01-07T16:08:16.885+0100 INFO               [main]                         be.pxl.services.CommentServiceApplicationTest - Starting CommentServiceApplicationTest using Java 21.0.4 with PID 16352 (started by MechaCoder in C:\Users\MechaCoder\Documents\2-3 TIN Sem 1\Fullstack Java\project-YA-Amzil\backend-java\NewsPublishSystem\comment-service)
2025-01-07T16:08:16.889+0100 DEBUG              [main]                         be.pxl.services.CommentServiceApplicationTest - Running with Spring Boot v3.3.4, Spring v6.1.13
2025-01-07T16:08:16.892+0100 INFO               [main]                         be.pxl.services.CommentServiceApplicationTest - No active profile set, falling back to 1 default profile: "default"
2025-01-07T16:08:41.690+0100 INFO               [main]                         be.pxl.services.CommentServiceApplicationTest - Started CommentServiceApplicationTest in 31.909 seconds (process running for 120.051)
2025-01-07T16:08:44.947+0100 INFO               [main]                         be.pxl.services.services.CommentService - Creating new comment
2025-01-07T16:08:45.155+0100 INFO               [main]                         be.pxl.services.services.CommentService - Comment created successfully: Content 1
2025-01-07T16:08:45.155+0100 INFO               [main]                         be.pxl.services.controller.CommentController - Creating new comment
2025-01-07T16:08:45.242+0100 INFO               [main]                         be.pxl.services.services.CommentService - Updating comment with id: 1
2025-01-07T16:08:45.381+0100 INFO               [main]                         be.pxl.services.services.CommentService - Comment updated successfully: Updated Content
2025-01-07T16:08:45.387+0100 INFO               [main]                         be.pxl.services.controller.CommentController - Updating comment with id: 1
2025-01-07T16:08:45.593+0100 INFO               [main]                         be.pxl.services.services.CommentService - Updating comment with id: 999
2025-01-07T16:08:45.742+0100 INFO               [main]                         be.pxl.services.services.CommentService - Creating new comment
2025-01-07T16:08:45.830+0100 INFO               [main]                         be.pxl.services.services.CommentService - Comment created successfully: Content 1
2025-01-07T16:08:45.831+0100 INFO               [main]                         be.pxl.services.controller.CommentController - Creating new comment
2025-01-07T16:08:45.943+0100 INFO               [main]                         be.pxl.services.services.CommentService - Deleting comment with id: 2
2025-01-07T16:08:46.046+0100 INFO               [main]                         be.pxl.services.controller.CommentController - Deleting comment with id: 2
2025-01-07T16:08:46.426+0100 INFO               [main]                         be.pxl.services.services.CommentService - Creating new comment
2025-01-07T16:08:46.534+0100 INFO               [main]                         be.pxl.services.services.CommentService - Comment created successfully: Content 1
2025-01-07T16:08:46.535+0100 INFO               [main]                         be.pxl.services.controller.CommentController - Creating new comment
2025-01-07T16:08:46.542+0100 INFO               [main]                         be.pxl.services.services.CommentService - Creating new comment
2025-01-07T16:08:46.767+0100 INFO               [main]                         be.pxl.services.services.CommentService - Comment created successfully: Content 2
2025-01-07T16:08:46.767+0100 INFO               [main]                         be.pxl.services.controller.CommentController - Creating new comment
2025-01-07T16:08:46.774+0100 INFO               [main]                         be.pxl.services.services.CommentService - Getting comments for post with id: 1
2025-01-07T16:08:46.926+0100 INFO               [main]                         be.pxl.services.controller.CommentController - Getting comments for post with id: 1
2025-01-07T16:08:47.604+0100 INFO               [main]                         be.pxl.services.services.CommentService - Creating new comment
2025-01-07T16:08:47.674+0100 INFO               [main]                         be.pxl.services.services.CommentService - Comment created successfully: Content 1
2025-01-07T16:08:47.675+0100 INFO               [main]                         be.pxl.services.controller.CommentController - Creating new comment
2025-01-07T16:08:47.921+0100 INFO               [main]                         be.pxl.services.services.CommentService - Creating new comment
2025-01-07T16:08:47.965+0100 INFO               [main]                         be.pxl.services.services.CommentService - Comment created successfully: Content 1
2025-01-07T16:08:47.966+0100 INFO               [main]                         be.pxl.services.controller.CommentController - Creating new comment
2025-01-07T16:08:47.973+0100 INFO               [main]                         be.pxl.services.services.CommentService - Creating new comment
2025-01-07T16:08:48.015+0100 INFO               [main]                         be.pxl.services.services.CommentService - Comment created successfully: Content 2
2025-01-07T16:08:48.016+0100 INFO               [main]                         be.pxl.services.controller.CommentController - Creating new comment
2025-01-07T16:08:48.020+0100 INFO               [main]                         be.pxl.services.services.CommentService - Getting all comments
2025-01-07T16:08:48.051+0100 INFO               [main]                         be.pxl.services.controller.CommentController - Getting all comments
2025-01-07T16:13:09.003+0100 INFO               [main]                         be.pxl.services.CommentServiceApplicationTest - Starting CommentServiceApplicationTest using Java 21.0.4 with PID 13864 (started by MechaCoder in C:\Users\MechaCoder\Documents\2-3 TIN Sem 1\Fullstack Java\project-YA-Amzil\backend-java\NewsPublishSystem\comment-service)
2025-01-07T16:13:09.006+0100 DEBUG              [main]                         be.pxl.services.CommentServiceApplicationTest - Running with Spring Boot v3.3.4, Spring v6.1.13
2025-01-07T16:13:09.009+0100 INFO               [main]                         be.pxl.services.CommentServiceApplicationTest - No active profile set, falling back to 1 default profile: "default"
2025-01-07T16:13:31.507+0100 INFO               [main]                         be.pxl.services.CommentServiceApplicationTest - Started CommentServiceApplicationTest in 26.055 seconds (process running for 78.519)
2025-01-07T16:13:34.010+0100 INFO               [main]                         be.pxl.services.services.CommentService - Creating new comment
2025-01-07T16:13:34.200+0100 INFO               [main]                         be.pxl.services.services.CommentService - Comment created successfully: Content 1
2025-01-07T16:13:34.201+0100 INFO               [main]                         be.pxl.services.controller.CommentController - Creating new comment
2025-01-07T16:13:34.285+0100 INFO               [main]                         be.pxl.services.services.CommentService - Updating comment with id: 1
2025-01-07T16:13:34.407+0100 INFO               [main]                         be.pxl.services.services.CommentService - Comment updated successfully: Updated Content
2025-01-07T16:13:34.411+0100 INFO               [main]                         be.pxl.services.controller.CommentController - Updating comment with id: 1
2025-01-07T16:13:34.593+0100 INFO               [main]                         be.pxl.services.services.CommentService - Updating comment with id: 999
2025-01-07T16:13:34.707+0100 INFO               [main]                         be.pxl.services.services.CommentService - Creating new comment
2025-01-07T16:13:34.756+0100 INFO               [main]                         be.pxl.services.services.CommentService - Comment created successfully: Content 1
2025-01-07T16:13:34.756+0100 INFO               [main]                         be.pxl.services.controller.CommentController - Creating new comment
2025-01-07T16:13:34.801+0100 INFO               [main]                         be.pxl.services.services.CommentService - Deleting comment with id: 2
2025-01-07T16:13:34.849+0100 INFO               [main]                         be.pxl.services.controller.CommentController - Deleting comment with id: 2
2025-01-07T16:13:34.903+0100 INFO               [main]                         be.pxl.services.services.CommentService - Creating new comment
2025-01-07T16:13:34.940+0100 INFO               [main]                         be.pxl.services.services.CommentService - Comment created successfully: Content 1
2025-01-07T16:13:34.940+0100 INFO               [main]                         be.pxl.services.controller.CommentController - Creating new comment
2025-01-07T16:13:34.946+0100 INFO               [main]                         be.pxl.services.services.CommentService - Creating new comment
2025-01-07T16:13:34.977+0100 INFO               [main]                         be.pxl.services.services.CommentService - Comment created successfully: Content 2
2025-01-07T16:13:34.978+0100 INFO               [main]                         be.pxl.services.controller.CommentController - Creating new comment
2025-01-07T16:13:34.983+0100 INFO               [main]                         be.pxl.services.services.CommentService - Getting comments for post with id: 1
2025-01-07T16:13:35.065+0100 INFO               [main]                         be.pxl.services.controller.CommentController - Getting comments for post with id: 1
2025-01-07T16:13:35.535+0100 INFO               [main]                         be.pxl.services.services.CommentService - Creating new comment
2025-01-07T16:13:35.740+0100 INFO               [main]                         be.pxl.services.services.CommentService - Comment created successfully: Content 1
2025-01-07T16:13:35.741+0100 INFO               [main]                         be.pxl.services.controller.CommentController - Creating new comment
2025-01-07T16:13:36.026+0100 INFO               [main]                         be.pxl.services.services.CommentService - Creating new comment
2025-01-07T16:13:36.156+0100 INFO               [main]                         be.pxl.services.services.CommentService - Comment created successfully: Content 1
2025-01-07T16:13:36.156+0100 INFO               [main]                         be.pxl.services.controller.CommentController - Creating new comment
2025-01-07T16:13:36.164+0100 INFO               [main]                         be.pxl.services.services.CommentService - Creating new comment
2025-01-07T16:13:36.272+0100 INFO               [main]                         be.pxl.services.services.CommentService - Comment created successfully: Content 2
2025-01-07T16:13:36.273+0100 INFO               [main]                         be.pxl.services.controller.CommentController - Creating new comment
2025-01-07T16:13:36.277+0100 INFO               [main]                         be.pxl.services.services.CommentService - Getting all comments
2025-01-07T16:13:36.336+0100 INFO               [main]                         be.pxl.services.controller.CommentController - Getting all comments
