2025-01-04T14:11:16.777+0100 INFO               [main]                         be.pxl.services.PostServiceApplicationTest - Starting PostServiceApplicationTest using Java 21.0.4 with PID 24044 (started by MechaCoder in C:\Users\MechaCoder\Documents\2-3 TIN Sem 1\Fullstack Java\project-YA-Amzil\backend-java\NewsPublishSystem\post-service)
2025-01-04T14:11:16.780+0100 DEBUG              [main]                         be.pxl.services.PostServiceApplicationTest - Running with Spring Boot v3.3.4, Spring v6.1.13
2025-01-04T14:11:16.781+0100 INFO               [main]                         be.pxl.services.PostServiceApplicationTest - No active profile set, falling back to 1 default profile: "default"
2025-01-04T14:11:27.464+0100 INFO               [main]                         be.pxl.services.PostServiceApplicationTest - Started PostServiceApplicationTest in 12.24 seconds (process running for 51.946)
2025-01-04T14:12:40.891+0100 INFO               [main]                         be.pxl.services.PostServiceApplicationTest - Starting PostServiceApplicationTest using Java 21.0.4 with PID 18376 (started by MechaCoder in C:\Users\MechaCoder\Documents\2-3 TIN Sem 1\Fullstack Java\project-YA-Amzil\backend-java\NewsPublishSystem\post-service)
2025-01-04T14:12:40.892+0100 DEBUG              [main]                         be.pxl.services.PostServiceApplicationTest - Running with Spring Boot v3.3.4, Spring v6.1.13
2025-01-04T14:12:40.893+0100 INFO               [main]                         be.pxl.services.PostServiceApplicationTest - No active profile set, falling back to 1 default profile: "default"
2025-01-04T14:12:49.780+0100 INFO               [main]                         be.pxl.services.PostServiceApplicationTest - Started PostServiceApplicationTest in 10.248 seconds (process running for 47.341)
2025-01-04T14:24:34.007+0100 INFO               [main]                         be.pxl.services.PostServiceApplicationTest - Starting PostServiceApplicationTest using Java 21.0.4 with PID 5420 (started by MechaCoder in C:\Users\MechaCoder\Documents\2-3 TIN Sem 1\Fullstack Java\project-YA-Amzil\backend-java\NewsPublishSystem\post-service)
2025-01-04T14:24:34.013+0100 DEBUG              [main]                         be.pxl.services.PostServiceApplicationTest - Running with Spring Boot v3.3.4, Spring v6.1.13
2025-01-04T14:24:34.015+0100 INFO               [main]                         be.pxl.services.PostServiceApplicationTest - No active profile set, falling back to 1 default profile: "default"
2025-01-04T14:24:56.169+0100 INFO               [main]                         be.pxl.services.PostServiceApplicationTest - Started PostServiceApplicationTest in 24.876 seconds (process running for 85.524)
2025-01-04T14:30:08.234+0100 INFO               [main]                         be.pxl.services.PostServiceApplicationTest - Starting PostServiceApplicationTest using Java 21.0.4 with PID 23496 (started by MechaCoder in C:\Users\MechaCoder\Documents\2-3 TIN Sem 1\Fullstack Java\project-YA-Amzil\backend-java\NewsPublishSystem\post-service)
2025-01-04T14:30:08.237+0100 DEBUG              [main]                         be.pxl.services.PostServiceApplicationTest - Running with Spring Boot v3.3.4, Spring v6.1.13
2025-01-04T14:30:08.238+0100 INFO               [main]                         be.pxl.services.PostServiceApplicationTest - No active profile set, falling back to 1 default profile: "default"
2025-01-04T14:30:19.371+0100 INFO               [main]                         be.pxl.services.PostServiceApplicationTest - Started PostServiceApplicationTest in 12.769 seconds (process running for 62.842)
2025-01-04T14:30:20.783+0100 INFO               [main]                         be.pxl.services.services.PostService - Creating new post
2025-01-04T14:30:20.928+0100 INFO               [main]                         be.pxl.services.services.PostService - Post created successfully: Title 1
2025-01-04T14:30:20.928+0100 INFO               [main]                         be.pxl.services.controller.PostController - Creating new post
2025-01-04T14:30:20.986+0100 INFO               [main]                         be.pxl.services.services.PostService - Updating post with id: 1
2025-01-04T14:30:21.069+0100 INFO               [main]                         be.pxl.services.services.PostService - Post updated successfully: Updated Title
2025-01-04T14:30:21.070+0100 INFO               [main]                         be.pxl.services.controller.PostController - Updating post with id: 1
2025-01-04T14:30:21.304+0100 INFO               [main]                         be.pxl.services.services.PostService - Creating new post
2025-01-04T14:30:21.332+0100 INFO               [main]                         be.pxl.services.services.PostService - Post created successfully: Title 1
2025-01-04T14:30:21.332+0100 INFO               [main]                         be.pxl.services.controller.PostController - Creating new post
2025-01-04T14:30:21.415+0100 INFO               [main]                         be.pxl.services.services.PostService - Creating new post
2025-01-04T14:30:21.442+0100 INFO               [main]                         be.pxl.services.services.PostService - Post created successfully: Title 1
2025-01-04T14:30:21.443+0100 INFO               [main]                         be.pxl.services.controller.PostController - Creating new post
2025-01-04T14:30:21.465+0100 INFO               [main]                         be.pxl.services.services.PostService - Getting post with id: 3
2025-01-04T14:30:21.481+0100 INFO               [main]                         be.pxl.services.controller.PostController - Getting post with id: 3
2025-01-04T14:30:21.530+0100 INFO               [main]                         be.pxl.services.services.PostService - Creating new post
2025-01-04T14:30:21.563+0100 INFO               [main]                         be.pxl.services.services.PostService - Post created successfully: Title 1
2025-01-04T14:30:21.564+0100 INFO               [main]                         be.pxl.services.controller.PostController - Creating new post
2025-01-04T14:30:21.570+0100 INFO               [main]                         be.pxl.services.services.PostService - Creating new post
2025-01-04T14:30:21.600+0100 INFO               [main]                         be.pxl.services.services.PostService - Post created successfully: Title 2
2025-01-04T14:30:21.601+0100 INFO               [main]                         be.pxl.services.controller.PostController - Creating new post
2025-01-04T14:30:21.604+0100 INFO               [main]                         be.pxl.services.services.PostService - Getting all posts
2025-01-04T14:30:21.621+0100 INFO               [main]                         be.pxl.services.controller.PostController - Getting all posts
2025-01-04T14:45:10.918+0100 INFO               [main]                         be.pxl.services.PostServiceApplicationTest - Starting PostServiceApplicationTest using Java 21.0.4 with PID 7524 (started by MechaCoder in C:\Users\MechaCoder\Documents\2-3 TIN Sem 1\Fullstack Java\project-YA-Amzil\backend-java\NewsPublishSystem\post-service)
2025-01-04T14:45:10.922+0100 DEBUG              [main]                         be.pxl.services.PostServiceApplicationTest - Running with Spring Boot v3.3.4, Spring v6.1.13
2025-01-04T14:45:10.924+0100 INFO               [main]                         be.pxl.services.PostServiceApplicationTest - No active profile set, falling back to 1 default profile: "default"
2025-01-04T14:45:19.669+0100 INFO               [main]                         be.pxl.services.PostServiceApplicationTest - Started PostServiceApplicationTest in 10.274 seconds (process running for 45.888)
2025-01-04T14:45:20.813+0100 INFO               [main]                         be.pxl.services.services.PostService - Creating new post
2025-01-04T14:45:20.889+0100 INFO               [main]                         be.pxl.services.services.PostService - Post created successfully: Title 1
2025-01-04T14:45:20.889+0100 INFO               [main]                         be.pxl.services.controller.PostController - Creating new post
2025-01-04T14:45:20.930+0100 INFO               [main]                         be.pxl.services.services.PostService - Updating post with id: 1
2025-01-04T14:45:21.013+0100 INFO               [main]                         be.pxl.services.services.PostService - Post updated successfully: Updated Title
2025-01-04T14:45:21.014+0100 INFO               [main]                         be.pxl.services.controller.PostController - Updating post with id: 1
2025-01-04T14:45:21.176+0100 INFO               [main]                         be.pxl.services.services.PostService - Creating new post
2025-01-04T14:45:21.196+0100 INFO               [main]                         be.pxl.services.services.PostService - Post created successfully: Title 1
2025-01-04T14:45:21.196+0100 INFO               [main]                         be.pxl.services.controller.PostController - Creating new post
2025-01-04T14:45:21.259+0100 INFO               [main]                         be.pxl.services.services.PostService - Creating new post
2025-01-04T14:45:21.283+0100 INFO               [main]                         be.pxl.services.services.PostService - Post created successfully: Title 1
2025-01-04T14:45:21.283+0100 INFO               [main]                         be.pxl.services.controller.PostController - Creating new post
2025-01-04T14:45:21.306+0100 INFO               [main]                         be.pxl.services.services.PostService - Getting post with id: 3
2025-01-04T14:45:21.317+0100 INFO               [main]                         be.pxl.services.controller.PostController - Getting post with id: 3
2025-01-04T14:45:21.349+0100 INFO               [main]                         be.pxl.services.services.PostService - Creating new post
2025-01-04T14:45:21.373+0100 INFO               [main]                         be.pxl.services.services.PostService - Post created successfully: Title 1
2025-01-04T14:45:21.374+0100 INFO               [main]                         be.pxl.services.controller.PostController - Creating new post
2025-01-04T14:45:21.380+0100 INFO               [main]                         be.pxl.services.services.PostService - Creating new post
2025-01-04T14:45:21.412+0100 INFO               [main]                         be.pxl.services.services.PostService - Post created successfully: Title 2
2025-01-04T14:45:21.412+0100 INFO               [main]                         be.pxl.services.controller.PostController - Creating new post
2025-01-04T14:45:21.416+0100 INFO               [main]                         be.pxl.services.services.PostService - Getting all posts
2025-01-04T14:45:21.444+0100 INFO               [main]                         be.pxl.services.controller.PostController - Getting all posts
2025-01-04T15:04:01.807+0100 INFO               [main]                         be.pxl.services.PostServiceApplicationTest - Starting PostServiceApplicationTest using Java 21.0.4 with PID 16820 (started by MechaCoder in C:\Users\MechaCoder\Documents\2-3 TIN Sem 1\Fullstack Java\project-YA-Amzil\backend-java\NewsPublishSystem\post-service)
2025-01-04T15:04:01.807+0100 DEBUG              [main]                         be.pxl.services.PostServiceApplicationTest - Running with Spring Boot v3.3.4, Spring v6.1.13
2025-01-04T15:04:01.807+0100 INFO               [main]                         be.pxl.services.PostServiceApplicationTest - No active profile set, falling back to 1 default profile: "default"
2025-01-04T15:04:12.948+0100 INFO               [main]                         be.pxl.services.PostServiceApplicationTest - Started PostServiceApplicationTest in 13.259 seconds (process running for 56.762)
2025-01-04T15:04:14.294+0100 INFO               [main]                         be.pxl.services.services.PostService - Creating new post
2025-01-04T15:04:14.425+0100 INFO               [main]                         be.pxl.services.services.PostService - Post created successfully: Title 1
2025-01-04T15:04:14.426+0100 INFO               [main]                         be.pxl.services.controller.PostController - Creating new post
2025-01-04T15:04:14.502+0100 INFO               [main]                         be.pxl.services.services.PostService - Updating post with id: 1
2025-01-04T15:04:14.621+0100 INFO               [main]                         be.pxl.services.services.PostService - Post updated successfully: Updated Title
2025-01-04T15:04:14.625+0100 INFO               [main]                         be.pxl.services.controller.PostController - Updating post with id: 1
2025-01-04T15:04:15.008+0100 INFO               [main]                         be.pxl.services.services.PostService - Creating new post
2025-01-04T15:04:15.036+0100 INFO               [main]                         be.pxl.services.services.PostService - Post created successfully: Title 1
2025-01-04T15:04:15.037+0100 INFO               [main]                         be.pxl.services.controller.PostController - Creating new post
2025-01-04T15:04:15.119+0100 INFO               [main]                         be.pxl.services.services.PostService - Creating new post
2025-01-04T15:04:15.147+0100 INFO               [main]                         be.pxl.services.services.PostService - Post created successfully: Title 1
2025-01-04T15:04:15.147+0100 INFO               [main]                         be.pxl.services.controller.PostController - Creating new post
2025-01-04T15:04:15.171+0100 INFO               [main]                         be.pxl.services.services.PostService - Getting post with id: 3
2025-01-04T15:04:15.187+0100 INFO               [main]                         be.pxl.services.controller.PostController - Getting post with id: 3
2025-01-04T15:04:15.242+0100 INFO               [main]                         be.pxl.services.services.PostService - Creating new post
2025-01-04T15:04:15.277+0100 INFO               [main]                         be.pxl.services.services.PostService - Post created successfully: Title 1
2025-01-04T15:04:15.278+0100 INFO               [main]                         be.pxl.services.controller.PostController - Creating new post
2025-01-04T15:04:15.284+0100 INFO               [main]                         be.pxl.services.services.PostService - Creating new post
2025-01-04T15:04:15.313+0100 INFO               [main]                         be.pxl.services.services.PostService - Post created successfully: Title 2
2025-01-04T15:04:15.313+0100 INFO               [main]                         be.pxl.services.controller.PostController - Creating new post
2025-01-04T15:04:15.316+0100 INFO               [main]                         be.pxl.services.services.PostService - Getting all posts
2025-01-04T15:04:15.336+0100 INFO               [main]                         be.pxl.services.controller.PostController - Getting all posts
2025-01-04T15:13:11.705+0100 INFO               [main]                         be.pxl.services.PostServiceApplicationTest - Starting PostServiceApplicationTest using Java 21.0.4 with PID 2836 (started by MechaCoder in C:\Users\MechaCoder\Documents\2-3 TIN Sem 1\Fullstack Java\project-YA-Amzil\backend-java\NewsPublishSystem\post-service)
2025-01-04T15:13:11.705+0100 DEBUG              [main]                         be.pxl.services.PostServiceApplicationTest - Running with Spring Boot v3.3.4, Spring v6.1.13
2025-01-04T15:13:11.705+0100 INFO               [main]                         be.pxl.services.PostServiceApplicationTest - No active profile set, falling back to 1 default profile: "default"
2025-01-04T15:13:21.759+0100 INFO               [main]                         be.pxl.services.PostServiceApplicationTest - Started PostServiceApplicationTest in 11.64 seconds (process running for 44.845)
2025-01-04T15:13:23.241+0100 INFO               [main]                         be.pxl.services.services.PostService - Creating new post
2025-01-04T15:13:23.348+0100 INFO               [main]                         be.pxl.services.services.PostService - Post created successfully: Title 1
2025-01-04T15:13:23.349+0100 INFO               [main]                         be.pxl.services.controller.PostController - Creating new post
2025-01-04T15:13:23.370+0100 INFO               [main]                         be.pxl.services.services.PostService - Creating new post
2025-01-04T15:13:23.401+0100 INFO               [main]                         be.pxl.services.services.PostService - Post created successfully: Title 2
2025-01-04T15:13:23.401+0100 INFO               [main]                         be.pxl.services.controller.PostController - Creating new post
2025-01-04T15:13:23.405+0100 INFO               [main]                         be.pxl.services.services.PostService - Getting all draft posts
2025-01-04T15:13:23.463+0100 INFO               [main]                         be.pxl.services.controller.PostController - Getting all draft posts
2025-01-04T15:13:23.704+0100 INFO               [main]                         be.pxl.services.services.PostService - Creating new post
2025-01-04T15:13:23.736+0100 INFO               [main]                         be.pxl.services.services.PostService - Post created successfully: Title 1
2025-01-04T15:13:23.736+0100 INFO               [main]                         be.pxl.services.controller.PostController - Creating new post
2025-01-04T15:13:23.770+0100 INFO               [main]                         be.pxl.services.services.PostService - Updating post with id: 3
2025-01-04T15:13:23.852+0100 INFO               [main]                         be.pxl.services.services.PostService - Post updated successfully: Updated Title
2025-01-04T15:13:23.853+0100 INFO               [main]                         be.pxl.services.controller.PostController - Updating post with id: 3
2025-01-04T15:13:23.921+0100 INFO               [main]                         be.pxl.services.services.PostService - Creating new post
2025-01-04T15:13:23.958+0100 INFO               [main]                         be.pxl.services.services.PostService - Post created successfully: Title 1
2025-01-04T15:13:23.959+0100 INFO               [main]                         be.pxl.services.controller.PostController - Creating new post
2025-01-04T15:13:23.965+0100 INFO               [main]                         be.pxl.services.services.PostService - Creating new post
2025-01-04T15:13:24.004+0100 INFO               [main]                         be.pxl.services.services.PostService - Post created successfully: Title 2
2025-01-04T15:13:24.005+0100 INFO               [main]                         be.pxl.services.controller.PostController - Creating new post
2025-01-04T15:13:24.011+0100 INFO               [main]                         be.pxl.services.services.PostService - Creating new post
2025-01-04T15:13:24.053+0100 INFO               [main]                         be.pxl.services.services.PostService - Post created successfully: Title 3
2025-01-04T15:13:24.054+0100 INFO               [main]                         be.pxl.services.controller.PostController - Creating new post
2025-01-04T15:13:24.058+0100 INFO               [main]                         be.pxl.services.services.PostService - Getting all draft and pending posts
2025-01-04T15:13:24.077+0100 INFO               [main]                         be.pxl.services.controller.PostController - Getting all draft and pending posts
2025-01-04T15:13:24.152+0100 INFO               [main]                         be.pxl.services.services.PostService - Creating new post
2025-01-04T15:13:24.185+0100 INFO               [main]                         be.pxl.services.services.PostService - Post created successfully: Title 1
2025-01-04T15:13:24.186+0100 INFO               [main]                         be.pxl.services.controller.PostController - Creating new post
2025-01-04T15:13:24.195+0100 INFO               [main]                         be.pxl.services.services.PostService - Creating new post
2025-01-04T15:13:24.231+0100 INFO               [main]                         be.pxl.services.services.PostService - Post created successfully: Title 2
2025-01-04T15:13:24.232+0100 INFO               [main]                         be.pxl.services.controller.PostController - Creating new post
2025-01-04T15:13:24.236+0100 INFO               [main]                         be.pxl.services.services.PostService - Getting all pending posts
2025-01-04T15:13:24.247+0100 INFO               [main]                         be.pxl.services.controller.PostController - Getting all pending posts
2025-01-04T15:13:24.311+0100 INFO               [main]                         be.pxl.services.services.PostService - Creating new post
2025-01-04T15:13:24.346+0100 INFO               [main]                         be.pxl.services.services.PostService - Post created successfully: Title 1
2025-01-04T15:13:24.347+0100 INFO               [main]                         be.pxl.services.controller.PostController - Creating new post
2025-01-04T15:13:24.410+0100 INFO               [main]                         be.pxl.services.services.PostService - Creating new post
2025-01-04T15:13:24.438+0100 INFO               [main]                         be.pxl.services.services.PostService - Post created successfully: Title 1
2025-01-04T15:13:24.439+0100 INFO               [main]                         be.pxl.services.controller.PostController - Creating new post
2025-01-04T15:13:24.459+0100 INFO               [main]                         be.pxl.services.services.PostService - Getting post with id: 10
2025-01-04T15:13:24.475+0100 INFO               [main]                         be.pxl.services.controller.PostController - Getting post with id: 10
2025-01-04T15:13:24.519+0100 INFO               [main]                         be.pxl.services.services.PostService - Creating new post
2025-01-04T15:13:24.548+0100 INFO               [main]                         be.pxl.services.services.PostService - Post created successfully: Title 1
2025-01-04T15:13:24.549+0100 INFO               [main]                         be.pxl.services.controller.PostController - Creating new post
2025-01-04T15:13:24.554+0100 INFO               [main]                         be.pxl.services.services.PostService - Creating new post
2025-01-04T15:13:24.581+0100 INFO               [main]                         be.pxl.services.services.PostService - Post created successfully: Title 2
2025-01-04T15:13:24.582+0100 INFO               [main]                         be.pxl.services.controller.PostController - Creating new post
2025-01-04T15:13:24.586+0100 INFO               [main]                         be.pxl.services.services.PostService - Getting all posts
2025-01-04T15:13:24.603+0100 INFO               [main]                         be.pxl.services.controller.PostController - Getting all posts
2025-01-04T15:13:24.655+0100 INFO               [main]                         be.pxl.services.services.PostService - Creating new post
2025-01-04T15:13:24.682+0100 INFO               [main]                         be.pxl.services.services.PostService - Post created successfully: Title 1
2025-01-04T15:13:24.683+0100 INFO               [main]                         be.pxl.services.controller.PostController - Creating new post
2025-01-04T15:13:24.687+0100 INFO               [main]                         be.pxl.services.services.PostService - Creating new post
2025-01-04T15:13:24.719+0100 INFO               [main]                         be.pxl.services.services.PostService - Post created successfully: Title 2
2025-01-04T15:13:24.722+0100 INFO               [main]                         be.pxl.services.controller.PostController - Creating new post
2025-01-04T15:13:24.725+0100 INFO               [main]                         be.pxl.services.services.PostService - Getting all published posts
2025-01-04T15:13:24.740+0100 INFO               [main]                         be.pxl.services.controller.PostController - Getting all published posts
2025-01-04T15:13:24.808+0100 INFO               [main]                         be.pxl.services.services.PostService - Creating new post
2025-01-04T15:13:24.839+0100 INFO               [main]                         be.pxl.services.services.PostService - Post created successfully: Title 1
2025-01-04T15:13:24.839+0100 INFO               [main]                         be.pxl.services.controller.PostController - Creating new post
2025-01-04T15:25:14.938+0100 INFO               [main]                         be.pxl.services.PostServiceApplicationTest - Starting PostServiceApplicationTest using Java 21.0.4 with PID 9176 (started by MechaCoder in C:\Users\MechaCoder\Documents\2-3 TIN Sem 1\Fullstack Java\project-YA-Amzil\backend-java\NewsPublishSystem\post-service)
2025-01-04T15:25:14.938+0100 DEBUG              [main]                         be.pxl.services.PostServiceApplicationTest - Running with Spring Boot v3.3.4, Spring v6.1.13
2025-01-04T15:25:14.938+0100 INFO               [main]                         be.pxl.services.PostServiceApplicationTest - No active profile set, falling back to 1 default profile: "default"
2025-01-04T15:25:25.394+0100 INFO               [main]                         be.pxl.services.PostServiceApplicationTest - Started PostServiceApplicationTest in 11.931 seconds (process running for 44.758)
2025-01-04T15:25:26.665+0100 INFO               [main]                         be.pxl.services.services.PostService - Creating new post
2025-01-04T15:25:26.781+0100 INFO               [main]                         be.pxl.services.services.PostService - Post created successfully: Draft Post 1
2025-01-04T15:25:26.782+0100 INFO               [main]                         be.pxl.services.controller.PostController - Creating new post
2025-01-04T15:25:26.792+0100 INFO               [main]                         be.pxl.services.services.PostService - Creating new post
2025-01-04T15:25:26.830+0100 INFO               [main]                         be.pxl.services.services.PostService - Post created successfully: Published Post
2025-01-04T15:25:26.830+0100 INFO               [main]                         be.pxl.services.controller.PostController - Creating new post
2025-01-04T15:25:26.833+0100 INFO               [main]                         be.pxl.services.services.PostService - Getting all draft posts
2025-01-04T15:25:26.886+0100 INFO               [main]                         be.pxl.services.controller.PostController - Getting all draft posts
2025-01-04T15:25:27.224+0100 INFO               [main]                         be.pxl.services.services.PostService - Creating new post
2025-01-04T15:25:27.257+0100 INFO               [main]                         be.pxl.services.services.PostService - Post created successfully: Title 1
2025-01-04T15:25:27.257+0100 INFO               [main]                         be.pxl.services.controller.PostController - Creating new post
2025-01-04T15:25:27.292+0100 INFO               [main]                         be.pxl.services.services.PostService - Updating post with id: 3
2025-01-04T15:25:27.380+0100 INFO               [main]                         be.pxl.services.services.PostService - Post updated successfully: Updated Title
2025-01-04T15:25:27.381+0100 INFO               [main]                         be.pxl.services.controller.PostController - Updating post with id: 3
2025-01-04T15:25:27.459+0100 INFO               [main]                         be.pxl.services.services.PostService - Creating new post
2025-01-04T15:25:27.490+0100 INFO               [main]                         be.pxl.services.services.PostService - Post created successfully: Draft Post 1
2025-01-04T15:25:27.491+0100 INFO               [main]                         be.pxl.services.controller.PostController - Creating new post
2025-01-04T15:25:27.496+0100 INFO               [main]                         be.pxl.services.services.PostService - Creating new post
2025-01-04T15:25:27.522+0100 INFO               [main]                         be.pxl.services.services.PostService - Post created successfully: Pending Post
2025-01-04T15:25:27.522+0100 INFO               [main]                         be.pxl.services.controller.PostController - Creating new post
2025-01-04T15:25:27.527+0100 INFO               [main]                         be.pxl.services.services.PostService - Creating new post
2025-01-04T15:25:27.554+0100 INFO               [main]                         be.pxl.services.services.PostService - Post created successfully: Published Post
2025-01-04T15:25:27.555+0100 INFO               [main]                         be.pxl.services.controller.PostController - Creating new post
2025-01-04T15:25:27.558+0100 INFO               [main]                         be.pxl.services.services.PostService - Getting all draft and pending posts
2025-01-04T15:25:27.572+0100 INFO               [main]                         be.pxl.services.controller.PostController - Getting all draft and pending posts
2025-01-04T15:25:27.622+0100 INFO               [main]                         be.pxl.services.services.PostService - Creating new post
2025-01-04T15:25:27.645+0100 INFO               [main]                         be.pxl.services.services.PostService - Post created successfully: Pending Post 1
2025-01-04T15:25:27.646+0100 INFO               [main]                         be.pxl.services.controller.PostController - Creating new post
2025-01-04T15:25:27.651+0100 INFO               [main]                         be.pxl.services.services.PostService - Creating new post
2025-01-04T15:25:27.676+0100 INFO               [main]                         be.pxl.services.services.PostService - Post created successfully: Published Post
2025-01-04T15:25:27.677+0100 INFO               [main]                         be.pxl.services.controller.PostController - Creating new post
2025-01-04T15:25:27.680+0100 INFO               [main]                         be.pxl.services.services.PostService - Getting all pending posts
2025-01-04T15:25:27.689+0100 INFO               [main]                         be.pxl.services.controller.PostController - Getting all pending posts
2025-01-04T15:25:27.732+0100 INFO               [main]                         be.pxl.services.services.PostService - Getting post with id: 999
2025-01-04T15:25:27.754+0100 INFO               [main]                         be.pxl.services.services.PostService - Getting post with id: 999
2025-01-04T15:25:27.818+0100 INFO               [main]                         be.pxl.services.services.PostService - Creating new post
2025-01-04T15:25:27.843+0100 INFO               [main]                         be.pxl.services.services.PostService - Post created successfully: Title 1
2025-01-04T15:25:27.843+0100 INFO               [main]                         be.pxl.services.controller.PostController - Creating new post
2025-01-04T15:25:27.934+0100 INFO               [main]                         be.pxl.services.services.PostService - Creating new post
2025-01-04T15:25:27.963+0100 INFO               [main]                         be.pxl.services.services.PostService - Post created successfully: Title 1
2025-01-04T15:25:27.964+0100 INFO               [main]                         be.pxl.services.controller.PostController - Creating new post
2025-01-04T15:25:27.989+0100 INFO               [main]                         be.pxl.services.services.PostService - Getting post with id: 10
2025-01-04T15:25:28.005+0100 INFO               [main]                         be.pxl.services.controller.PostController - Getting post with id: 10
2025-01-04T15:25:28.084+0100 INFO               [main]                         be.pxl.services.services.PostService - Creating new post
2025-01-04T15:25:28.147+0100 INFO               [main]                         be.pxl.services.services.PostService - Post created successfully: Title 1
2025-01-04T15:25:28.147+0100 INFO               [main]                         be.pxl.services.controller.PostController - Creating new post
2025-01-04T15:25:28.153+0100 INFO               [main]                         be.pxl.services.services.PostService - Creating new post
2025-01-04T15:25:28.188+0100 INFO               [main]                         be.pxl.services.services.PostService - Post created successfully: Title 2
2025-01-04T15:25:28.189+0100 INFO               [main]                         be.pxl.services.controller.PostController - Creating new post
2025-01-04T15:25:28.194+0100 INFO               [main]                         be.pxl.services.services.PostService - Getting all posts
2025-01-04T15:25:28.236+0100 INFO               [main]                         be.pxl.services.controller.PostController - Getting all posts
2025-01-04T15:25:28.324+0100 INFO               [main]                         be.pxl.services.services.PostService - Creating new post
2025-01-04T15:25:28.357+0100 INFO               [main]                         be.pxl.services.services.PostService - Post created successfully: Title 1
2025-01-04T15:25:28.357+0100 INFO               [main]                         be.pxl.services.controller.PostController - Creating new post
2025-01-04T15:25:28.460+0100 INFO               [main]                         be.pxl.services.services.PostService - Creating new post
2025-01-04T15:25:28.486+0100 INFO               [main]                         be.pxl.services.services.PostService - Post created successfully: Draft Post 1
2025-01-04T15:25:28.486+0100 INFO               [main]                         be.pxl.services.controller.PostController - Creating new post
2025-01-04T15:25:28.490+0100 INFO               [main]                         be.pxl.services.services.PostService - Creating new post
2025-01-04T15:25:28.520+0100 INFO               [main]                         be.pxl.services.services.PostService - Post created successfully: Published Post
2025-01-04T15:25:28.521+0100 INFO               [main]                         be.pxl.services.controller.PostController - Creating new post
2025-01-04T15:25:28.525+0100 INFO               [main]                         be.pxl.services.services.PostService - Getting all published posts
2025-01-04T15:25:28.533+0100 INFO               [main]                         be.pxl.services.controller.PostController - Getting all published posts
2025-01-04T15:25:28.582+0100 INFO               [main]                         be.pxl.services.services.PostService - Creating new post
2025-01-04T15:25:28.609+0100 INFO               [main]                         be.pxl.services.services.PostService - Post created successfully: Title 1
2025-01-04T15:25:28.609+0100 INFO               [main]                         be.pxl.services.controller.PostController - Creating new post
2025-01-04T15:30:14.336+0100 INFO               [main]                         be.pxl.services.PostServiceApplicationTest - Starting PostServiceApplicationTest using Java 21.0.4 with PID 10676 (started by MechaCoder in C:\Users\MechaCoder\Documents\2-3 TIN Sem 1\Fullstack Java\project-YA-Amzil\backend-java\NewsPublishSystem\post-service)
2025-01-04T15:30:14.338+0100 DEBUG              [main]                         be.pxl.services.PostServiceApplicationTest - Running with Spring Boot v3.3.4, Spring v6.1.13
2025-01-04T15:30:14.340+0100 INFO               [main]                         be.pxl.services.PostServiceApplicationTest - No active profile set, falling back to 1 default profile: "default"
2025-01-04T15:30:29.352+0100 INFO               [main]                         be.pxl.services.PostServiceApplicationTest - Started PostServiceApplicationTest in 17.002 seconds (process running for 46.622)
2025-01-04T15:30:30.730+0100 INFO               [main]                         be.pxl.services.services.PostService - Creating new post
2025-01-04T15:30:30.870+0100 INFO               [main]                         be.pxl.services.services.PostService - Post created successfully: Draft Post 1
2025-01-04T15:30:30.871+0100 INFO               [main]                         be.pxl.services.controller.PostController - Creating new post
2025-01-04T15:30:30.894+0100 INFO               [main]                         be.pxl.services.services.PostService - Creating new post
2025-01-04T15:30:30.918+0100 INFO               [main]                         be.pxl.services.services.PostService - Post created successfully: Published Post
2025-01-04T15:30:30.918+0100 INFO               [main]                         be.pxl.services.controller.PostController - Creating new post
2025-01-04T15:30:30.921+0100 INFO               [main]                         be.pxl.services.services.PostService - Getting all draft posts
2025-01-04T15:30:30.981+0100 INFO               [main]                         be.pxl.services.controller.PostController - Getting all draft posts
2025-01-04T15:30:31.175+0100 INFO               [main]                         be.pxl.services.services.PostService - Creating new post
2025-01-04T15:30:31.201+0100 INFO               [main]                         be.pxl.services.services.PostService - Post created successfully: Title 1
2025-01-04T15:30:31.201+0100 INFO               [main]                         be.pxl.services.controller.PostController - Creating new post
2025-01-04T15:30:31.223+0100 INFO               [main]                         be.pxl.services.services.PostService - Updating post with id: 3
2025-01-04T15:30:31.284+0100 INFO               [main]                         be.pxl.services.services.PostService - Post updated successfully: Updated Title
2025-01-04T15:30:31.285+0100 INFO               [main]                         be.pxl.services.controller.PostController - Updating post with id: 3
2025-01-04T15:30:31.333+0100 INFO               [main]                         be.pxl.services.services.PostService - Creating new post
2025-01-04T15:30:31.352+0100 INFO               [main]                         be.pxl.services.services.PostService - Post created successfully: Draft Post 1
2025-01-04T15:30:31.352+0100 INFO               [main]                         be.pxl.services.controller.PostController - Creating new post
2025-01-04T15:30:31.356+0100 INFO               [main]                         be.pxl.services.services.PostService - Creating new post
2025-01-04T15:30:31.377+0100 INFO               [main]                         be.pxl.services.services.PostService - Post created successfully: Pending Post
2025-01-04T15:30:31.378+0100 INFO               [main]                         be.pxl.services.controller.PostController - Creating new post
2025-01-04T15:30:31.381+0100 INFO               [main]                         be.pxl.services.services.PostService - Creating new post
2025-01-04T15:30:31.417+0100 INFO               [main]                         be.pxl.services.services.PostService - Post created successfully: Published Post
2025-01-04T15:30:31.417+0100 INFO               [main]                         be.pxl.services.controller.PostController - Creating new post
2025-01-04T15:30:31.420+0100 INFO               [main]                         be.pxl.services.services.PostService - Getting all draft and pending posts
2025-01-04T15:30:31.429+0100 INFO               [main]                         be.pxl.services.controller.PostController - Getting all draft and pending posts
2025-01-04T15:30:31.472+0100 INFO               [main]                         be.pxl.services.services.PostService - Creating new post
2025-01-04T15:30:31.491+0100 INFO               [main]                         be.pxl.services.services.PostService - Post created successfully: Pending Post 1
2025-01-04T15:30:31.492+0100 INFO               [main]                         be.pxl.services.controller.PostController - Creating new post
2025-01-04T15:30:31.495+0100 INFO               [main]                         be.pxl.services.services.PostService - Creating new post
2025-01-04T15:30:31.517+0100 INFO               [main]                         be.pxl.services.services.PostService - Post created successfully: Published Post
2025-01-04T15:30:31.518+0100 INFO               [main]                         be.pxl.services.controller.PostController - Creating new post
2025-01-04T15:30:31.521+0100 INFO               [main]                         be.pxl.services.services.PostService - Getting all pending posts
2025-01-04T15:30:31.527+0100 INFO               [main]                         be.pxl.services.controller.PostController - Getting all pending posts
2025-01-04T15:30:31.571+0100 INFO               [main]                         be.pxl.services.services.PostService - Getting post with id: 999
2025-01-04T15:30:31.595+0100 INFO               [main]                         be.pxl.services.services.PostService - Getting post with id: 999
2025-01-04T15:30:31.651+0100 INFO               [main]                         be.pxl.services.services.PostService - Creating new post
2025-01-04T15:30:31.693+0100 INFO               [main]                         be.pxl.services.services.PostService - Post created successfully: Title 1
2025-01-04T15:30:31.694+0100 INFO               [main]                         be.pxl.services.controller.PostController - Creating new post
2025-01-04T15:30:31.774+0100 INFO               [main]                         be.pxl.services.services.PostService - Creating new post
2025-01-04T15:30:31.820+0100 INFO               [main]                         be.pxl.services.services.PostService - Post created successfully: Title 1
2025-01-04T15:30:31.821+0100 INFO               [main]                         be.pxl.services.controller.PostController - Creating new post
2025-01-04T15:30:31.839+0100 INFO               [main]                         be.pxl.services.services.PostService - Getting post with id: 10
2025-01-04T15:30:31.853+0100 INFO               [main]                         be.pxl.services.controller.PostController - Getting post with id: 10
2025-01-04T15:30:31.927+0100 INFO               [main]                         be.pxl.services.services.PostService - Creating new post
2025-01-04T15:30:31.954+0100 INFO               [main]                         be.pxl.services.services.PostService - Post created successfully: Title 1
2025-01-04T15:30:31.955+0100 INFO               [main]                         be.pxl.services.controller.PostController - Creating new post
2025-01-04T15:30:31.959+0100 INFO               [main]                         be.pxl.services.services.PostService - Creating new post
2025-01-04T15:30:31.984+0100 INFO               [main]                         be.pxl.services.services.PostService - Post created successfully: Title 2
2025-01-04T15:30:31.985+0100 INFO               [main]                         be.pxl.services.controller.PostController - Creating new post
2025-01-04T15:30:31.987+0100 INFO               [main]                         be.pxl.services.services.PostService - Getting all posts
2025-01-04T15:30:32.003+0100 INFO               [main]                         be.pxl.services.controller.PostController - Getting all posts
2025-01-04T15:30:32.051+0100 INFO               [main]                         be.pxl.services.services.PostService - Creating new post
2025-01-04T15:30:32.078+0100 INFO               [main]                         be.pxl.services.services.PostService - Post created successfully: Title 1
2025-01-04T15:30:32.078+0100 INFO               [main]                         be.pxl.services.controller.PostController - Creating new post
2025-01-04T15:30:32.099+0100 INFO               [main]                         be.pxl.services.services.PostService - Deleting post with id: 13
2025-01-04T15:30:32.147+0100 INFO               [main]                         be.pxl.services.controller.PostController - Deleting post with id: 13
2025-01-04T15:30:32.190+0100 INFO               [main]                         be.pxl.services.services.PostService - Creating new post
2025-01-04T15:30:32.217+0100 INFO               [main]                         be.pxl.services.services.PostService - Post created successfully: Draft Post 1
2025-01-04T15:30:32.217+0100 INFO               [main]                         be.pxl.services.controller.PostController - Creating new post
2025-01-04T15:30:32.222+0100 INFO               [main]                         be.pxl.services.services.PostService - Creating new post
2025-01-04T15:30:32.247+0100 INFO               [main]                         be.pxl.services.services.PostService - Post created successfully: Published Post
2025-01-04T15:30:32.247+0100 INFO               [main]                         be.pxl.services.controller.PostController - Creating new post
2025-01-04T15:30:32.251+0100 INFO               [main]                         be.pxl.services.services.PostService - Getting all published posts
2025-01-04T15:30:32.259+0100 INFO               [main]                         be.pxl.services.controller.PostController - Getting all published posts
2025-01-04T15:30:32.303+0100 INFO               [main]                         be.pxl.services.services.PostService - Creating new post
2025-01-04T15:30:32.327+0100 INFO               [main]                         be.pxl.services.services.PostService - Post created successfully: Title 1
2025-01-04T15:30:32.328+0100 INFO               [main]                         be.pxl.services.controller.PostController - Creating new post
2025-01-04T15:32:16.617+0100 INFO               [main]                         be.pxl.services.PostServiceApplicationTest - Starting PostServiceApplicationTest using Java 21.0.4 with PID 8128 (started by MechaCoder in C:\Users\MechaCoder\Documents\2-3 TIN Sem 1\Fullstack Java\project-YA-Amzil\backend-java\NewsPublishSystem\post-service)
2025-01-04T15:32:16.618+0100 DEBUG              [main]                         be.pxl.services.PostServiceApplicationTest - Running with Spring Boot v3.3.4, Spring v6.1.13
2025-01-04T15:32:16.620+0100 INFO               [main]                         be.pxl.services.PostServiceApplicationTest - No active profile set, falling back to 1 default profile: "default"
2025-01-04T15:32:27.324+0100 INFO               [main]                         be.pxl.services.PostServiceApplicationTest - Started PostServiceApplicationTest in 12.033 seconds (process running for 40.172)
2025-01-04T15:32:28.620+0100 INFO               [main]                         be.pxl.services.services.PostService - Getting post with id: 999
2025-01-04T15:34:00.620+0100 INFO               [main]                         be.pxl.services.PostServiceApplicationTest - Starting PostServiceApplicationTest using Java 21.0.4 with PID 3384 (started by MechaCoder in C:\Users\MechaCoder\Documents\2-3 TIN Sem 1\Fullstack Java\project-YA-Amzil\backend-java\NewsPublishSystem\post-service)
2025-01-04T15:34:00.622+0100 DEBUG              [main]                         be.pxl.services.PostServiceApplicationTest - Running with Spring Boot v3.3.4, Spring v6.1.13
2025-01-04T15:34:00.623+0100 INFO               [main]                         be.pxl.services.PostServiceApplicationTest - No active profile set, falling back to 1 default profile: "default"
2025-01-04T15:34:10.292+0100 INFO               [main]                         be.pxl.services.PostServiceApplicationTest - Started PostServiceApplicationTest in 10.866 seconds (process running for 36.054)
2025-01-04T15:34:11.506+0100 INFO               [main]                         be.pxl.services.services.PostService - Creating new post
2025-01-04T15:34:11.655+0100 INFO               [main]                         be.pxl.services.services.PostService - Post created successfully: Draft Post 1
2025-01-04T15:34:11.655+0100 INFO               [main]                         be.pxl.services.controller.PostController - Creating new post
2025-01-04T15:34:11.681+0100 INFO               [main]                         be.pxl.services.services.PostService - Creating new post
2025-01-04T15:34:11.713+0100 INFO               [main]                         be.pxl.services.services.PostService - Post created successfully: Published Post
2025-01-04T15:34:11.713+0100 INFO               [main]                         be.pxl.services.controller.PostController - Creating new post
2025-01-04T15:34:11.718+0100 INFO               [main]                         be.pxl.services.services.PostService - Getting all draft posts
2025-01-04T15:34:11.791+0100 INFO               [main]                         be.pxl.services.controller.PostController - Getting all draft posts
2025-01-04T15:34:12.034+0100 INFO               [main]                         be.pxl.services.services.PostService - Creating new post
2025-01-04T15:34:12.062+0100 INFO               [main]                         be.pxl.services.services.PostService - Post created successfully: Title 1
2025-01-04T15:34:12.062+0100 INFO               [main]                         be.pxl.services.controller.PostController - Creating new post
2025-01-04T15:34:12.091+0100 INFO               [main]                         be.pxl.services.services.PostService - Updating post with id: 3
2025-01-04T15:34:12.160+0100 INFO               [main]                         be.pxl.services.services.PostService - Post updated successfully: Updated Title
2025-01-04T15:34:12.160+0100 INFO               [main]                         be.pxl.services.controller.PostController - Updating post with id: 3
2025-01-04T15:34:12.213+0100 INFO               [main]                         be.pxl.services.services.PostService - Creating new post
2025-01-04T15:34:12.236+0100 INFO               [main]                         be.pxl.services.services.PostService - Post created successfully: Draft Post 1
2025-01-04T15:34:12.237+0100 INFO               [main]                         be.pxl.services.controller.PostController - Creating new post
2025-01-04T15:34:12.240+0100 INFO               [main]                         be.pxl.services.services.PostService - Creating new post
2025-01-04T15:34:12.266+0100 INFO               [main]                         be.pxl.services.services.PostService - Post created successfully: Pending Post
2025-01-04T15:34:12.267+0100 INFO               [main]                         be.pxl.services.controller.PostController - Creating new post
2025-01-04T15:34:12.270+0100 INFO               [main]                         be.pxl.services.services.PostService - Creating new post
2025-01-04T15:34:12.294+0100 INFO               [main]                         be.pxl.services.services.PostService - Post created successfully: Published Post
2025-01-04T15:34:12.294+0100 INFO               [main]                         be.pxl.services.controller.PostController - Creating new post
2025-01-04T15:34:12.297+0100 INFO               [main]                         be.pxl.services.services.PostService - Getting all draft and pending posts
2025-01-04T15:34:12.307+0100 INFO               [main]                         be.pxl.services.controller.PostController - Getting all draft and pending posts
2025-01-04T15:34:12.363+0100 INFO               [main]                         be.pxl.services.services.PostService - Creating new post
2025-01-04T15:34:12.392+0100 INFO               [main]                         be.pxl.services.services.PostService - Post created successfully: Pending Post 1
2025-01-04T15:34:12.392+0100 INFO               [main]                         be.pxl.services.controller.PostController - Creating new post
2025-01-04T15:34:12.397+0100 INFO               [main]                         be.pxl.services.services.PostService - Creating new post
2025-01-04T15:34:12.426+0100 INFO               [main]                         be.pxl.services.services.PostService - Post created successfully: Published Post
2025-01-04T15:34:12.426+0100 INFO               [main]                         be.pxl.services.controller.PostController - Creating new post
2025-01-04T15:34:12.430+0100 INFO               [main]                         be.pxl.services.services.PostService - Getting all pending posts
2025-01-04T15:34:12.436+0100 INFO               [main]                         be.pxl.services.controller.PostController - Getting all pending posts
2025-01-04T15:34:12.481+0100 INFO               [main]                         be.pxl.services.services.PostService - Getting post with id: 999
2025-01-04T15:34:12.537+0100 INFO               [main]                         be.pxl.services.services.PostService - Creating new post
2025-01-04T15:34:12.562+0100 INFO               [main]                         be.pxl.services.services.PostService - Post created successfully: Title 1
2025-01-04T15:34:12.562+0100 INFO               [main]                         be.pxl.services.controller.PostController - Creating new post
2025-01-04T15:34:12.638+0100 INFO               [main]                         be.pxl.services.services.PostService - Creating new post
2025-01-04T15:34:12.663+0100 INFO               [main]                         be.pxl.services.services.PostService - Post created successfully: Title 1
2025-01-04T15:34:12.664+0100 INFO               [main]                         be.pxl.services.controller.PostController - Creating new post
2025-01-04T15:34:12.683+0100 INFO               [main]                         be.pxl.services.services.PostService - Getting post with id: 10
2025-01-04T15:34:12.696+0100 INFO               [main]                         be.pxl.services.controller.PostController - Getting post with id: 10
2025-01-04T15:34:12.754+0100 INFO               [main]                         be.pxl.services.services.PostService - Creating new post
2025-01-04T15:34:12.781+0100 INFO               [main]                         be.pxl.services.services.PostService - Post created successfully: Title 1
2025-01-04T15:34:12.781+0100 INFO               [main]                         be.pxl.services.controller.PostController - Creating new post
2025-01-04T15:34:12.786+0100 INFO               [main]                         be.pxl.services.services.PostService - Creating new post
2025-01-04T15:34:12.818+0100 INFO               [main]                         be.pxl.services.services.PostService - Post created successfully: Title 2
2025-01-04T15:34:12.819+0100 INFO               [main]                         be.pxl.services.controller.PostController - Creating new post
2025-01-04T15:34:12.824+0100 INFO               [main]                         be.pxl.services.services.PostService - Getting all posts
2025-01-04T15:34:12.849+0100 INFO               [main]                         be.pxl.services.controller.PostController - Getting all posts
2025-01-04T15:34:12.911+0100 INFO               [main]                         be.pxl.services.services.PostService - Creating new post
2025-01-04T15:34:12.957+0100 INFO               [main]                         be.pxl.services.services.PostService - Post created successfully: Title 1
2025-01-04T15:34:12.958+0100 INFO               [main]                         be.pxl.services.controller.PostController - Creating new post
2025-01-04T15:34:12.987+0100 INFO               [main]                         be.pxl.services.services.PostService - Deleting post with id: 13
2025-01-04T15:34:13.046+0100 INFO               [main]                         be.pxl.services.controller.PostController - Deleting post with id: 13
2025-01-04T15:34:13.100+0100 INFO               [main]                         be.pxl.services.services.PostService - Creating new post
2025-01-04T15:34:13.128+0100 INFO               [main]                         be.pxl.services.services.PostService - Post created successfully: Draft Post 1
2025-01-04T15:34:13.129+0100 INFO               [main]                         be.pxl.services.controller.PostController - Creating new post
2025-01-04T15:34:13.136+0100 INFO               [main]                         be.pxl.services.services.PostService - Creating new post
2025-01-04T15:34:13.164+0100 INFO               [main]                         be.pxl.services.services.PostService - Post created successfully: Published Post
2025-01-04T15:34:13.165+0100 INFO               [main]                         be.pxl.services.controller.PostController - Creating new post
2025-01-04T15:34:13.169+0100 INFO               [main]                         be.pxl.services.services.PostService - Getting all published posts
2025-01-04T15:34:13.178+0100 INFO               [main]                         be.pxl.services.controller.PostController - Getting all published posts
2025-01-04T15:34:13.230+0100 INFO               [main]                         be.pxl.services.services.PostService - Creating new post
2025-01-04T15:34:13.263+0100 INFO               [main]                         be.pxl.services.services.PostService - Post created successfully: Title 1
2025-01-04T15:34:13.263+0100 INFO               [main]                         be.pxl.services.controller.PostController - Creating new post
2025-01-04T15:37:17.469+0100 INFO               [main]                         be.pxl.services.PostServiceApplicationTest - Starting PostServiceApplicationTest using Java 21.0.4 with PID 16720 (started by MechaCoder in C:\Users\MechaCoder\Documents\2-3 TIN Sem 1\Fullstack Java\project-YA-Amzil\backend-java\NewsPublishSystem\post-service)
2025-01-04T15:37:17.472+0100 DEBUG              [main]                         be.pxl.services.PostServiceApplicationTest - Running with Spring Boot v3.3.4, Spring v6.1.13
2025-01-04T15:37:17.472+0100 INFO               [main]                         be.pxl.services.PostServiceApplicationTest - No active profile set, falling back to 1 default profile: "default"
2025-01-04T15:37:24.795+0100 INFO               [main]                         be.pxl.services.PostServiceApplicationTest - Started PostServiceApplicationTest in 8.549 seconds (process running for 34.833)
2025-01-04T15:37:25.624+0100 INFO               [main]                         be.pxl.services.services.PostService - Creating new post
2025-01-04T15:37:25.701+0100 INFO               [main]                         be.pxl.services.services.PostService - Post created successfully: Draft Post 1
2025-01-04T15:37:25.701+0100 INFO               [main]                         be.pxl.services.controller.PostController - Creating new post
2025-01-04T15:37:25.702+0100 INFO               [main]                         be.pxl.services.services.PostService - Creating new post
2025-01-04T15:37:25.737+0100 INFO               [main]                         be.pxl.services.services.PostService - Post created successfully: Published Post
2025-01-04T15:37:25.737+0100 INFO               [main]                         be.pxl.services.controller.PostController - Creating new post
2025-01-04T15:37:25.739+0100 INFO               [main]                         be.pxl.services.services.PostService - Getting all draft posts
2025-01-04T15:37:25.772+0100 INFO               [main]                         be.pxl.services.controller.PostController - Getting all draft posts
2025-01-04T15:37:25.914+0100 INFO               [main]                         be.pxl.services.services.PostService - Creating new post
2025-01-04T15:37:25.939+0100 INFO               [main]                         be.pxl.services.services.PostService - Post created successfully: Title 1
2025-01-04T15:37:25.939+0100 INFO               [main]                         be.pxl.services.controller.PostController - Creating new post
2025-01-04T15:37:25.952+0100 INFO               [main]                         be.pxl.services.services.PostService - Updating post with id: 3
2025-01-04T15:37:25.996+0100 INFO               [main]                         be.pxl.services.services.PostService - Post updated successfully: Updated Title
2025-01-04T15:37:25.997+0100 INFO               [main]                         be.pxl.services.controller.PostController - Updating post with id: 3
2025-01-04T15:37:26.036+0100 INFO               [main]                         be.pxl.services.services.PostService - Creating new post
2025-01-04T15:37:26.056+0100 INFO               [main]                         be.pxl.services.services.PostService - Post created successfully: Draft Post 1
2025-01-04T15:37:26.057+0100 INFO               [main]                         be.pxl.services.controller.PostController - Creating new post
2025-01-04T15:37:26.058+0100 INFO               [main]                         be.pxl.services.services.PostService - Creating new post
2025-01-04T15:37:26.081+0100 INFO               [main]                         be.pxl.services.services.PostService - Post created successfully: Pending Post
2025-01-04T15:37:26.081+0100 INFO               [main]                         be.pxl.services.controller.PostController - Creating new post
2025-01-04T15:37:26.083+0100 INFO               [main]                         be.pxl.services.services.PostService - Creating new post
2025-01-04T15:37:26.101+0100 INFO               [main]                         be.pxl.services.services.PostService - Post created successfully: Published Post
2025-01-04T15:37:26.101+0100 INFO               [main]                         be.pxl.services.controller.PostController - Creating new post
2025-01-04T15:37:26.102+0100 INFO               [main]                         be.pxl.services.services.PostService - Getting all draft and pending posts
2025-01-04T15:37:26.109+0100 INFO               [main]                         be.pxl.services.controller.PostController - Getting all draft and pending posts
2025-01-04T15:37:26.150+0100 INFO               [main]                         be.pxl.services.services.PostService - Creating new post
2025-01-04T15:37:26.168+0100 INFO               [main]                         be.pxl.services.services.PostService - Post created successfully: Pending Post 1
2025-01-04T15:37:26.168+0100 INFO               [main]                         be.pxl.services.controller.PostController - Creating new post
2025-01-04T15:37:26.172+0100 INFO               [main]                         be.pxl.services.services.PostService - Creating new post
2025-01-04T15:37:26.198+0100 INFO               [main]                         be.pxl.services.services.PostService - Post created successfully: Published Post
2025-01-04T15:37:26.199+0100 INFO               [main]                         be.pxl.services.controller.PostController - Creating new post
2025-01-04T15:37:26.201+0100 INFO               [main]                         be.pxl.services.services.PostService - Getting all pending posts
2025-01-04T15:37:26.207+0100 INFO               [main]                         be.pxl.services.controller.PostController - Getting all pending posts
2025-01-04T15:37:26.287+0100 INFO               [main]                         be.pxl.services.services.PostService - Getting post with id: 999
2025-01-04T15:37:26.329+0100 INFO               [main]                         be.pxl.services.services.PostService - Creating new post
2025-01-04T15:37:26.351+0100 INFO               [main]                         be.pxl.services.services.PostService - Post created successfully: Title 1
2025-01-04T15:37:26.351+0100 INFO               [main]                         be.pxl.services.controller.PostController - Creating new post
2025-01-04T15:37:26.404+0100 INFO               [main]                         be.pxl.services.services.PostService - Creating new post
2025-01-04T15:37:26.426+0100 INFO               [main]                         be.pxl.services.services.PostService - Post created successfully: Title 1
2025-01-04T15:37:26.426+0100 INFO               [main]                         be.pxl.services.controller.PostController - Creating new post
2025-01-04T15:37:26.439+0100 INFO               [main]                         be.pxl.services.services.PostService - Getting post with id: 10
2025-01-04T15:37:26.451+0100 INFO               [main]                         be.pxl.services.controller.PostController - Getting post with id: 10
2025-01-04T15:37:26.500+0100 INFO               [main]                         be.pxl.services.services.PostService - Creating new post
2025-01-04T15:37:26.522+0100 INFO               [main]                         be.pxl.services.services.PostService - Post created successfully: Title 1
2025-01-04T15:37:26.522+0100 INFO               [main]                         be.pxl.services.controller.PostController - Creating new post
2025-01-04T15:37:26.525+0100 INFO               [main]                         be.pxl.services.services.PostService - Creating new post
2025-01-04T15:37:26.548+0100 INFO               [main]                         be.pxl.services.services.PostService - Post created successfully: Title 2
2025-01-04T15:37:26.548+0100 INFO               [main]                         be.pxl.services.controller.PostController - Creating new post
2025-01-04T15:37:26.549+0100 INFO               [main]                         be.pxl.services.services.PostService - Getting all posts
2025-01-04T15:37:26.559+0100 INFO               [main]                         be.pxl.services.controller.PostController - Getting all posts
2025-01-04T15:37:26.600+0100 INFO               [main]                         be.pxl.services.services.PostService - Creating new post
2025-01-04T15:37:26.625+0100 INFO               [main]                         be.pxl.services.services.PostService - Post created successfully: Title 1
2025-01-04T15:37:26.625+0100 INFO               [main]                         be.pxl.services.controller.PostController - Creating new post
2025-01-04T15:37:26.638+0100 INFO               [main]                         be.pxl.services.services.PostService - Deleting post with id: 13
2025-01-04T15:37:26.660+0100 INFO               [main]                         be.pxl.services.controller.PostController - Deleting post with id: 13
2025-01-04T15:37:26.695+0100 INFO               [main]                         be.pxl.services.services.PostService - Creating new post
2025-01-04T15:37:26.720+0100 INFO               [main]                         be.pxl.services.services.PostService - Post created successfully: Draft Post 1
2025-01-04T15:37:26.721+0100 INFO               [main]                         be.pxl.services.controller.PostController - Creating new post
2025-01-04T15:37:26.724+0100 INFO               [main]                         be.pxl.services.services.PostService - Creating new post
2025-01-04T15:37:26.748+0100 INFO               [main]                         be.pxl.services.services.PostService - Post created successfully: Published Post
2025-01-04T15:37:26.748+0100 INFO               [main]                         be.pxl.services.controller.PostController - Creating new post
2025-01-04T15:37:26.750+0100 INFO               [main]                         be.pxl.services.services.PostService - Getting all published posts
2025-01-04T15:37:26.757+0100 INFO               [main]                         be.pxl.services.controller.PostController - Getting all published posts
2025-01-04T15:37:26.789+0100 INFO               [main]                         be.pxl.services.services.PostService - Creating new post
2025-01-04T15:37:26.810+0100 INFO               [main]                         be.pxl.services.services.PostService - Post created successfully: Title 1
2025-01-04T15:37:26.810+0100 INFO               [main]                         be.pxl.services.controller.PostController - Creating new post
2025-01-04T15:39:36.923+0100 INFO               [main]                         be.pxl.services.PostServiceApplicationTest - Starting PostServiceApplicationTest using Java 21.0.4 with PID 13636 (started by MechaCoder in C:\Users\MechaCoder\Documents\2-3 TIN Sem 1\Fullstack Java\project-YA-Amzil\backend-java\NewsPublishSystem\post-service)
2025-01-04T15:39:36.923+0100 DEBUG              [main]                         be.pxl.services.PostServiceApplicationTest - Running with Spring Boot v3.3.4, Spring v6.1.13
2025-01-04T15:39:36.923+0100 INFO               [main]                         be.pxl.services.PostServiceApplicationTest - No active profile set, falling back to 1 default profile: "default"
2025-01-04T15:39:47.597+0100 INFO               [main]                         be.pxl.services.PostServiceApplicationTest - Started PostServiceApplicationTest in 12.462 seconds (process running for 38.564)
2025-01-04T15:39:48.989+0100 INFO               [main]                         be.pxl.services.services.PostService - Creating new post
2025-01-04T15:39:49.106+0100 INFO               [main]                         be.pxl.services.services.PostService - Post created successfully: Draft Post 1
2025-01-04T15:39:49.107+0100 INFO               [main]                         be.pxl.services.controller.PostController - Creating new post
2025-01-04T15:39:49.117+0100 INFO               [main]                         be.pxl.services.services.PostService - Creating new post
2025-01-04T15:39:49.153+0100 INFO               [main]                         be.pxl.services.services.PostService - Post created successfully: Published Post
2025-01-04T15:39:49.154+0100 INFO               [main]                         be.pxl.services.controller.PostController - Creating new post
2025-01-04T15:39:49.156+0100 INFO               [main]                         be.pxl.services.services.PostService - Getting all draft posts
2025-01-04T15:39:49.198+0100 INFO               [main]                         be.pxl.services.controller.PostController - Getting all draft posts
2025-01-04T15:39:49.408+0100 INFO               [main]                         be.pxl.services.services.PostService - Creating new post
2025-01-04T15:39:49.429+0100 INFO               [main]                         be.pxl.services.services.PostService - Post created successfully: Title 1
2025-01-04T15:39:49.429+0100 INFO               [main]                         be.pxl.services.controller.PostController - Creating new post
2025-01-04T15:39:49.448+0100 INFO               [main]                         be.pxl.services.services.PostService - Updating post with id: 3
2025-01-04T15:39:49.502+0100 INFO               [main]                         be.pxl.services.services.PostService - Post updated successfully: Updated Title
2025-01-04T15:39:49.502+0100 INFO               [main]                         be.pxl.services.controller.PostController - Updating post with id: 3
2025-01-04T15:39:49.548+0100 INFO               [main]                         be.pxl.services.services.PostService - Creating new post
2025-01-04T15:39:49.569+0100 INFO               [main]                         be.pxl.services.services.PostService - Post created successfully: Draft Post 1
2025-01-04T15:39:49.569+0100 INFO               [main]                         be.pxl.services.controller.PostController - Creating new post
2025-01-04T15:39:49.573+0100 INFO               [main]                         be.pxl.services.services.PostService - Creating new post
2025-01-04T15:39:49.595+0100 INFO               [main]                         be.pxl.services.services.PostService - Post created successfully: Pending Post
2025-01-04T15:39:49.595+0100 INFO               [main]                         be.pxl.services.controller.PostController - Creating new post
2025-01-04T15:39:49.598+0100 INFO               [main]                         be.pxl.services.services.PostService - Creating new post
2025-01-04T15:39:49.621+0100 INFO               [main]                         be.pxl.services.services.PostService - Post created successfully: Published Post
2025-01-04T15:39:49.621+0100 INFO               [main]                         be.pxl.services.controller.PostController - Creating new post
2025-01-04T15:39:49.623+0100 INFO               [main]                         be.pxl.services.services.PostService - Getting all draft and pending posts
2025-01-04T15:39:49.632+0100 INFO               [main]                         be.pxl.services.controller.PostController - Getting all draft and pending posts
2025-01-04T15:39:49.674+0100 INFO               [main]                         be.pxl.services.services.PostService - Creating new post
2025-01-04T15:39:49.697+0100 INFO               [main]                         be.pxl.services.services.PostService - Post created successfully: Pending Post 1
2025-01-04T15:39:49.697+0100 INFO               [main]                         be.pxl.services.controller.PostController - Creating new post
2025-01-04T15:39:49.700+0100 INFO               [main]                         be.pxl.services.services.PostService - Creating new post
2025-01-04T15:39:49.719+0100 INFO               [main]                         be.pxl.services.services.PostService - Post created successfully: Published Post
2025-01-04T15:39:49.720+0100 INFO               [main]                         be.pxl.services.controller.PostController - Creating new post
2025-01-04T15:39:49.721+0100 INFO               [main]                         be.pxl.services.services.PostService - Getting all pending posts
2025-01-04T15:39:49.728+0100 INFO               [main]                         be.pxl.services.controller.PostController - Getting all pending posts
2025-01-04T15:39:49.769+0100 INFO               [main]                         be.pxl.services.services.PostService - Getting post with id: 999
2025-01-04T15:39:49.823+0100 INFO               [main]                         be.pxl.services.services.PostService - Creating new post
2025-01-04T15:39:49.849+0100 INFO               [main]                         be.pxl.services.services.PostService - Post created successfully: Title 1
2025-01-04T15:39:49.850+0100 INFO               [main]                         be.pxl.services.controller.PostController - Creating new post
2025-01-04T15:39:49.913+0100 INFO               [main]                         be.pxl.services.services.PostService - Creating new post
2025-01-04T15:39:49.937+0100 INFO               [main]                         be.pxl.services.services.PostService - Post created successfully: Title 1
2025-01-04T15:39:49.938+0100 INFO               [main]                         be.pxl.services.controller.PostController - Creating new post
2025-01-04T15:39:49.953+0100 INFO               [main]                         be.pxl.services.services.PostService - Getting post with id: 10
2025-01-04T15:39:49.962+0100 INFO               [main]                         be.pxl.services.controller.PostController - Getting post with id: 10
2025-01-04T15:39:50.013+0100 INFO               [main]                         be.pxl.services.services.PostService - Creating new post
2025-01-04T15:39:50.038+0100 INFO               [main]                         be.pxl.services.services.PostService - Post created successfully: Title 1
2025-01-04T15:39:50.039+0100 INFO               [main]                         be.pxl.services.controller.PostController - Creating new post
2025-01-04T15:39:50.042+0100 INFO               [main]                         be.pxl.services.services.PostService - Creating new post
2025-01-04T15:39:50.064+0100 INFO               [main]                         be.pxl.services.services.PostService - Post created successfully: Title 2
2025-01-04T15:39:50.065+0100 INFO               [main]                         be.pxl.services.controller.PostController - Creating new post
2025-01-04T15:39:50.067+0100 INFO               [main]                         be.pxl.services.services.PostService - Getting all posts
2025-01-04T15:39:50.080+0100 INFO               [main]                         be.pxl.services.controller.PostController - Getting all posts
2025-01-04T15:39:50.125+0100 INFO               [main]                         be.pxl.services.services.PostService - Creating new post
2025-01-04T15:39:50.149+0100 INFO               [main]                         be.pxl.services.services.PostService - Post created successfully: Title 1
2025-01-04T15:39:50.149+0100 INFO               [main]                         be.pxl.services.controller.PostController - Creating new post
2025-01-04T15:39:50.165+0100 INFO               [main]                         be.pxl.services.services.PostService - Deleting post with id: 13
2025-01-04T15:39:50.201+0100 INFO               [main]                         be.pxl.services.controller.PostController - Deleting post with id: 13
2025-01-04T15:39:50.232+0100 INFO               [main]                         be.pxl.services.services.PostService - Creating new post
2025-01-04T15:39:50.257+0100 INFO               [main]                         be.pxl.services.services.PostService - Post created successfully: Draft Post 1
2025-01-04T15:39:50.258+0100 INFO               [main]                         be.pxl.services.controller.PostController - Creating new post
2025-01-04T15:39:50.261+0100 INFO               [main]                         be.pxl.services.services.PostService - Creating new post
2025-01-04T15:39:50.289+0100 INFO               [main]                         be.pxl.services.services.PostService - Post created successfully: Published Post
2025-01-04T15:39:50.289+0100 INFO               [main]                         be.pxl.services.controller.PostController - Creating new post
2025-01-04T15:39:50.291+0100 INFO               [main]                         be.pxl.services.services.PostService - Getting all published posts
2025-01-04T15:39:50.299+0100 INFO               [main]                         be.pxl.services.controller.PostController - Getting all published posts
2025-01-04T15:39:50.348+0100 INFO               [main]                         be.pxl.services.services.PostService - Creating new post
2025-01-04T15:39:50.372+0100 INFO               [main]                         be.pxl.services.services.PostService - Post created successfully: Title 1
2025-01-04T15:39:50.373+0100 INFO               [main]                         be.pxl.services.controller.PostController - Creating new post
2025-01-04T15:46:50.414+0100 INFO               [main]                         be.pxl.services.PostServiceApplicationTest - Starting PostServiceApplicationTest using Java 21.0.4 with PID 12604 (started by MechaCoder in C:\Users\MechaCoder\Documents\2-3 TIN Sem 1\Fullstack Java\project-YA-Amzil\backend-java\NewsPublishSystem\post-service)
2025-01-04T15:46:50.414+0100 DEBUG              [main]                         be.pxl.services.PostServiceApplicationTest - Running with Spring Boot v3.3.4, Spring v6.1.13
2025-01-04T15:46:50.414+0100 INFO               [main]                         be.pxl.services.PostServiceApplicationTest - No active profile set, falling back to 1 default profile: "default"
2025-01-04T15:47:00.539+0100 INFO               [main]                         be.pxl.services.PostServiceApplicationTest - Started PostServiceApplicationTest in 11.427 seconds (process running for 39.348)
2025-01-04T15:47:01.734+0100 INFO               [main]                         be.pxl.services.services.PostService - Creating new post
2025-01-04T15:47:01.879+0100 INFO               [main]                         be.pxl.services.services.PostService - Post created successfully: Draft Post 1
2025-01-04T15:47:01.880+0100 INFO               [main]                         be.pxl.services.controller.PostController - Creating new post
2025-01-04T15:47:01.908+0100 INFO               [main]                         be.pxl.services.services.PostService - Creating new post
2025-01-04T15:47:01.939+0100 INFO               [main]                         be.pxl.services.services.PostService - Post created successfully: Published Post
2025-01-04T15:47:01.940+0100 INFO               [main]                         be.pxl.services.controller.PostController - Creating new post
2025-01-04T15:47:01.943+0100 INFO               [main]                         be.pxl.services.services.PostService - Getting all draft posts
2025-01-04T15:47:01.993+0100 INFO               [main]                         be.pxl.services.controller.PostController - Getting all draft posts
2025-01-04T15:47:02.193+0100 INFO               [main]                         be.pxl.services.services.PostService - Creating new post
2025-01-04T15:47:02.219+0100 INFO               [main]                         be.pxl.services.services.PostService - Post created successfully: Title 1
2025-01-04T15:47:02.219+0100 INFO               [main]                         be.pxl.services.controller.PostController - Creating new post
2025-01-04T15:47:02.244+0100 INFO               [main]                         be.pxl.services.services.PostService - Updating post with id: 3
2025-01-04T15:47:02.309+0100 INFO               [main]                         be.pxl.services.services.PostService - Post updated successfully: Updated Title
2025-01-04T15:47:02.310+0100 INFO               [main]                         be.pxl.services.controller.PostController - Updating post with id: 3
2025-01-04T15:47:02.371+0100 INFO               [main]                         be.pxl.services.services.PostService - Creating new post
2025-01-04T15:47:02.399+0100 INFO               [main]                         be.pxl.services.services.PostService - Post created successfully: Draft Post 1
2025-01-04T15:47:02.400+0100 INFO               [main]                         be.pxl.services.controller.PostController - Creating new post
2025-01-04T15:47:02.406+0100 INFO               [main]                         be.pxl.services.services.PostService - Creating new post
2025-01-04T15:47:02.439+0100 INFO               [main]                         be.pxl.services.services.PostService - Post created successfully: Pending Post
2025-01-04T15:47:02.440+0100 INFO               [main]                         be.pxl.services.controller.PostController - Creating new post
2025-01-04T15:47:02.444+0100 INFO               [main]                         be.pxl.services.services.PostService - Creating new post
2025-01-04T15:47:02.472+0100 INFO               [main]                         be.pxl.services.services.PostService - Post created successfully: Published Post
2025-01-04T15:47:02.472+0100 INFO               [main]                         be.pxl.services.controller.PostController - Creating new post
2025-01-04T15:47:02.475+0100 INFO               [main]                         be.pxl.services.services.PostService - Getting all draft and pending posts
2025-01-04T15:47:02.488+0100 INFO               [main]                         be.pxl.services.controller.PostController - Getting all draft and pending posts
2025-01-04T15:47:02.545+0100 INFO               [main]                         be.pxl.services.services.PostService - Creating new post
2025-01-04T15:47:02.570+0100 INFO               [main]                         be.pxl.services.services.PostService - Post created successfully: Pending Post 1
2025-01-04T15:47:02.570+0100 INFO               [main]                         be.pxl.services.controller.PostController - Creating new post
2025-01-04T15:47:02.575+0100 INFO               [main]                         be.pxl.services.services.PostService - Creating new post
2025-01-04T15:47:02.601+0100 INFO               [main]                         be.pxl.services.services.PostService - Post created successfully: Published Post
2025-01-04T15:47:02.601+0100 INFO               [main]                         be.pxl.services.controller.PostController - Creating new post
2025-01-04T15:47:02.604+0100 INFO               [main]                         be.pxl.services.services.PostService - Getting all pending posts
2025-01-04T15:47:02.611+0100 INFO               [main]                         be.pxl.services.controller.PostController - Getting all pending posts
2025-01-04T15:47:02.673+0100 INFO               [main]                         be.pxl.services.services.PostService - Getting post with id: 999
2025-01-04T15:47:02.727+0100 INFO               [main]                         be.pxl.services.services.PostService - Creating new post
2025-01-04T15:47:02.754+0100 INFO               [main]                         be.pxl.services.services.PostService - Post created successfully: Title 1
2025-01-04T15:47:02.755+0100 INFO               [main]                         be.pxl.services.controller.PostController - Creating new post
2025-01-04T15:47:02.831+0100 INFO               [main]                         be.pxl.services.services.PostService - Creating new post
2025-01-04T15:47:02.857+0100 INFO               [main]                         be.pxl.services.services.PostService - Post created successfully: Title 1
2025-01-04T15:47:02.858+0100 INFO               [main]                         be.pxl.services.controller.PostController - Creating new post
2025-01-04T15:47:02.876+0100 INFO               [main]                         be.pxl.services.services.PostService - Getting post with id: 10
2025-01-04T15:47:02.888+0100 INFO               [main]                         be.pxl.services.controller.PostController - Getting post with id: 10
2025-01-04T15:47:02.944+0100 INFO               [main]                         be.pxl.services.services.PostService - Creating new post
2025-01-04T15:47:02.968+0100 INFO               [main]                         be.pxl.services.services.PostService - Post created successfully: Title 1
2025-01-04T15:47:02.968+0100 INFO               [main]                         be.pxl.services.controller.PostController - Creating new post
2025-01-04T15:47:02.972+0100 INFO               [main]                         be.pxl.services.services.PostService - Creating new post
2025-01-04T15:47:02.998+0100 INFO               [main]                         be.pxl.services.services.PostService - Post created successfully: Title 2
2025-01-04T15:47:02.998+0100 INFO               [main]                         be.pxl.services.controller.PostController - Creating new post
2025-01-04T15:47:03.001+0100 INFO               [main]                         be.pxl.services.services.PostService - Getting all posts
2025-01-04T15:47:03.016+0100 INFO               [main]                         be.pxl.services.controller.PostController - Getting all posts
2025-01-04T15:47:03.065+0100 INFO               [main]                         be.pxl.services.services.PostService - Creating new post
2025-01-04T15:47:03.093+0100 INFO               [main]                         be.pxl.services.services.PostService - Post created successfully: Title 1
2025-01-04T15:47:03.093+0100 INFO               [main]                         be.pxl.services.controller.PostController - Creating new post
2025-01-04T15:47:03.112+0100 INFO               [main]                         be.pxl.services.services.PostService - Deleting post with id: 13
2025-01-04T15:47:03.150+0100 INFO               [main]                         be.pxl.services.controller.PostController - Deleting post with id: 13
2025-01-04T15:47:03.182+0100 INFO               [main]                         be.pxl.services.services.PostService - Creating new post
2025-01-04T15:47:03.213+0100 INFO               [main]                         be.pxl.services.services.PostService - Post created successfully: Draft Post 1
2025-01-04T15:47:03.213+0100 INFO               [main]                         be.pxl.services.controller.PostController - Creating new post
2025-01-04T15:47:03.217+0100 INFO               [main]                         be.pxl.services.services.PostService - Creating new post
2025-01-04T15:47:03.244+0100 INFO               [main]                         be.pxl.services.services.PostService - Post created successfully: Published Post
2025-01-04T15:47:03.244+0100 INFO               [main]                         be.pxl.services.controller.PostController - Creating new post
2025-01-04T15:47:03.247+0100 INFO               [main]                         be.pxl.services.services.PostService - Getting all published posts
2025-01-04T15:47:03.254+0100 INFO               [main]                         be.pxl.services.controller.PostController - Getting all published posts
2025-01-04T15:47:03.298+0100 INFO               [main]                         be.pxl.services.services.PostService - Creating new post
2025-01-04T15:47:03.322+0100 INFO               [main]                         be.pxl.services.services.PostService - Post created successfully: Title 1
2025-01-04T15:47:03.322+0100 INFO               [main]                         be.pxl.services.controller.PostController - Creating new post
2025-01-04T15:47:03.342+0100 INFO               [main]                         be.pxl.services.services.PostService - Updating post status with id: 16
2025-01-04T15:47:03.380+0100 INFO               [main]                         be.pxl.services.services.PostService - Post status updated successfully: Title 1
2025-01-04T15:47:03.381+0100 INFO               [main]                         be.pxl.services.controller.PostController - Updating post status with id: 16
2025-01-04T15:49:09.405+0100 INFO               [main]                         be.pxl.services.PostServiceApplicationTest - Starting PostServiceApplicationTest using Java 21.0.4 with PID 9112 (started by MechaCoder in C:\Users\MechaCoder\Documents\2-3 TIN Sem 1\Fullstack Java\project-YA-Amzil\backend-java\NewsPublishSystem\post-service)
2025-01-04T15:49:09.407+0100 DEBUG              [main]                         be.pxl.services.PostServiceApplicationTest - Running with Spring Boot v3.3.4, Spring v6.1.13
2025-01-04T15:49:09.407+0100 INFO               [main]                         be.pxl.services.PostServiceApplicationTest - No active profile set, falling back to 1 default profile: "default"
2025-01-04T15:49:16.914+0100 INFO               [main]                         be.pxl.services.PostServiceApplicationTest - Started PostServiceApplicationTest in 8.927 seconds (process running for 35.317)
2025-01-04T15:49:18.015+0100 INFO               [main]                         be.pxl.services.services.PostService - Creating new post
2025-01-04T15:49:18.101+0100 INFO               [main]                         be.pxl.services.services.PostService - Post created successfully: Draft Post 1
2025-01-04T15:49:18.102+0100 INFO               [main]                         be.pxl.services.controller.PostController - Creating new post
2025-01-04T15:49:18.112+0100 INFO               [main]                         be.pxl.services.services.PostService - Creating new post
2025-01-04T15:49:18.134+0100 INFO               [main]                         be.pxl.services.services.PostService - Post created successfully: Published Post
2025-01-04T15:49:18.134+0100 INFO               [main]                         be.pxl.services.controller.PostController - Creating new post
2025-01-04T15:49:18.136+0100 INFO               [main]                         be.pxl.services.services.PostService - Getting all draft posts
2025-01-04T15:49:18.171+0100 INFO               [main]                         be.pxl.services.controller.PostController - Getting all draft posts
2025-01-04T15:49:18.369+0100 INFO               [main]                         be.pxl.services.services.PostService - Creating new post
2025-01-04T15:49:18.390+0100 INFO               [main]                         be.pxl.services.services.PostService - Post created successfully: Title 1
2025-01-04T15:49:18.390+0100 INFO               [main]                         be.pxl.services.controller.PostController - Creating new post
2025-01-04T15:49:18.408+0100 INFO               [main]                         be.pxl.services.services.PostService - Updating post with id: 3
2025-01-04T15:49:18.458+0100 INFO               [main]                         be.pxl.services.services.PostService - Post updated successfully: Updated Title
2025-01-04T15:49:18.459+0100 INFO               [main]                         be.pxl.services.controller.PostController - Updating post with id: 3
2025-01-04T15:49:18.507+0100 INFO               [main]                         be.pxl.services.services.PostService - Creating new post
2025-01-04T15:49:18.532+0100 INFO               [main]                         be.pxl.services.services.PostService - Post created successfully: Draft Post 1
2025-01-04T15:49:18.532+0100 INFO               [main]                         be.pxl.services.controller.PostController - Creating new post
2025-01-04T15:49:18.538+0100 INFO               [main]                         be.pxl.services.services.PostService - Creating new post
2025-01-04T15:49:18.571+0100 INFO               [main]                         be.pxl.services.services.PostService - Post created successfully: Pending Post
2025-01-04T15:49:18.571+0100 INFO               [main]                         be.pxl.services.controller.PostController - Creating new post
2025-01-04T15:49:18.575+0100 INFO               [main]                         be.pxl.services.services.PostService - Creating new post
2025-01-04T15:49:18.599+0100 INFO               [main]                         be.pxl.services.services.PostService - Post created successfully: Published Post
2025-01-04T15:49:18.600+0100 INFO               [main]                         be.pxl.services.controller.PostController - Creating new post
2025-01-04T15:49:18.602+0100 INFO               [main]                         be.pxl.services.services.PostService - Getting all draft and pending posts
2025-01-04T15:49:18.614+0100 INFO               [main]                         be.pxl.services.controller.PostController - Getting all draft and pending posts
2025-01-04T15:49:18.671+0100 INFO               [main]                         be.pxl.services.services.PostService - Creating new post
2025-01-04T15:49:18.696+0100 INFO               [main]                         be.pxl.services.services.PostService - Post created successfully: Pending Post 1
2025-01-04T15:49:18.697+0100 INFO               [main]                         be.pxl.services.controller.PostController - Creating new post
2025-01-04T15:49:18.702+0100 INFO               [main]                         be.pxl.services.services.PostService - Creating new post
2025-01-04T15:49:18.728+0100 INFO               [main]                         be.pxl.services.services.PostService - Post created successfully: Published Post
2025-01-04T15:49:18.728+0100 INFO               [main]                         be.pxl.services.controller.PostController - Creating new post
2025-01-04T15:49:18.731+0100 INFO               [main]                         be.pxl.services.services.PostService - Getting all pending posts
2025-01-04T15:49:18.738+0100 INFO               [main]                         be.pxl.services.controller.PostController - Getting all pending posts
2025-01-04T15:49:18.777+0100 INFO               [main]                         be.pxl.services.services.PostService - Getting post with id: 999
2025-01-04T15:49:18.816+0100 INFO               [main]                         be.pxl.services.services.PostService - Creating new post
2025-01-04T15:49:18.833+0100 INFO               [main]                         be.pxl.services.services.PostService - Post created successfully: Title 1
2025-01-04T15:49:18.833+0100 INFO               [main]                         be.pxl.services.controller.PostController - Creating new post
2025-01-04T15:49:18.879+0100 INFO               [main]                         be.pxl.services.services.PostService - Creating new post
2025-01-04T15:49:18.896+0100 INFO               [main]                         be.pxl.services.services.PostService - Post created successfully: Title 1
2025-01-04T15:49:18.896+0100 INFO               [main]                         be.pxl.services.controller.PostController - Creating new post
2025-01-04T15:49:18.907+0100 INFO               [main]                         be.pxl.services.services.PostService - Getting post with id: 10
2025-01-04T15:49:18.913+0100 INFO               [main]                         be.pxl.services.controller.PostController - Getting post with id: 10
2025-01-04T15:49:18.968+0100 INFO               [main]                         be.pxl.services.services.PostService - Creating new post
2025-01-04T15:49:18.983+0100 INFO               [main]                         be.pxl.services.services.PostService - Post created successfully: Title 1
2025-01-04T15:49:18.983+0100 INFO               [main]                         be.pxl.services.controller.PostController - Creating new post
2025-01-04T15:49:18.983+0100 INFO               [main]                         be.pxl.services.services.PostService - Creating new post
2025-01-04T15:49:19.008+0100 INFO               [main]                         be.pxl.services.services.PostService - Post created successfully: Title 2
2025-01-04T15:49:19.009+0100 INFO               [main]                         be.pxl.services.controller.PostController - Creating new post
2025-01-04T15:49:19.012+0100 INFO               [main]                         be.pxl.services.services.PostService - Getting all posts
2025-01-04T15:49:19.034+0100 INFO               [main]                         be.pxl.services.controller.PostController - Getting all posts
2025-01-04T15:49:19.069+0100 INFO               [main]                         be.pxl.services.services.PostService - Creating new post
2025-01-04T15:49:19.088+0100 INFO               [main]                         be.pxl.services.services.PostService - Post created successfully: Title 1
2025-01-04T15:49:19.088+0100 INFO               [main]                         be.pxl.services.controller.PostController - Creating new post
2025-01-04T15:49:19.098+0100 INFO               [main]                         be.pxl.services.services.PostService - Deleting post with id: 13
2025-01-04T15:49:19.124+0100 INFO               [main]                         be.pxl.services.controller.PostController - Deleting post with id: 13
2025-01-04T15:49:19.154+0100 INFO               [main]                         be.pxl.services.services.PostService - Creating new post
2025-01-04T15:49:19.182+0100 INFO               [main]                         be.pxl.services.services.PostService - Post created successfully: Draft Post 1
2025-01-04T15:49:19.182+0100 INFO               [main]                         be.pxl.services.controller.PostController - Creating new post
2025-01-04T15:49:19.185+0100 INFO               [main]                         be.pxl.services.services.PostService - Creating new post
2025-01-04T15:49:19.208+0100 INFO               [main]                         be.pxl.services.services.PostService - Post created successfully: Published Post
2025-01-04T15:49:19.209+0100 INFO               [main]                         be.pxl.services.controller.PostController - Creating new post
2025-01-04T15:49:19.211+0100 INFO               [main]                         be.pxl.services.services.PostService - Getting all published posts
2025-01-04T15:49:19.216+0100 INFO               [main]                         be.pxl.services.controller.PostController - Getting all published posts
2025-01-04T15:49:19.255+0100 INFO               [main]                         be.pxl.services.services.PostService - Creating new post
2025-01-04T15:49:19.274+0100 INFO               [main]                         be.pxl.services.services.PostService - Post created successfully: Title 1
2025-01-04T15:49:19.275+0100 INFO               [main]                         be.pxl.services.controller.PostController - Creating new post
2025-01-04T15:49:19.290+0100 INFO               [main]                         be.pxl.services.services.PostService - Updating post status with id: 16
2025-01-04T15:49:19.319+0100 INFO               [main]                         be.pxl.services.services.PostService - Post status updated successfully: Title 1
2025-01-04T15:49:19.319+0100 INFO               [main]                         be.pxl.services.controller.PostController - Updating post status with id: 16
