2024-12-04T18:38:39.031+0100 INFO               [main]                         be.pxl.services.PostServiceApplication - Starting PostServiceApplication using Java 21.0.4 with PID 20820 (C:\Users\MechaCoder\Documents\2-3 TIN Sem 1\Fullstack Java\project-YA-Amzil\backend-java\NewsPublishSystem\post-service\target\classes started by MechaCoder in C:\Users\MechaCoder\Documents\2-3 TIN Sem 1\Fullstack Java\project-YA-Amzil\backend-java\NewsPublishSystem)
2024-12-04T18:38:39.051+0100 DEBUG              [main]                         be.pxl.services.PostServiceApplication - Running with Spring Boot v3.3.4, Spring v6.1.13
2024-12-04T18:38:39.052+0100 INFO               [main]                         be.pxl.services.PostServiceApplication - No active profile set, falling back to 1 default profile: "default"
2024-12-04T18:38:51.233+0100 INFO               [main]                         be.pxl.services.PostServiceApplication - Started PostServiceApplication in 14.238 seconds (process running for 15.289)
2024-12-04T19:11:58.261+0100 INFO               [http-nio-8081-exec-1]         be.pxl.services.services.PostService - Adding new post: test
2024-12-04T19:15:53.026+0100 INFO               [http-nio-8081-exec-2]         be.pxl.services.services.PostService - Adding new post: test
2024-12-04T19:18:03.010+0100 INFO               [http-nio-8081-exec-3]         be.pxl.services.services.PostService - Adding new post: test
2024-12-04T19:22:39.544+0100 INFO               [http-nio-8081-exec-4]         be.pxl.services.services.PostService - Adding new post: test
2024-12-04T19:27:19.035+0100 INFO               [main]                         be.pxl.services.PostServiceApplication - Starting PostServiceApplication using Java 21.0.4 with PID 23416 (C:\Users\MechaCoder\Documents\2-3 TIN Sem 1\Fullstack Java\project-YA-Amzil\backend-java\NewsPublishSystem\post-service\target\classes started by MechaCoder in C:\Users\MechaCoder\Documents\2-3 TIN Sem 1\Fullstack Java\project-YA-Amzil\backend-java\NewsPublishSystem)
2024-12-04T19:27:19.036+0100 DEBUG              [main]                         be.pxl.services.PostServiceApplication - Running with Spring Boot v3.3.4, Spring v6.1.13
2024-12-04T19:27:19.037+0100 INFO               [main]                         be.pxl.services.PostServiceApplication - No active profile set, falling back to 1 default profile: "default"
2024-12-04T19:27:26.247+0100 INFO               [main]                         be.pxl.services.PostServiceApplication - Started PostServiceApplication in 8.935 seconds (process running for 10.374)
2024-12-04T19:28:00.359+0100 INFO               [http-nio-8081-exec-1]         be.pxl.services.services.PostService - Adding new post: test
2024-12-04T19:49:26.045+0100 INFO               [main]                         be.pxl.services.PostServiceApplication - Starting PostServiceApplication using Java 21.0.4 with PID 22240 (C:\Users\MechaCoder\Documents\2-3 TIN Sem 1\Fullstack Java\project-YA-Amzil\backend-java\NewsPublishSystem\post-service\target\classes started by MechaCoder in C:\Users\MechaCoder\Documents\2-3 TIN Sem 1\Fullstack Java\project-YA-Amzil\backend-java\NewsPublishSystem)
2024-12-04T19:49:26.046+0100 DEBUG              [main]                         be.pxl.services.PostServiceApplication - Running with Spring Boot v3.3.4, Spring v6.1.13
2024-12-04T19:49:26.047+0100 INFO               [main]                         be.pxl.services.PostServiceApplication - No active profile set, falling back to 1 default profile: "default"
2024-12-04T19:49:33.379+0100 INFO               [main]                         be.pxl.services.PostServiceApplication - Started PostServiceApplication in 8.902 seconds (process running for 9.999)
2024-12-04T19:51:09.996+0100 INFO               [http-nio-8081-exec-1]         be.pxl.services.services.PostService - Adding new post: test
2024-12-04T20:05:42.622+0100 INFO               [main]                         be.pxl.services.PostServiceApplication - Starting PostServiceApplication using Java 21.0.4 with PID 17796 (C:\Users\MechaCoder\Documents\2-3 TIN Sem 1\Fullstack Java\project-YA-Amzil\backend-java\NewsPublishSystem\post-service\target\classes started by MechaCoder in C:\Users\MechaCoder\Documents\2-3 TIN Sem 1\Fullstack Java\project-YA-Amzil\backend-java\NewsPublishSystem)
2024-12-04T20:05:42.624+0100 DEBUG              [main]                         be.pxl.services.PostServiceApplication - Running with Spring Boot v3.3.4, Spring v6.1.13
2024-12-04T20:05:42.625+0100 INFO               [main]                         be.pxl.services.PostServiceApplication - No active profile set, falling back to 1 default profile: "default"
2024-12-04T20:05:49.946+0100 INFO               [main]                         be.pxl.services.PostServiceApplication - Started PostServiceApplication in 8.9 seconds (process running for 9.984)
2024-12-04T20:06:44.201+0100 INFO               [http-nio-8081-exec-1]         be.pxl.services.services.PostService - Adding new post: test
2024-12-04T20:09:14.874+0100 INFO               [main]                         be.pxl.services.PostServiceApplication - Starting PostServiceApplication using Java 21.0.4 with PID 8360 (C:\Users\MechaCoder\Documents\2-3 TIN Sem 1\Fullstack Java\project-YA-Amzil\backend-java\NewsPublishSystem\post-service\target\classes started by MechaCoder in C:\Users\MechaCoder\Documents\2-3 TIN Sem 1\Fullstack Java\project-YA-Amzil\backend-java\NewsPublishSystem)
2024-12-04T20:09:14.876+0100 DEBUG              [main]                         be.pxl.services.PostServiceApplication - Running with Spring Boot v3.3.4, Spring v6.1.13
2024-12-04T20:09:14.877+0100 INFO               [main]                         be.pxl.services.PostServiceApplication - No active profile set, falling back to 1 default profile: "default"
2024-12-04T20:09:22.155+0100 INFO               [main]                         be.pxl.services.PostServiceApplication - Started PostServiceApplication in 8.758 seconds (process running for 9.984)
2024-12-04T20:11:05.093+0100 INFO               [http-nio-8081-exec-1]         be.pxl.services.services.PostService - Adding new post: test
2024-12-04T20:16:19.893+0100 INFO               [main]                         be.pxl.services.PostServiceApplication - Starting PostServiceApplication using Java 21.0.4 with PID 5840 (C:\Users\MechaCoder\Documents\2-3 TIN Sem 1\Fullstack Java\project-YA-Amzil\backend-java\NewsPublishSystem\post-service\target\classes started by MechaCoder in C:\Users\MechaCoder\Documents\2-3 TIN Sem 1\Fullstack Java\project-YA-Amzil\backend-java\NewsPublishSystem)
2024-12-04T20:16:19.894+0100 DEBUG              [main]                         be.pxl.services.PostServiceApplication - Running with Spring Boot v3.3.4, Spring v6.1.13
2024-12-04T20:16:19.896+0100 INFO               [main]                         be.pxl.services.PostServiceApplication - No active profile set, falling back to 1 default profile: "default"
2024-12-04T20:16:30.000+0100 INFO               [main]                         be.pxl.services.PostServiceApplication - Started PostServiceApplication in 12.039 seconds (process running for 13.198)
2024-12-04T20:18:16.218+0100 INFO               [http-nio-8081-exec-1]         be.pxl.services.services.PostService - Adding new post: test
2024-12-04T20:19:52.298+0100 INFO               [main]                         be.pxl.services.PostServiceApplication - Starting PostServiceApplication using Java 21.0.4 with PID 12940 (C:\Users\MechaCoder\Documents\2-3 TIN Sem 1\Fullstack Java\project-YA-Amzil\backend-java\NewsPublishSystem\post-service\target\classes started by MechaCoder in C:\Users\MechaCoder\Documents\2-3 TIN Sem 1\Fullstack Java\project-YA-Amzil\backend-java\NewsPublishSystem)
2024-12-04T20:19:52.300+0100 DEBUG              [main]                         be.pxl.services.PostServiceApplication - Running with Spring Boot v3.3.4, Spring v6.1.13
2024-12-04T20:19:52.301+0100 INFO               [main]                         be.pxl.services.PostServiceApplication - No active profile set, falling back to 1 default profile: "default"
2024-12-04T20:20:00.933+0100 INFO               [main]                         be.pxl.services.PostServiceApplication - Started PostServiceApplication in 10.134 seconds (process running for 11.163)
2024-12-04T20:20:56.796+0100 INFO               [http-nio-8081-exec-1]         be.pxl.services.services.PostService - Adding new post: test
2024-12-04T20:25:57.590+0100 INFO               [main]                         be.pxl.services.PostServiceApplication - Starting PostServiceApplication using Java 21.0.4 with PID 18312 (C:\Users\MechaCoder\Documents\2-3 TIN Sem 1\Fullstack Java\project-YA-Amzil\backend-java\NewsPublishSystem\post-service\target\classes started by MechaCoder in C:\Users\MechaCoder\Documents\2-3 TIN Sem 1\Fullstack Java\project-YA-Amzil\backend-java\NewsPublishSystem)
2024-12-04T20:25:57.592+0100 DEBUG              [main]                         be.pxl.services.PostServiceApplication - Running with Spring Boot v3.3.4, Spring v6.1.13
2024-12-04T20:25:57.593+0100 INFO               [main]                         be.pxl.services.PostServiceApplication - No active profile set, falling back to 1 default profile: "default"
2024-12-04T20:26:04.026+0100 INFO               [main]                         be.pxl.services.PostServiceApplication - Started PostServiceApplication in 7.98 seconds (process running for 9.045)
2024-12-04T20:26:59.943+0100 INFO               [http-nio-8081-exec-2]         be.pxl.services.services.PostService - Adding new post: test
2024-12-04T20:33:12.835+0100 INFO               [main]                         be.pxl.services.PostServiceApplication - Starting PostServiceApplication using Java 21.0.4 with PID 23308 (C:\Users\MechaCoder\Documents\2-3 TIN Sem 1\Fullstack Java\project-YA-Amzil\backend-java\NewsPublishSystem\post-service\target\classes started by MechaCoder in C:\Users\MechaCoder\Documents\2-3 TIN Sem 1\Fullstack Java\project-YA-Amzil\backend-java\NewsPublishSystem)
2024-12-04T20:33:12.837+0100 DEBUG              [main]                         be.pxl.services.PostServiceApplication - Running with Spring Boot v3.3.4, Spring v6.1.13
2024-12-04T20:33:12.838+0100 INFO               [main]                         be.pxl.services.PostServiceApplication - No active profile set, falling back to 1 default profile: "default"
2024-12-04T20:33:20.618+0100 INFO               [main]                         be.pxl.services.PostServiceApplication - Started PostServiceApplication in 9.472 seconds (process running for 10.596)
2024-12-04T20:34:05.178+0100 INFO               [http-nio-8081-exec-1]         be.pxl.services.services.PostService - Adding new post: test
2024-12-04T20:34:05.288+0100 INFO               [http-nio-8081-exec-1]         be.pxl.services.services.PostService - Post added successfully: test
2024-12-04T20:34:05.289+0100 INFO               [http-nio-8081-exec-1]         be.pxl.services.controller.PostController - Creating new post
2024-12-04T20:40:10.079+0100 INFO               [main]                         be.pxl.services.PostServiceApplication - Starting PostServiceApplication using Java 21.0.4 with PID 21156 (C:\Users\MechaCoder\Documents\2-3 TIN Sem 1\Fullstack Java\project-YA-Amzil\backend-java\NewsPublishSystem\post-service\target\classes started by MechaCoder in C:\Users\MechaCoder\Documents\2-3 TIN Sem 1\Fullstack Java\project-YA-Amzil\backend-java\NewsPublishSystem)
2024-12-04T20:40:10.081+0100 DEBUG              [main]                         be.pxl.services.PostServiceApplication - Running with Spring Boot v3.3.4, Spring v6.1.13
2024-12-04T20:40:10.082+0100 INFO               [main]                         be.pxl.services.PostServiceApplication - No active profile set, falling back to 1 default profile: "default"
2024-12-04T20:40:21.570+0100 INFO               [main]                         be.pxl.services.PostServiceApplication - Started PostServiceApplication in 13.164 seconds (process running for 14.453)
2024-12-04T20:43:51.357+0100 INFO               [main]                         be.pxl.services.PostServiceApplication - Starting PostServiceApplication using Java 21.0.4 with PID 20964 (C:\Users\MechaCoder\Documents\2-3 TIN Sem 1\Fullstack Java\project-YA-Amzil\backend-java\NewsPublishSystem\post-service\target\classes started by MechaCoder in C:\Users\MechaCoder\Documents\2-3 TIN Sem 1\Fullstack Java\project-YA-Amzil\backend-java\NewsPublishSystem)
2024-12-04T20:43:51.359+0100 DEBUG              [main]                         be.pxl.services.PostServiceApplication - Running with Spring Boot v3.3.4, Spring v6.1.13
2024-12-04T20:43:51.360+0100 INFO               [main]                         be.pxl.services.PostServiceApplication - No active profile set, falling back to 1 default profile: "default"
2024-12-04T20:43:59.430+0100 INFO               [main]                         be.pxl.services.PostServiceApplication - Started PostServiceApplication in 10.029 seconds (process running for 11.093)
2024-12-04T20:44:57.379+0100 INFO               [http-nio-8081-exec-1]         be.pxl.services.services.PostService - Adding new post: test
2024-12-04T20:44:57.596+0100 INFO               [http-nio-8081-exec-1]         be.pxl.services.services.PostService - Post added successfully: test
2024-12-04T20:44:57.596+0100 INFO               [http-nio-8081-exec-1]         be.pxl.services.controller.PostController - Creating new post
