2024-12-29T12:24:44.608+0100 INFO               [main]                         be.pxl.services.PostServiceApplication - Starting PostServiceApplication using Java 21.0.4 with PID 23200 (C:\Users\MechaCoder\Documents\2-3 TIN Sem 1\Fullstack Java\project-YA-Amzil\backend-java\NewsPublishSystem\post-service\target\classes started by MechaCoder in C:\Users\MechaCoder\Documents\2-3 TIN Sem 1\Fullstack Java\project-YA-Amzil\backend-java\NewsPublishSystem)
2024-12-29T12:24:44.618+0100 DEBUG              [main]                         be.pxl.services.PostServiceApplication - Running with Spring Boot v3.3.4, Spring v6.1.13
2024-12-29T12:24:44.619+0100 INFO               [main]                         be.pxl.services.PostServiceApplication - No active profile set, falling back to 1 default profile: "default"
2024-12-29T12:24:52.057+0100 INFO               [main]                         be.pxl.services.PostServiceApplication - Started PostServiceApplication in 9.085 seconds (process running for 10.268)
2024-12-29T12:25:16.466+0100 INFO               [main]                         be.pxl.services.ReviewServiceApplication - Starting ReviewServiceApplication using Java 21.0.4 with PID 25952 (C:\Users\MechaCoder\Documents\2-3 TIN Sem 1\Fullstack Java\project-YA-Amzil\backend-java\NewsPublishSystem\review-service\target\classes started by MechaCoder in C:\Users\MechaCoder\Documents\2-3 TIN Sem 1\Fullstack Java\project-YA-Amzil\backend-java\NewsPublishSystem)
2024-12-29T12:25:16.468+0100 DEBUG              [main]                         be.pxl.services.ReviewServiceApplication - Running with Spring Boot v3.3.4, Spring v6.1.13
2024-12-29T12:25:16.469+0100 INFO               [main]                         be.pxl.services.ReviewServiceApplication - No active profile set, falling back to 1 default profile: "default"
2024-12-29T12:25:24.824+0100 INFO               [main]                         be.pxl.services.ReviewServiceApplication - Started ReviewServiceApplication in 10.67 seconds (process running for 11.94)
2024-12-29T12:27:35.028+0100 INFO               [http-nio-8081-exec-1]         be.pxl.services.services.PostService - Getting all published posts
2024-12-29T12:27:35.409+0100 INFO               [http-nio-8081-exec-1]         be.pxl.services.controller.PostController - Getting all published posts
2024-12-29T12:27:42.098+0100 INFO               [http-nio-8081-exec-3]         be.pxl.services.services.PostService - Getting all published posts
2024-12-29T12:27:42.110+0100 INFO               [http-nio-8081-exec-3]         be.pxl.services.controller.PostController - Getting all published posts
2024-12-29T12:27:43.144+0100 INFO               [http-nio-8081-exec-2]         be.pxl.services.services.PostService - Getting post with id: 1
2024-12-29T12:27:43.218+0100 INFO               [http-nio-8081-exec-2]         be.pxl.services.controller.PostController - Getting post with id: 1
2024-12-29T12:27:56.605+0100 INFO               [http-nio-8081-exec-5]         be.pxl.services.services.PostService - Getting all published posts
2024-12-29T12:27:56.618+0100 INFO               [http-nio-8081-exec-5]         be.pxl.services.controller.PostController - Getting all published posts
2024-12-29T12:28:00.678+0100 INFO               [http-nio-8081-exec-4]         be.pxl.services.services.PostService - Getting post with id: 1
2024-12-29T12:28:00.705+0100 INFO               [http-nio-8081-exec-4]         be.pxl.services.controller.PostController - Getting post with id: 1
2024-12-29T12:28:16.821+0100 INFO               [http-nio-8081-exec-6]         be.pxl.services.services.PostService - Getting all published posts
2024-12-29T12:28:16.835+0100 INFO               [http-nio-8081-exec-6]         be.pxl.services.controller.PostController - Getting all published posts
2024-12-29T12:28:18.280+0100 INFO               [http-nio-8081-exec-7]         be.pxl.services.services.PostService - Getting post with id: 1
2024-12-29T12:28:18.297+0100 INFO               [http-nio-8081-exec-7]         be.pxl.services.controller.PostController - Getting post with id: 1
2024-12-29T12:28:22.786+0100 INFO               [http-nio-8081-exec-8]         be.pxl.services.services.PostService - Getting all published posts
2024-12-29T12:28:22.799+0100 INFO               [http-nio-8081-exec-8]         be.pxl.services.controller.PostController - Getting all published posts
2024-12-29T12:28:24.076+0100 INFO               [http-nio-8081-exec-9]         be.pxl.services.services.PostService - Getting post with id: 1
2024-12-29T12:28:24.097+0100 INFO               [http-nio-8081-exec-9]         be.pxl.services.controller.PostController - Getting post with id: 1
2024-12-29T12:28:45.186+0100 INFO               [http-nio-8081-exec-10]        be.pxl.services.services.PostService - Getting all published posts
2024-12-29T12:28:45.203+0100 INFO               [http-nio-8081-exec-10]        be.pxl.services.controller.PostController - Getting all published posts
2024-12-29T12:28:48.642+0100 INFO               [http-nio-8081-exec-1]         be.pxl.services.services.PostService - Getting post with id: 1
2024-12-29T12:28:48.659+0100 INFO               [http-nio-8081-exec-1]         be.pxl.services.controller.PostController - Getting post with id: 1
2024-12-29T12:28:53.895+0100 INFO               [http-nio-8081-exec-3]         be.pxl.services.services.PostService - Getting all published posts
2024-12-29T12:28:53.906+0100 INFO               [http-nio-8081-exec-3]         be.pxl.services.controller.PostController - Getting all published posts
2024-12-29T12:28:59.024+0100 INFO               [http-nio-8081-exec-2]         be.pxl.services.services.PostService - Getting post with id: 3
2024-12-29T12:28:59.042+0100 INFO               [http-nio-8081-exec-2]         be.pxl.services.controller.PostController - Getting post with id: 3
2024-12-29T12:29:01.888+0100 INFO               [http-nio-8081-exec-5]         be.pxl.services.services.PostService - Getting all published posts
2024-12-29T12:29:01.901+0100 INFO               [http-nio-8081-exec-5]         be.pxl.services.controller.PostController - Getting all published posts
2024-12-29T12:29:03.105+0100 INFO               [http-nio-8081-exec-4]         be.pxl.services.services.PostService - Getting post with id: 2
2024-12-29T12:29:03.123+0100 INFO               [http-nio-8081-exec-4]         be.pxl.services.controller.PostController - Getting post with id: 2
2024-12-29T12:29:05.995+0100 INFO               [http-nio-8081-exec-6]         be.pxl.services.services.PostService - Getting all published posts
2024-12-29T12:29:06.009+0100 INFO               [http-nio-8081-exec-6]         be.pxl.services.controller.PostController - Getting all published posts
2024-12-29T12:29:07.754+0100 INFO               [http-nio-8081-exec-7]         be.pxl.services.services.PostService - Getting post with id: 4
2024-12-29T12:29:07.774+0100 INFO               [http-nio-8081-exec-7]         be.pxl.services.controller.PostController - Getting post with id: 4
2024-12-29T12:29:10.161+0100 INFO               [http-nio-8081-exec-8]         be.pxl.services.services.PostService - Getting all published posts
2024-12-29T12:29:10.173+0100 INFO               [http-nio-8081-exec-8]         be.pxl.services.controller.PostController - Getting all published posts
2024-12-29T12:29:11.556+0100 INFO               [http-nio-8081-exec-9]         be.pxl.services.services.PostService - Getting post with id: 3
2024-12-29T12:29:11.575+0100 INFO               [http-nio-8081-exec-9]         be.pxl.services.controller.PostController - Getting post with id: 3
2024-12-29T12:29:13.118+0100 INFO               [http-nio-8081-exec-10]        be.pxl.services.services.PostService - Getting all published posts
2024-12-29T12:29:13.131+0100 INFO               [http-nio-8081-exec-10]        be.pxl.services.controller.PostController - Getting all published posts
2024-12-29T12:29:14.491+0100 INFO               [http-nio-8081-exec-1]         be.pxl.services.services.PostService - Getting post with id: 1
2024-12-29T12:29:14.515+0100 INFO               [http-nio-8081-exec-1]         be.pxl.services.controller.PostController - Getting post with id: 1
2024-12-29T12:29:15.811+0100 INFO               [http-nio-8081-exec-3]         be.pxl.services.services.PostService - Getting all published posts
2024-12-29T12:29:15.821+0100 INFO               [http-nio-8081-exec-3]         be.pxl.services.controller.PostController - Getting all published posts
2024-12-29T12:29:16.911+0100 INFO               [http-nio-8081-exec-2]         be.pxl.services.services.PostService - Getting post with id: 2
2024-12-29T12:29:16.932+0100 INFO               [http-nio-8081-exec-2]         be.pxl.services.controller.PostController - Getting post with id: 2
2024-12-29T12:29:19.540+0100 INFO               [http-nio-8081-exec-5]         be.pxl.services.services.PostService - Getting all published posts
2024-12-29T12:29:19.552+0100 INFO               [http-nio-8081-exec-5]         be.pxl.services.controller.PostController - Getting all published posts
2024-12-29T12:29:20.427+0100 INFO               [http-nio-8081-exec-4]         be.pxl.services.services.PostService - Getting post with id: 2
2024-12-29T12:29:20.449+0100 INFO               [http-nio-8081-exec-4]         be.pxl.services.controller.PostController - Getting post with id: 2
2024-12-29T12:29:22.899+0100 INFO               [http-nio-8081-exec-6]         be.pxl.services.services.PostService - Getting all published posts
2024-12-29T12:29:22.909+0100 INFO               [http-nio-8081-exec-6]         be.pxl.services.controller.PostController - Getting all published posts
2024-12-29T12:29:26.009+0100 INFO               [http-nio-8081-exec-7]         be.pxl.services.services.PostService - Getting all published posts
2024-12-29T12:29:26.019+0100 INFO               [http-nio-8081-exec-7]         be.pxl.services.controller.PostController - Getting all published posts
2024-12-29T12:29:53.607+0100 INFO               [http-nio-8081-exec-8]         be.pxl.services.services.PostService - Getting all published posts
2024-12-29T12:29:53.617+0100 INFO               [http-nio-8081-exec-8]         be.pxl.services.controller.PostController - Getting all published posts
2024-12-29T12:29:56.933+0100 INFO               [http-nio-8081-exec-9]         be.pxl.services.services.PostService - Getting post with id: 2
2024-12-29T12:29:56.961+0100 INFO               [http-nio-8081-exec-9]         be.pxl.services.controller.PostController - Getting post with id: 2
2024-12-29T13:35:26.593+0100 INFO               [main]                         be.pxl.services.PostServiceApplication - Starting PostServiceApplication using Java 21.0.4 with PID 2024 (C:\Users\MechaCoder\Documents\2-3 TIN Sem 1\Fullstack Java\project-YA-Amzil\backend-java\NewsPublishSystem\post-service\target\classes started by MechaCoder in C:\Users\MechaCoder\Documents\2-3 TIN Sem 1\Fullstack Java\project-YA-Amzil\backend-java\NewsPublishSystem)
2024-12-29T13:35:26.605+0100 DEBUG              [main]                         be.pxl.services.PostServiceApplication - Running with Spring Boot v3.3.4, Spring v6.1.13
2024-12-29T13:35:26.606+0100 INFO               [main]                         be.pxl.services.PostServiceApplication - No active profile set, falling back to 1 default profile: "default"
2024-12-29T13:35:34.830+0100 INFO               [main]                         be.pxl.services.PostServiceApplication - Started PostServiceApplication in 9.951 seconds (process running for 11.089)
2024-12-29T13:36:28.802+0100 INFO               [main]                         be.pxl.services.ReviewServiceApplication - Starting ReviewServiceApplication using Java 21.0.4 with PID 5068 (C:\Users\MechaCoder\Documents\2-3 TIN Sem 1\Fullstack Java\project-YA-Amzil\backend-java\NewsPublishSystem\review-service\target\classes started by MechaCoder in C:\Users\MechaCoder\Documents\2-3 TIN Sem 1\Fullstack Java\project-YA-Amzil\backend-java\NewsPublishSystem)
2024-12-29T13:36:28.804+0100 DEBUG              [main]                         be.pxl.services.ReviewServiceApplication - Running with Spring Boot v3.3.4, Spring v6.1.13
2024-12-29T13:36:28.804+0100 INFO               [main]                         be.pxl.services.ReviewServiceApplication - No active profile set, falling back to 1 default profile: "default"
2024-12-29T13:36:37.423+0100 INFO               [main]                         be.pxl.services.ReviewServiceApplication - Started ReviewServiceApplication in 10.467 seconds (process running for 11.849)
2024-12-29T13:37:58.401+0100 INFO               [http-nio-8081-exec-1]         be.pxl.services.services.PostService - Getting all published posts
2024-12-29T13:37:58.615+0100 INFO               [http-nio-8081-exec-1]         be.pxl.services.controller.PostController - Getting all published posts
2024-12-29T13:38:23.433+0100 INFO               [http-nio-8081-exec-3]         be.pxl.services.services.PostService - Creating new post
2024-12-29T13:38:23.507+0100 INFO               [http-nio-8081-exec-3]         be.pxl.services.services.PostService - Post created successfully: Fake news
2024-12-29T13:38:23.507+0100 INFO               [http-nio-8081-exec-3]         be.pxl.services.controller.PostController - Creating new post
2024-12-29T13:38:23.557+0100 INFO               [http-nio-8081-exec-2]         be.pxl.services.services.PostService - Getting all draft posts
2024-12-29T13:38:23.568+0100 INFO               [http-nio-8081-exec-2]         be.pxl.services.controller.PostController - Getting all draft posts
2024-12-29T13:38:23.570+0100 INFO               [http-nio-8081-exec-4]         be.pxl.services.services.PostService - Getting all pending posts
2024-12-29T13:38:23.578+0100 INFO               [http-nio-8081-exec-4]         be.pxl.services.controller.PostController - Getting all pending posts
2024-12-29T13:39:28.409+0100 INFO               [http-nio-8081-exec-10]        be.pxl.services.services.PostService - Updating post with id: 5
2024-12-29T13:39:28.471+0100 INFO               [http-nio-8081-exec-10]        be.pxl.services.services.PostService - Post updated successfully: Fake news
2024-12-29T13:39:28.471+0100 INFO               [http-nio-8081-exec-10]        be.pxl.services.controller.PostController - Updating post with id: 5
2024-12-29T13:39:28.504+0100 INFO               [http-nio-8081-exec-5]         be.pxl.services.services.PostService - Getting all draft posts
2024-12-29T13:39:28.504+0100 INFO               [http-nio-8081-exec-9]         be.pxl.services.services.PostService - Getting all pending posts
2024-12-29T13:39:28.515+0100 INFO               [http-nio-8081-exec-9]         be.pxl.services.controller.PostController - Getting all pending posts
2024-12-29T13:39:28.519+0100 INFO               [http-nio-8081-exec-5]         be.pxl.services.controller.PostController - Getting all draft posts
2024-12-29T13:39:43.083+0100 INFO               [http-nio-8081-exec-7]         be.pxl.services.services.PostService - Getting post with id: 5
2024-12-29T13:39:43.102+0100 INFO               [http-nio-8081-exec-7]         be.pxl.services.controller.PostController - Getting post with id: 5
2024-12-29T13:39:45.340+0100 INFO               [http-nio-8081-exec-1]         be.pxl.services.services.PostService - Getting post with id: 5
2024-12-29T13:39:45.353+0100 INFO               [http-nio-8081-exec-1]         be.pxl.services.controller.PostController - Getting post with id: 5
2024-12-29T13:39:52.205+0100 INFO               [org.springframework.amqp.rabbit.RabbitListenerEndpointContainer#0-1] be.pxl.services.services.PostService - Updating post status with id: 5
2024-12-29T13:39:52.221+0100 INFO               [http-nio-8081-exec-3]         be.pxl.services.services.PostService - Getting all published posts
2024-12-29T13:39:52.233+0100 INFO               [http-nio-8081-exec-3]         be.pxl.services.controller.PostController - Getting all published posts
2024-12-29T13:39:52.265+0100 INFO               [org.springframework.amqp.rabbit.RabbitListenerEndpointContainer#0-1] be.pxl.services.services.PostService - Post status updated successfully: Fake news
2024-12-29T13:40:05.409+0100 INFO               [http-nio-8081-exec-2]         be.pxl.services.services.PostService - Getting all published posts
2024-12-29T13:40:05.424+0100 INFO               [http-nio-8081-exec-2]         be.pxl.services.controller.PostController - Getting all published posts
2024-12-29T13:40:16.973+0100 INFO               [http-nio-8081-exec-4]         be.pxl.services.services.PostService - Getting all published posts
2024-12-29T13:40:16.982+0100 INFO               [http-nio-8081-exec-4]         be.pxl.services.controller.PostController - Getting all published posts
2024-12-29T13:40:19.228+0100 INFO               [http-nio-8081-exec-8]         be.pxl.services.services.PostService - Getting all published posts
2024-12-29T13:40:19.235+0100 INFO               [http-nio-8081-exec-8]         be.pxl.services.controller.PostController - Getting all published posts
2024-12-29T13:40:19.246+0100 INFO               [http-nio-8081-exec-6]         be.pxl.services.services.PostService - Getting all published posts
2024-12-29T13:40:19.254+0100 INFO               [http-nio-8081-exec-6]         be.pxl.services.controller.PostController - Getting all published posts
2024-12-29T13:40:20.342+0100 INFO               [http-nio-8081-exec-10]        be.pxl.services.services.PostService - Getting all published posts
2024-12-29T13:40:20.353+0100 INFO               [http-nio-8081-exec-10]        be.pxl.services.controller.PostController - Getting all published posts
2024-12-29T13:40:20.363+0100 INFO               [http-nio-8081-exec-9]         be.pxl.services.services.PostService - Getting all published posts
2024-12-29T13:40:20.381+0100 INFO               [http-nio-8081-exec-9]         be.pxl.services.controller.PostController - Getting all published posts
2024-12-29T13:40:26.806+0100 INFO               [http-nio-8081-exec-5]         be.pxl.services.services.PostService - Getting all published posts
2024-12-29T13:40:26.815+0100 INFO               [http-nio-8081-exec-5]         be.pxl.services.controller.PostController - Getting all published posts
2024-12-29T13:40:26.824+0100 INFO               [http-nio-8081-exec-7]         be.pxl.services.services.PostService - Getting all published posts
2024-12-29T13:40:26.831+0100 INFO               [http-nio-8081-exec-7]         be.pxl.services.controller.PostController - Getting all published posts
2024-12-29T13:40:28.581+0100 INFO               [http-nio-8081-exec-1]         be.pxl.services.services.PostService - Getting all published posts
2024-12-29T13:40:28.592+0100 INFO               [http-nio-8081-exec-1]         be.pxl.services.controller.PostController - Getting all published posts
2024-12-29T13:40:39.487+0100 INFO               [http-nio-8081-exec-3]         be.pxl.services.services.PostService - Getting all published posts
2024-12-29T13:40:39.497+0100 INFO               [http-nio-8081-exec-3]         be.pxl.services.controller.PostController - Getting all published posts
2024-12-29T13:40:40.765+0100 INFO               [http-nio-8081-exec-2]         be.pxl.services.services.PostService - Getting all published posts
2024-12-29T13:40:40.776+0100 INFO               [http-nio-8081-exec-2]         be.pxl.services.controller.PostController - Getting all published posts
2024-12-29T13:40:40.786+0100 INFO               [http-nio-8081-exec-4]         be.pxl.services.services.PostService - Getting all published posts
2024-12-29T13:40:40.793+0100 INFO               [http-nio-8081-exec-4]         be.pxl.services.controller.PostController - Getting all published posts
2024-12-29T13:40:41.844+0100 INFO               [http-nio-8081-exec-8]         be.pxl.services.services.PostService - Getting all published posts
2024-12-29T13:40:41.851+0100 INFO               [http-nio-8081-exec-8]         be.pxl.services.controller.PostController - Getting all published posts
2024-12-29T13:40:41.860+0100 INFO               [http-nio-8081-exec-6]         be.pxl.services.services.PostService - Getting all published posts
2024-12-29T13:40:41.867+0100 INFO               [http-nio-8081-exec-6]         be.pxl.services.controller.PostController - Getting all published posts
2024-12-29T13:41:21.313+0100 INFO               [http-nio-8081-exec-9]         be.pxl.services.services.PostService - Getting all published posts
2024-12-29T13:41:21.323+0100 INFO               [http-nio-8081-exec-9]         be.pxl.services.controller.PostController - Getting all published posts
2024-12-29T13:41:24.470+0100 INFO               [http-nio-8081-exec-5]         be.pxl.services.services.PostService - Getting all published posts
2024-12-29T13:41:24.478+0100 INFO               [http-nio-8081-exec-5]         be.pxl.services.controller.PostController - Getting all published posts
2024-12-29T13:41:24.487+0100 INFO               [http-nio-8081-exec-7]         be.pxl.services.services.PostService - Getting all published posts
2024-12-29T13:41:24.492+0100 INFO               [http-nio-8081-exec-7]         be.pxl.services.controller.PostController - Getting all published posts
2024-12-29T13:51:42.600+0100 INFO               [http-nio-8081-exec-2]         be.pxl.services.services.PostService - Getting all published posts
2024-12-29T13:51:42.613+0100 INFO               [http-nio-8081-exec-2]         be.pxl.services.controller.PostController - Getting all published posts
2024-12-29T13:53:19.795+0100 INFO               [http-nio-8081-exec-8]         be.pxl.services.services.PostService - Updating post with id: 2
2024-12-29T13:53:19.848+0100 INFO               [http-nio-8081-exec-8]         be.pxl.services.services.PostService - Post updated successfully: Het belang van limburg
2024-12-29T13:53:19.848+0100 INFO               [http-nio-8081-exec-8]         be.pxl.services.controller.PostController - Updating post with id: 2
2024-12-29T13:53:19.917+0100 INFO               [http-nio-8081-exec-6]         be.pxl.services.services.PostService - Getting all draft posts
2024-12-29T13:53:19.922+0100 INFO               [http-nio-8081-exec-10]        be.pxl.services.services.PostService - Getting all pending posts
2024-12-29T13:53:19.929+0100 INFO               [http-nio-8081-exec-6]         be.pxl.services.controller.PostController - Getting all draft posts
2024-12-29T13:53:19.934+0100 INFO               [http-nio-8081-exec-10]        be.pxl.services.controller.PostController - Getting all pending posts
2024-12-29T13:53:26.996+0100 INFO               [http-nio-8081-exec-9]         be.pxl.services.services.PostService - Getting all published posts
2024-12-29T13:53:27.012+0100 INFO               [http-nio-8081-exec-9]         be.pxl.services.controller.PostController - Getting all published posts
2024-12-29T13:53:33.876+0100 INFO               [http-nio-8081-exec-5]         be.pxl.services.services.PostService - Updating post with id: 2
2024-12-29T13:53:33.913+0100 INFO               [http-nio-8081-exec-5]         be.pxl.services.services.PostService - Post updated successfully: Het belang van limburg
2024-12-29T13:53:33.913+0100 INFO               [http-nio-8081-exec-5]         be.pxl.services.controller.PostController - Updating post with id: 2
2024-12-29T13:53:33.952+0100 INFO               [http-nio-8081-exec-7]         be.pxl.services.services.PostService - Getting all pending posts
2024-12-29T13:53:33.952+0100 INFO               [http-nio-8081-exec-1]         be.pxl.services.services.PostService - Getting all draft posts
2024-12-29T13:53:33.960+0100 INFO               [http-nio-8081-exec-1]         be.pxl.services.controller.PostController - Getting all draft posts
2024-12-29T13:53:33.963+0100 INFO               [http-nio-8081-exec-7]         be.pxl.services.controller.PostController - Getting all pending posts
2024-12-29T13:53:36.371+0100 INFO               [http-nio-8081-exec-3]         be.pxl.services.services.PostService - Getting all published posts
2024-12-29T13:53:36.383+0100 INFO               [http-nio-8081-exec-3]         be.pxl.services.controller.PostController - Getting all published posts
2024-12-29T14:01:42.922+0100 INFO               [http-nio-8081-exec-8]         be.pxl.services.services.PostService - Getting all published posts
2024-12-29T14:01:42.936+0100 INFO               [http-nio-8081-exec-8]         be.pxl.services.controller.PostController - Getting all published posts
2024-12-29T14:02:17.732+0100 INFO               [http-nio-8081-exec-6]         be.pxl.services.services.PostService - Getting all published posts
2024-12-29T14:02:17.755+0100 INFO               [http-nio-8081-exec-6]         be.pxl.services.controller.PostController - Getting all published posts
2024-12-29T14:02:32.774+0100 INFO               [http-nio-8081-exec-10]        be.pxl.services.services.PostService - Getting all published posts
2024-12-29T14:02:32.787+0100 INFO               [http-nio-8081-exec-10]        be.pxl.services.controller.PostController - Getting all published posts
2024-12-29T14:02:34.622+0100 INFO               [http-nio-8081-exec-9]         be.pxl.services.services.PostService - Getting all published posts
2024-12-29T14:02:34.634+0100 INFO               [http-nio-8081-exec-9]         be.pxl.services.controller.PostController - Getting all published posts
2024-12-29T14:03:12.760+0100 INFO               [http-nio-8081-exec-5]         be.pxl.services.services.PostService - Creating new post
2024-12-29T14:03:12.791+0100 INFO               [http-nio-8081-exec-5]         be.pxl.services.services.PostService - Post created successfully: Test
2024-12-29T14:03:12.792+0100 INFO               [http-nio-8081-exec-5]         be.pxl.services.controller.PostController - Creating new post
2024-12-29T14:03:12.833+0100 INFO               [http-nio-8081-exec-1]         be.pxl.services.services.PostService - Getting all draft posts
2024-12-29T14:03:12.841+0100 INFO               [http-nio-8081-exec-7]         be.pxl.services.services.PostService - Getting all pending posts
2024-12-29T14:03:12.841+0100 INFO               [http-nio-8081-exec-1]         be.pxl.services.controller.PostController - Getting all draft posts
2024-12-29T14:03:12.852+0100 INFO               [http-nio-8081-exec-7]         be.pxl.services.controller.PostController - Getting all pending posts
2024-12-29T14:03:16.591+0100 INFO               [http-nio-8081-exec-3]         be.pxl.services.services.PostService - Updating post with id: 6
2024-12-29T14:03:16.630+0100 INFO               [http-nio-8081-exec-3]         be.pxl.services.services.PostService - Post updated successfully: Test
2024-12-29T14:03:16.631+0100 INFO               [http-nio-8081-exec-3]         be.pxl.services.controller.PostController - Updating post with id: 6
2024-12-29T14:03:16.668+0100 INFO               [http-nio-8081-exec-4]         be.pxl.services.services.PostService - Getting all draft posts
2024-12-29T14:03:16.668+0100 INFO               [http-nio-8081-exec-2]         be.pxl.services.services.PostService - Getting all pending posts
2024-12-29T14:03:16.674+0100 INFO               [http-nio-8081-exec-2]         be.pxl.services.controller.PostController - Getting all pending posts
2024-12-29T14:03:16.677+0100 INFO               [http-nio-8081-exec-4]         be.pxl.services.controller.PostController - Getting all draft posts
2024-12-29T14:08:01.071+0100 INFO               [http-nio-8081-exec-10]        be.pxl.services.services.PostService - Getting all published posts
2024-12-29T14:08:01.082+0100 INFO               [http-nio-8081-exec-10]        be.pxl.services.controller.PostController - Getting all published posts
2024-12-29T14:10:26.371+0100 INFO               [http-nio-8081-exec-5]         be.pxl.services.services.PostService - Getting all published posts
2024-12-29T14:10:26.382+0100 INFO               [http-nio-8081-exec-5]         be.pxl.services.controller.PostController - Getting all published posts
2024-12-29T14:10:28.312+0100 INFO               [http-nio-8081-exec-1]         be.pxl.services.services.PostService - Getting all published posts
2024-12-29T14:10:28.326+0100 INFO               [http-nio-8081-exec-1]         be.pxl.services.controller.PostController - Getting all published posts
2024-12-29T14:10:37.176+0100 INFO               [http-nio-8081-exec-7]         be.pxl.services.services.PostService - Getting all draft posts
2024-12-29T14:10:37.181+0100 INFO               [http-nio-8081-exec-3]         be.pxl.services.services.PostService - Getting all pending posts
2024-12-29T14:10:37.186+0100 INFO               [http-nio-8081-exec-7]         be.pxl.services.controller.PostController - Getting all draft posts
2024-12-29T14:10:37.191+0100 INFO               [http-nio-8081-exec-3]         be.pxl.services.controller.PostController - Getting all pending posts
2024-12-29T14:10:42.064+0100 INFO               [http-nio-8081-exec-2]         be.pxl.services.services.PostService - Getting all published posts
2024-12-29T14:10:42.074+0100 INFO               [http-nio-8081-exec-2]         be.pxl.services.controller.PostController - Getting all published posts
2024-12-29T14:10:49.500+0100 INFO               [http-nio-8081-exec-4]         be.pxl.services.services.PostService - Getting all published posts
2024-12-29T14:10:49.517+0100 INFO               [http-nio-8081-exec-4]         be.pxl.services.controller.PostController - Getting all published posts
2024-12-29T14:10:50.995+0100 INFO               [http-nio-8081-exec-8]         be.pxl.services.services.PostService - Getting all published posts
2024-12-29T14:10:51.006+0100 INFO               [http-nio-8081-exec-8]         be.pxl.services.controller.PostController - Getting all published posts
2024-12-29T14:10:52.815+0100 INFO               [http-nio-8081-exec-6]         be.pxl.services.services.PostService - Getting all published posts
2024-12-29T14:10:52.825+0100 INFO               [http-nio-8081-exec-6]         be.pxl.services.controller.PostController - Getting all published posts
2024-12-29T14:11:14.822+0100 INFO               [http-nio-8081-exec-10]        be.pxl.services.services.PostService - Getting all published posts
2024-12-29T14:11:14.835+0100 INFO               [http-nio-8081-exec-10]        be.pxl.services.controller.PostController - Getting all published posts
2024-12-29T14:11:23.878+0100 INFO               [http-nio-8081-exec-9]         be.pxl.services.services.PostService - Getting all published posts
2024-12-29T14:11:23.897+0100 INFO               [http-nio-8081-exec-9]         be.pxl.services.controller.PostController - Getting all published posts
2024-12-29T14:11:26.540+0100 INFO               [http-nio-8081-exec-5]         be.pxl.services.services.PostService - Getting all published posts
2024-12-29T14:11:26.551+0100 INFO               [http-nio-8081-exec-5]         be.pxl.services.controller.PostController - Getting all published posts
2024-12-29T14:11:27.718+0100 INFO               [http-nio-8081-exec-1]         be.pxl.services.services.PostService - Getting all published posts
2024-12-29T14:11:27.732+0100 INFO               [http-nio-8081-exec-1]         be.pxl.services.controller.PostController - Getting all published posts
2024-12-29T14:11:31.456+0100 INFO               [http-nio-8081-exec-7]         be.pxl.services.services.PostService - Getting all published posts
2024-12-29T14:11:31.470+0100 INFO               [http-nio-8081-exec-7]         be.pxl.services.controller.PostController - Getting all published posts
2024-12-29T14:11:55.195+0100 INFO               [http-nio-8081-exec-3]         be.pxl.services.services.PostService - Getting all published posts
2024-12-29T14:11:55.221+0100 INFO               [http-nio-8081-exec-3]         be.pxl.services.controller.PostController - Getting all published posts
2024-12-29T14:11:57.888+0100 INFO               [http-nio-8081-exec-2]         be.pxl.services.services.PostService - Getting all published posts
2024-12-29T14:11:57.904+0100 INFO               [http-nio-8081-exec-2]         be.pxl.services.controller.PostController - Getting all published posts
2024-12-29T14:12:05.479+0100 INFO               [http-nio-8081-exec-4]         be.pxl.services.services.PostService - Getting all published posts
2024-12-29T14:12:05.492+0100 INFO               [http-nio-8081-exec-4]         be.pxl.services.controller.PostController - Getting all published posts
2024-12-29T14:12:06.176+0100 INFO               [http-nio-8081-exec-8]         be.pxl.services.services.PostService - Getting all published posts
2024-12-29T14:12:06.186+0100 INFO               [http-nio-8081-exec-8]         be.pxl.services.controller.PostController - Getting all published posts
2024-12-29T14:12:06.200+0100 INFO               [http-nio-8081-exec-6]         be.pxl.services.services.PostService - Getting all published posts
2024-12-29T14:12:06.208+0100 INFO               [http-nio-8081-exec-6]         be.pxl.services.controller.PostController - Getting all published posts
2024-12-29T14:12:09.635+0100 INFO               [http-nio-8081-exec-10]        be.pxl.services.services.PostService - Getting all published posts
2024-12-29T14:12:09.645+0100 INFO               [http-nio-8081-exec-10]        be.pxl.services.controller.PostController - Getting all published posts
2024-12-29T14:12:09.657+0100 INFO               [http-nio-8081-exec-9]         be.pxl.services.services.PostService - Getting all published posts
2024-12-29T14:12:09.664+0100 INFO               [http-nio-8081-exec-9]         be.pxl.services.controller.PostController - Getting all published posts
2024-12-29T14:14:22.426+0100 INFO               [http-nio-8081-exec-7]         be.pxl.services.services.PostService - Getting all published posts
2024-12-29T14:14:22.436+0100 INFO               [http-nio-8081-exec-7]         be.pxl.services.controller.PostController - Getting all published posts
2024-12-29T14:14:45.274+0100 INFO               [http-nio-8081-exec-3]         be.pxl.services.services.PostService - Getting all published posts
2024-12-29T14:14:45.284+0100 INFO               [http-nio-8081-exec-3]         be.pxl.services.controller.PostController - Getting all published posts
2024-12-29T14:15:06.996+0100 INFO               [http-nio-8081-exec-2]         be.pxl.services.services.PostService - Getting all published posts
2024-12-29T14:15:07.007+0100 INFO               [http-nio-8081-exec-2]         be.pxl.services.controller.PostController - Getting all published posts
2024-12-29T14:15:38.082+0100 INFO               [http-nio-8081-exec-4]         be.pxl.services.services.PostService - Getting all published posts
2024-12-29T14:15:38.092+0100 INFO               [http-nio-8081-exec-4]         be.pxl.services.controller.PostController - Getting all published posts
2024-12-29T14:16:46.147+0100 INFO               [http-nio-8081-exec-6]         be.pxl.services.services.PostService - Getting all published posts
2024-12-29T14:16:46.159+0100 INFO               [http-nio-8081-exec-6]         be.pxl.services.controller.PostController - Getting all published posts
2024-12-29T14:17:25.978+0100 INFO               [http-nio-8081-exec-10]        be.pxl.services.services.PostService - Getting all published posts
2024-12-29T14:17:25.988+0100 INFO               [http-nio-8081-exec-10]        be.pxl.services.controller.PostController - Getting all published posts
2024-12-29T14:17:38.475+0100 INFO               [http-nio-8081-exec-9]         be.pxl.services.services.PostService - Creating new post
2024-12-29T14:17:38.507+0100 INFO               [http-nio-8081-exec-9]         be.pxl.services.services.PostService - Post created successfully: test
2024-12-29T14:17:38.507+0100 INFO               [http-nio-8081-exec-9]         be.pxl.services.controller.PostController - Creating new post
2024-12-29T14:17:38.551+0100 INFO               [http-nio-8081-exec-5]         be.pxl.services.services.PostService - Getting all draft posts
2024-12-29T14:17:38.558+0100 INFO               [http-nio-8081-exec-5]         be.pxl.services.controller.PostController - Getting all draft posts
2024-12-29T14:17:38.561+0100 INFO               [http-nio-8081-exec-1]         be.pxl.services.services.PostService - Getting all pending posts
2024-12-29T14:17:38.567+0100 INFO               [http-nio-8081-exec-1]         be.pxl.services.controller.PostController - Getting all pending posts
2024-12-29T14:17:42.282+0100 INFO               [http-nio-8081-exec-7]         be.pxl.services.services.PostService - Getting post with id: 7
2024-12-29T14:17:42.301+0100 INFO               [http-nio-8081-exec-7]         be.pxl.services.controller.PostController - Getting post with id: 7
2024-12-29T14:17:45.755+0100 INFO               [http-nio-8081-exec-3]         be.pxl.services.services.PostService - Getting post with id: 7
2024-12-29T14:17:45.772+0100 INFO               [http-nio-8081-exec-3]         be.pxl.services.controller.PostController - Getting post with id: 7
2024-12-29T14:17:50.356+0100 INFO               [http-nio-8081-exec-2]         be.pxl.services.services.PostService - Getting all published posts
2024-12-29T14:17:50.357+0100 INFO               [org.springframework.amqp.rabbit.RabbitListenerEndpointContainer#0-1] be.pxl.services.services.PostService - Updating post status with id: 7
2024-12-29T14:17:50.366+0100 INFO               [http-nio-8081-exec-2]         be.pxl.services.controller.PostController - Getting all published posts
2024-12-29T14:17:50.434+0100 INFO               [org.springframework.amqp.rabbit.RabbitListenerEndpointContainer#0-1] be.pxl.services.services.PostService - Updating post status with id: 7
2024-12-29T14:17:50.480+0100 INFO               [org.springframework.amqp.rabbit.RabbitListenerEndpointContainer#0-1] be.pxl.services.services.PostService - Post status updated successfully: test
2024-12-29T14:17:53.745+0100 INFO               [http-nio-8081-exec-4]         be.pxl.services.services.PostService - Getting all published posts
2024-12-29T14:17:53.756+0100 INFO               [http-nio-8081-exec-4]         be.pxl.services.controller.PostController - Getting all published posts
2024-12-29T14:18:21.874+0100 INFO               [http-nio-8081-exec-8]         be.pxl.services.services.PostService - Getting all published posts
2024-12-29T14:18:21.888+0100 INFO               [http-nio-8081-exec-8]         be.pxl.services.controller.PostController - Getting all published posts
2024-12-29T14:18:37.576+0100 INFO               [http-nio-8081-exec-6]         be.pxl.services.services.PostService - Getting all published posts
2024-12-29T14:18:37.585+0100 INFO               [http-nio-8081-exec-6]         be.pxl.services.controller.PostController - Getting all published posts
2024-12-29T14:18:38.645+0100 INFO               [http-nio-8081-exec-10]        be.pxl.services.services.PostService - Getting all published posts
2024-12-29T14:18:38.653+0100 INFO               [http-nio-8081-exec-10]        be.pxl.services.controller.PostController - Getting all published posts
2024-12-29T14:18:38.664+0100 INFO               [http-nio-8081-exec-9]         be.pxl.services.services.PostService - Getting all published posts
2024-12-29T14:18:38.669+0100 INFO               [http-nio-8081-exec-9]         be.pxl.services.controller.PostController - Getting all published posts
2024-12-29T14:18:45.409+0100 INFO               [http-nio-8081-exec-5]         be.pxl.services.services.PostService - Getting all published posts
2024-12-29T14:18:45.418+0100 INFO               [http-nio-8081-exec-5]         be.pxl.services.controller.PostController - Getting all published posts
2024-12-29T14:18:46.349+0100 INFO               [http-nio-8081-exec-7]         be.pxl.services.services.PostService - Getting all published posts
2024-12-29T14:18:46.359+0100 INFO               [http-nio-8081-exec-7]         be.pxl.services.controller.PostController - Getting all published posts
2024-12-29T14:18:46.369+0100 INFO               [http-nio-8081-exec-3]         be.pxl.services.services.PostService - Getting all published posts
2024-12-29T14:18:46.378+0100 INFO               [http-nio-8081-exec-3]         be.pxl.services.controller.PostController - Getting all published posts
2024-12-29T14:18:51.999+0100 INFO               [http-nio-8081-exec-2]         be.pxl.services.services.PostService - Creating new post
2024-12-29T14:18:52.021+0100 INFO               [http-nio-8081-exec-2]         be.pxl.services.services.PostService - Post created successfully: fdsfd
2024-12-29T14:18:52.021+0100 INFO               [http-nio-8081-exec-2]         be.pxl.services.controller.PostController - Creating new post
2024-12-29T14:18:52.051+0100 INFO               [http-nio-8081-exec-4]         be.pxl.services.services.PostService - Getting all draft posts
2024-12-29T14:18:52.060+0100 INFO               [http-nio-8081-exec-4]         be.pxl.services.controller.PostController - Getting all draft posts
2024-12-29T14:18:52.061+0100 INFO               [http-nio-8081-exec-8]         be.pxl.services.services.PostService - Getting all pending posts
2024-12-29T14:18:52.067+0100 INFO               [http-nio-8081-exec-8]         be.pxl.services.controller.PostController - Getting all pending posts
2024-12-29T14:18:55.276+0100 INFO               [http-nio-8081-exec-6]         be.pxl.services.services.PostService - Getting post with id: 8
2024-12-29T14:18:55.292+0100 INFO               [http-nio-8081-exec-6]         be.pxl.services.controller.PostController - Getting post with id: 8
2024-12-29T14:18:56.764+0100 INFO               [http-nio-8081-exec-10]        be.pxl.services.services.PostService - Getting post with id: 8
2024-12-29T14:18:56.778+0100 INFO               [http-nio-8081-exec-10]        be.pxl.services.controller.PostController - Getting post with id: 8
2024-12-29T14:18:59.913+0100 INFO               [org.springframework.amqp.rabbit.RabbitListenerEndpointContainer#0-1] be.pxl.services.services.PostService - Updating post status with id: 5
2024-12-29T14:18:59.929+0100 INFO               [org.springframework.amqp.rabbit.RabbitListenerEndpointContainer#0-1] be.pxl.services.services.PostService - Updating post status with id: 5
2024-12-29T14:18:59.947+0100 INFO               [http-nio-8081-exec-9]         be.pxl.services.services.PostService - Getting all published posts
2024-12-29T14:18:59.954+0100 INFO               [http-nio-8081-exec-9]         be.pxl.services.controller.PostController - Getting all published posts
2024-12-29T14:18:59.958+0100 INFO               [org.springframework.amqp.rabbit.RabbitListenerEndpointContainer#0-1] be.pxl.services.services.PostService - Post status updated successfully: Fake news
2024-12-29T14:19:02.350+0100 INFO               [http-nio-8081-exec-5]         be.pxl.services.services.PostService - Getting all published posts
2024-12-29T14:19:02.360+0100 INFO               [http-nio-8081-exec-5]         be.pxl.services.controller.PostController - Getting all published posts
2024-12-29T14:19:04.357+0100 INFO               [http-nio-8081-exec-1]         be.pxl.services.services.PostService - Getting all published posts
2024-12-29T14:19:04.368+0100 INFO               [http-nio-8081-exec-1]         be.pxl.services.controller.PostController - Getting all published posts
2024-12-29T14:19:14.279+0100 INFO               [http-nio-8081-exec-3]         be.pxl.services.services.PostService - Getting all pending posts
2024-12-29T14:19:14.279+0100 INFO               [http-nio-8081-exec-7]         be.pxl.services.services.PostService - Getting all draft posts
2024-12-29T14:19:14.286+0100 INFO               [http-nio-8081-exec-3]         be.pxl.services.controller.PostController - Getting all pending posts
2024-12-29T14:19:14.286+0100 INFO               [http-nio-8081-exec-7]         be.pxl.services.controller.PostController - Getting all draft posts
2024-12-29T14:19:18.802+0100 INFO               [http-nio-8081-exec-2]         be.pxl.services.services.PostService - Getting post with id: 8
2024-12-29T14:19:18.820+0100 INFO               [http-nio-8081-exec-2]         be.pxl.services.controller.PostController - Getting post with id: 8
2024-12-29T14:19:20.537+0100 INFO               [http-nio-8081-exec-4]         be.pxl.services.services.PostService - Getting post with id: 8
2024-12-29T14:19:20.549+0100 INFO               [http-nio-8081-exec-4]         be.pxl.services.controller.PostController - Getting post with id: 8
2024-12-29T14:19:26.034+0100 INFO               [org.springframework.amqp.rabbit.RabbitListenerEndpointContainer#0-1] be.pxl.services.services.PostService - Updating post status with id: 8
2024-12-29T14:19:26.051+0100 INFO               [org.springframework.amqp.rabbit.RabbitListenerEndpointContainer#0-1] be.pxl.services.services.PostService - Updating post status with id: 8
2024-12-29T14:19:26.065+0100 INFO               [http-nio-8081-exec-8]         be.pxl.services.services.PostService - Getting all published posts
2024-12-29T14:19:26.074+0100 INFO               [http-nio-8081-exec-8]         be.pxl.services.controller.PostController - Getting all published posts
2024-12-29T14:19:26.097+0100 INFO               [org.springframework.amqp.rabbit.RabbitListenerEndpointContainer#0-1] be.pxl.services.services.PostService - Post status updated successfully: fdsfd
2024-12-29T14:21:39.529+0100 INFO               [main]                         be.pxl.services.PostServiceApplication - Starting PostServiceApplication using Java 21.0.4 with PID 17344 (C:\Users\MechaCoder\Documents\2-3 TIN Sem 1\Fullstack Java\project-YA-Amzil\backend-java\NewsPublishSystem\post-service\target\classes started by MechaCoder in C:\Users\MechaCoder\Documents\2-3 TIN Sem 1\Fullstack Java\project-YA-Amzil\backend-java\NewsPublishSystem)
2024-12-29T14:21:39.531+0100 DEBUG              [main]                         be.pxl.services.PostServiceApplication - Running with Spring Boot v3.3.4, Spring v6.1.13
2024-12-29T14:21:39.531+0100 INFO               [main]                         be.pxl.services.PostServiceApplication - No active profile set, falling back to 1 default profile: "default"
2024-12-29T14:21:47.706+0100 INFO               [main]                         be.pxl.services.PostServiceApplication - Started PostServiceApplication in 9.89 seconds (process running for 11.022)
2024-12-29T14:21:55.496+0100 INFO               [main]                         be.pxl.services.ReviewServiceApplication - Starting ReviewServiceApplication using Java 21.0.4 with PID 20020 (C:\Users\MechaCoder\Documents\2-3 TIN Sem 1\Fullstack Java\project-YA-Amzil\backend-java\NewsPublishSystem\review-service\target\classes started by MechaCoder in C:\Users\MechaCoder\Documents\2-3 TIN Sem 1\Fullstack Java\project-YA-Amzil\backend-java\NewsPublishSystem)
2024-12-29T14:21:55.497+0100 DEBUG              [main]                         be.pxl.services.ReviewServiceApplication - Running with Spring Boot v3.3.4, Spring v6.1.13
2024-12-29T14:21:55.498+0100 INFO               [main]                         be.pxl.services.ReviewServiceApplication - No active profile set, falling back to 1 default profile: "default"
2024-12-29T14:22:07.862+0100 INFO               [main]                         be.pxl.services.ReviewServiceApplication - Started ReviewServiceApplication in 14.164 seconds (process running for 15.37)
2024-12-29T14:23:16.901+0100 INFO               [http-nio-8081-exec-1]         be.pxl.services.services.PostService - Getting all published posts
2024-12-29T14:23:17.299+0100 INFO               [http-nio-8081-exec-1]         be.pxl.services.controller.PostController - Getting all published posts
2024-12-29T14:23:37.783+0100 INFO               [http-nio-8081-exec-2]         be.pxl.services.services.PostService - Creating new post
2024-12-29T14:23:37.954+0100 INFO               [http-nio-8081-exec-2]         be.pxl.services.services.PostService - Post created successfully: Test
2024-12-29T14:23:37.954+0100 INFO               [http-nio-8081-exec-2]         be.pxl.services.controller.PostController - Creating new post
2024-12-29T14:23:38.007+0100 INFO               [http-nio-8081-exec-3]         be.pxl.services.services.PostService - Getting all draft posts
2024-12-29T14:23:38.017+0100 INFO               [http-nio-8081-exec-5]         be.pxl.services.services.PostService - Getting all pending posts
2024-12-29T14:23:38.027+0100 INFO               [http-nio-8081-exec-3]         be.pxl.services.controller.PostController - Getting all draft posts
2024-12-29T14:23:38.029+0100 INFO               [http-nio-8081-exec-5]         be.pxl.services.controller.PostController - Getting all pending posts
2024-12-29T14:23:40.094+0100 INFO               [http-nio-8081-exec-4]         be.pxl.services.services.PostService - Getting post with id: 1
2024-12-29T14:23:40.138+0100 INFO               [http-nio-8081-exec-4]         be.pxl.services.controller.PostController - Getting post with id: 1
2024-12-29T14:23:42.610+0100 INFO               [http-nio-8081-exec-6]         be.pxl.services.services.PostService - Getting post with id: 1
2024-12-29T14:23:42.631+0100 INFO               [http-nio-8081-exec-6]         be.pxl.services.controller.PostController - Getting post with id: 1
2024-12-29T14:23:47.009+0100 INFO               [http-nio-8081-exec-7]         be.pxl.services.services.PostService - Getting all published posts
2024-12-29T14:23:47.015+0100 INFO               [org.springframework.amqp.rabbit.RabbitListenerEndpointContainer#0-1] be.pxl.services.services.PostService - Updating post status with id: 1
2024-12-29T14:23:47.024+0100 INFO               [http-nio-8081-exec-7]         be.pxl.services.controller.PostController - Getting all published posts
2024-12-29T14:23:47.089+0100 INFO               [org.springframework.amqp.rabbit.RabbitListenerEndpointContainer#0-1] be.pxl.services.services.PostService - Post status updated successfully: Test
2024-12-29T14:23:49.280+0100 INFO               [http-nio-8081-exec-8]         be.pxl.services.services.PostService - Getting all published posts
2024-12-29T14:23:49.292+0100 INFO               [http-nio-8081-exec-8]         be.pxl.services.controller.PostController - Getting all published posts
2024-12-29T14:24:23.899+0100 INFO               [http-nio-8081-exec-10]        be.pxl.services.services.PostService - Getting all published posts
2024-12-29T14:24:23.910+0100 INFO               [http-nio-8081-exec-10]        be.pxl.services.controller.PostController - Getting all published posts
2024-12-29T14:24:32.241+0100 INFO               [http-nio-8081-exec-9]         be.pxl.services.services.PostService - Getting all published posts
2024-12-29T14:24:32.250+0100 INFO               [http-nio-8081-exec-9]         be.pxl.services.controller.PostController - Getting all published posts
2024-12-29T14:24:51.369+0100 INFO               [http-nio-8081-exec-2]         be.pxl.services.services.PostService - Creating new post
2024-12-29T14:24:51.397+0100 INFO               [http-nio-8081-exec-2]         be.pxl.services.services.PostService - Post created successfully: Test 2
2024-12-29T14:24:51.397+0100 INFO               [http-nio-8081-exec-2]         be.pxl.services.controller.PostController - Creating new post
2024-12-29T14:24:51.448+0100 INFO               [http-nio-8081-exec-5]         be.pxl.services.services.PostService - Getting all pending posts
2024-12-29T14:24:51.448+0100 INFO               [http-nio-8081-exec-3]         be.pxl.services.services.PostService - Getting all draft posts
2024-12-29T14:24:51.455+0100 INFO               [http-nio-8081-exec-3]         be.pxl.services.controller.PostController - Getting all draft posts
2024-12-29T14:24:51.456+0100 INFO               [http-nio-8081-exec-5]         be.pxl.services.controller.PostController - Getting all pending posts
2024-12-29T14:24:52.675+0100 INFO               [http-nio-8081-exec-4]         be.pxl.services.services.PostService - Getting post with id: 2
2024-12-29T14:24:52.691+0100 INFO               [http-nio-8081-exec-4]         be.pxl.services.controller.PostController - Getting post with id: 2
2024-12-29T14:24:54.534+0100 INFO               [http-nio-8081-exec-6]         be.pxl.services.services.PostService - Getting post with id: 2
2024-12-29T14:24:54.548+0100 INFO               [http-nio-8081-exec-6]         be.pxl.services.controller.PostController - Getting post with id: 2
2024-12-29T14:24:56.280+0100 INFO               [org.springframework.amqp.rabbit.RabbitListenerEndpointContainer#0-1] be.pxl.services.services.PostService - Updating post status with id: 2
2024-12-29T14:24:56.296+0100 INFO               [http-nio-8081-exec-7]         be.pxl.services.services.PostService - Getting all published posts
2024-12-29T14:24:56.306+0100 INFO               [http-nio-8081-exec-7]         be.pxl.services.controller.PostController - Getting all published posts
2024-12-29T14:24:56.327+0100 INFO               [org.springframework.amqp.rabbit.RabbitListenerEndpointContainer#0-1] be.pxl.services.services.PostService - Updating post status with id: 2
2024-12-29T14:24:56.376+0100 INFO               [org.springframework.amqp.rabbit.RabbitListenerEndpointContainer#0-1] be.pxl.services.services.PostService - Post status updated successfully: Test 2
2024-12-29T14:24:58.347+0100 INFO               [http-nio-8081-exec-8]         be.pxl.services.services.PostService - Getting all published posts
2024-12-29T14:24:58.370+0100 INFO               [http-nio-8081-exec-8]         be.pxl.services.controller.PostController - Getting all published posts
2024-12-29T14:24:58.755+0100 INFO               [http-nio-8081-exec-10]        be.pxl.services.services.PostService - Getting all published posts
2024-12-29T14:24:58.765+0100 INFO               [http-nio-8081-exec-10]        be.pxl.services.controller.PostController - Getting all published posts
2024-12-29T14:25:12.947+0100 INFO               [http-nio-8081-exec-9]         be.pxl.services.services.PostService - Getting all published posts
2024-12-29T14:25:12.963+0100 INFO               [http-nio-8081-exec-9]         be.pxl.services.controller.PostController - Getting all published posts
2024-12-29T14:25:20.764+0100 INFO               [http-nio-8081-exec-1]         be.pxl.services.services.PostService - Getting all published posts
2024-12-29T14:25:20.776+0100 INFO               [http-nio-8081-exec-1]         be.pxl.services.controller.PostController - Getting all published posts
2024-12-29T14:34:48.710+0100 INFO               [http-nio-8081-exec-4]         be.pxl.services.services.PostService - Getting all published posts
2024-12-29T14:34:48.724+0100 INFO               [http-nio-8081-exec-4]         be.pxl.services.controller.PostController - Getting all published posts
2024-12-29T14:35:02.724+0100 INFO               [http-nio-8081-exec-6]         be.pxl.services.services.PostService - Creating new post
2024-12-29T14:35:02.750+0100 INFO               [http-nio-8081-exec-6]         be.pxl.services.services.PostService - Post created successfully: Test
2024-12-29T14:35:02.751+0100 INFO               [http-nio-8081-exec-6]         be.pxl.services.controller.PostController - Creating new post
2024-12-29T14:35:02.792+0100 INFO               [http-nio-8081-exec-7]         be.pxl.services.services.PostService - Getting all draft posts
2024-12-29T14:35:02.799+0100 INFO               [http-nio-8081-exec-8]         be.pxl.services.services.PostService - Getting all pending posts
2024-12-29T14:35:02.801+0100 INFO               [http-nio-8081-exec-7]         be.pxl.services.controller.PostController - Getting all draft posts
2024-12-29T14:35:02.808+0100 INFO               [http-nio-8081-exec-8]         be.pxl.services.controller.PostController - Getting all pending posts
2024-12-29T14:37:04.243+0100 INFO               [http-nio-8081-exec-1]         be.pxl.services.services.PostService - Getting all published posts
2024-12-29T14:37:04.253+0100 INFO               [http-nio-8081-exec-1]         be.pxl.services.controller.PostController - Getting all published posts
2024-12-29T14:37:06.368+0100 INFO               [http-nio-8081-exec-2]         be.pxl.services.services.PostService - Getting all draft posts
2024-12-29T14:37:06.374+0100 INFO               [http-nio-8081-exec-5]         be.pxl.services.services.PostService - Getting all pending posts
2024-12-29T14:37:06.381+0100 INFO               [http-nio-8081-exec-2]         be.pxl.services.controller.PostController - Getting all draft posts
2024-12-29T14:37:06.381+0100 INFO               [http-nio-8081-exec-5]         be.pxl.services.controller.PostController - Getting all pending posts
2024-12-29T14:37:10.506+0100 INFO               [http-nio-8081-exec-3]         be.pxl.services.services.PostService - Getting all published posts
2024-12-29T14:37:10.520+0100 INFO               [http-nio-8081-exec-3]         be.pxl.services.controller.PostController - Getting all published posts
2024-12-29T14:37:21.566+0100 INFO               [http-nio-8081-exec-6]         be.pxl.services.services.PostService - Getting all pending posts
2024-12-29T14:37:21.566+0100 INFO               [http-nio-8081-exec-4]         be.pxl.services.services.PostService - Getting all draft posts
2024-12-29T14:37:21.575+0100 INFO               [http-nio-8081-exec-6]         be.pxl.services.controller.PostController - Getting all pending posts
2024-12-29T14:37:21.576+0100 INFO               [http-nio-8081-exec-4]         be.pxl.services.controller.PostController - Getting all draft posts
2024-12-29T14:38:29.628+0100 INFO               [http-nio-8081-exec-9]         be.pxl.services.services.PostService - Getting all draft posts
2024-12-29T14:38:29.628+0100 INFO               [http-nio-8081-exec-10]        be.pxl.services.services.PostService - Getting all pending posts
2024-12-29T14:38:29.640+0100 INFO               [http-nio-8081-exec-10]        be.pxl.services.controller.PostController - Getting all pending posts
2024-12-29T14:38:29.660+0100 INFO               [http-nio-8081-exec-9]         be.pxl.services.controller.PostController - Getting all draft posts
2024-12-29T14:38:41.154+0100 INFO               [http-nio-8081-exec-2]         be.pxl.services.services.PostService - Getting all draft posts
2024-12-29T14:38:41.154+0100 INFO               [http-nio-8081-exec-1]         be.pxl.services.services.PostService - Getting all pending posts
2024-12-29T14:38:41.175+0100 INFO               [http-nio-8081-exec-1]         be.pxl.services.controller.PostController - Getting all pending posts
2024-12-29T14:38:41.175+0100 INFO               [http-nio-8081-exec-2]         be.pxl.services.controller.PostController - Getting all draft posts
2024-12-29T14:38:43.382+0100 INFO               [http-nio-8081-exec-5]         be.pxl.services.services.PostService - Getting post with id: 3
2024-12-29T14:38:43.400+0100 INFO               [http-nio-8081-exec-5]         be.pxl.services.controller.PostController - Getting post with id: 3
2024-12-29T14:38:45.859+0100 INFO               [http-nio-8081-exec-3]         be.pxl.services.services.PostService - Getting post with id: 3
2024-12-29T14:38:45.881+0100 INFO               [http-nio-8081-exec-3]         be.pxl.services.controller.PostController - Getting post with id: 3
2024-12-29T14:38:48.447+0100 INFO               [org.springframework.amqp.rabbit.RabbitListenerEndpointContainer#0-1] be.pxl.services.services.PostService - Updating post status with id: 3
2024-12-29T14:38:48.468+0100 INFO               [org.springframework.amqp.rabbit.RabbitListenerEndpointContainer#0-1] be.pxl.services.services.PostService - Updating post status with id: 3
2024-12-29T14:38:48.480+0100 INFO               [http-nio-8081-exec-6]         be.pxl.services.services.PostService - Getting all published posts
2024-12-29T14:38:48.491+0100 INFO               [http-nio-8081-exec-6]         be.pxl.services.controller.PostController - Getting all published posts
2024-12-29T14:38:48.533+0100 INFO               [org.springframework.amqp.rabbit.RabbitListenerEndpointContainer#0-1] be.pxl.services.services.PostService - Post status updated successfully: Test
2024-12-29T14:38:51.111+0100 INFO               [http-nio-8081-exec-4]         be.pxl.services.services.PostService - Getting all published posts
2024-12-29T14:38:51.123+0100 INFO               [http-nio-8081-exec-4]         be.pxl.services.controller.PostController - Getting all published posts
2024-12-29T14:39:16.085+0100 INFO               [http-nio-8081-exec-8]         be.pxl.services.services.PostService - Creating new post
2024-12-29T14:39:16.110+0100 INFO               [http-nio-8081-exec-8]         be.pxl.services.services.PostService - Post created successfully: Test 3
2024-12-29T14:39:16.111+0100 INFO               [http-nio-8081-exec-8]         be.pxl.services.controller.PostController - Creating new post
2024-12-29T14:39:16.155+0100 INFO               [http-nio-8081-exec-10]        be.pxl.services.services.PostService - Getting all draft posts
2024-12-29T14:39:16.155+0100 INFO               [http-nio-8081-exec-7]         be.pxl.services.services.PostService - Getting all pending posts
2024-12-29T14:39:16.162+0100 INFO               [http-nio-8081-exec-7]         be.pxl.services.controller.PostController - Getting all pending posts
2024-12-29T14:39:16.162+0100 INFO               [http-nio-8081-exec-10]        be.pxl.services.controller.PostController - Getting all draft posts
2024-12-29T14:39:18.445+0100 INFO               [http-nio-8081-exec-9]         be.pxl.services.services.PostService - Getting post with id: 4
2024-12-29T14:39:18.462+0100 INFO               [http-nio-8081-exec-9]         be.pxl.services.controller.PostController - Getting post with id: 4
2024-12-29T14:39:38.499+0100 INFO               [http-nio-8081-exec-2]         be.pxl.services.services.PostService - Getting post with id: 4
2024-12-29T14:39:38.516+0100 INFO               [http-nio-8081-exec-2]         be.pxl.services.controller.PostController - Getting post with id: 4
2024-12-29T14:39:40.489+0100 INFO               [org.springframework.amqp.rabbit.RabbitListenerEndpointContainer#0-1] be.pxl.services.services.PostService - Updating post status with id: 4
2024-12-29T14:39:40.512+0100 INFO               [org.springframework.amqp.rabbit.RabbitListenerEndpointContainer#0-1] be.pxl.services.services.PostService - Updating post status with id: 4
2024-12-29T14:39:40.520+0100 INFO               [http-nio-8081-exec-1]         be.pxl.services.services.PostService - Getting all pending posts
2024-12-29T14:39:40.520+0100 INFO               [http-nio-8081-exec-5]         be.pxl.services.services.PostService - Getting all draft posts
2024-12-29T14:39:40.528+0100 INFO               [http-nio-8081-exec-5]         be.pxl.services.controller.PostController - Getting all draft posts
2024-12-29T14:39:40.531+0100 INFO               [http-nio-8081-exec-1]         be.pxl.services.controller.PostController - Getting all pending posts
2024-12-29T14:39:40.581+0100 INFO               [org.springframework.amqp.rabbit.RabbitListenerEndpointContainer#0-1] be.pxl.services.services.PostService - Post status updated successfully: Test 3
2024-12-29T14:39:58.961+0100 INFO               [http-nio-8081-exec-3]         be.pxl.services.services.PostService - Getting all pending posts
2024-12-29T14:39:58.962+0100 INFO               [http-nio-8081-exec-6]         be.pxl.services.services.PostService - Getting all draft posts
2024-12-29T14:39:58.977+0100 INFO               [http-nio-8081-exec-6]         be.pxl.services.controller.PostController - Getting all draft posts
2024-12-29T14:39:58.978+0100 INFO               [http-nio-8081-exec-3]         be.pxl.services.controller.PostController - Getting all pending posts
2024-12-29T14:40:52.040+0100 INFO               [http-nio-8081-exec-8]         be.pxl.services.services.PostService - Getting all pending posts
2024-12-29T14:40:52.041+0100 INFO               [http-nio-8081-exec-7]         be.pxl.services.services.PostService - Getting all draft posts
2024-12-29T14:40:52.055+0100 INFO               [http-nio-8081-exec-7]         be.pxl.services.controller.PostController - Getting all draft posts
2024-12-29T14:40:52.056+0100 INFO               [http-nio-8081-exec-8]         be.pxl.services.controller.PostController - Getting all pending posts
2024-12-29T14:41:33.548+0100 INFO               [http-nio-8081-exec-10]        be.pxl.services.services.PostService - Updating post with id: 4
2024-12-29T14:41:33.581+0100 INFO               [http-nio-8081-exec-10]        be.pxl.services.services.PostService - Post updated successfully: Test 3
2024-12-29T14:41:33.582+0100 INFO               [http-nio-8081-exec-10]        be.pxl.services.controller.PostController - Updating post with id: 4
2024-12-29T14:41:33.620+0100 INFO               [http-nio-8081-exec-9]         be.pxl.services.services.PostService - Getting all draft posts
2024-12-29T14:41:33.620+0100 INFO               [http-nio-8081-exec-2]         be.pxl.services.services.PostService - Getting all pending posts
2024-12-29T14:41:33.628+0100 INFO               [http-nio-8081-exec-2]         be.pxl.services.controller.PostController - Getting all pending posts
2024-12-29T14:41:33.632+0100 INFO               [http-nio-8081-exec-9]         be.pxl.services.controller.PostController - Getting all draft posts
2024-12-29T14:42:32.639+0100 INFO               [http-nio-8081-exec-1]         be.pxl.services.services.PostService - Getting all pending posts
2024-12-29T14:42:32.645+0100 INFO               [http-nio-8081-exec-5]         be.pxl.services.services.PostService - Getting all draft posts
2024-12-29T14:42:32.671+0100 INFO               [http-nio-8081-exec-1]         be.pxl.services.controller.PostController - Getting all pending posts
2024-12-29T14:42:32.819+0100 INFO               [http-nio-8081-exec-5]         be.pxl.services.controller.PostController - Getting all draft posts
2024-12-29T14:42:43.655+0100 INFO               [http-nio-8081-exec-3]         be.pxl.services.services.PostService - Getting all draft posts
2024-12-29T14:42:43.655+0100 INFO               [http-nio-8081-exec-6]         be.pxl.services.services.PostService - Getting all pending posts
2024-12-29T14:42:43.695+0100 INFO               [http-nio-8081-exec-6]         be.pxl.services.controller.PostController - Getting all pending posts
2024-12-29T14:42:43.863+0100 INFO               [http-nio-8081-exec-3]         be.pxl.services.controller.PostController - Getting all draft posts
2024-12-29T14:43:02.794+0100 INFO               [http-nio-8081-exec-4]         be.pxl.services.services.PostService - Getting all draft posts
2024-12-29T14:43:02.812+0100 INFO               [http-nio-8081-exec-8]         be.pxl.services.services.PostService - Getting all pending posts
2024-12-29T14:43:02.881+0100 INFO               [http-nio-8081-exec-8]         be.pxl.services.controller.PostController - Getting all pending posts
2024-12-29T14:43:02.897+0100 INFO               [http-nio-8081-exec-4]         be.pxl.services.controller.PostController - Getting all draft posts
2024-12-29T14:43:06.063+0100 INFO               [http-nio-8081-exec-7]         be.pxl.services.services.PostService - Getting all pending posts
2024-12-29T14:43:06.072+0100 INFO               [http-nio-8081-exec-10]        be.pxl.services.services.PostService - Getting all draft posts
2024-12-29T14:43:06.148+0100 INFO               [http-nio-8081-exec-10]        be.pxl.services.controller.PostController - Getting all draft posts
2024-12-29T14:43:06.176+0100 INFO               [http-nio-8081-exec-7]         be.pxl.services.controller.PostController - Getting all pending posts
2024-12-29T14:43:28.167+0100 INFO               [http-nio-8081-exec-2]         be.pxl.services.services.PostService - Getting all draft posts
2024-12-29T14:43:28.214+0100 INFO               [http-nio-8081-exec-9]         be.pxl.services.services.PostService - Getting all pending posts
2024-12-29T14:43:28.291+0100 INFO               [http-nio-8081-exec-2]         be.pxl.services.controller.PostController - Getting all draft posts
2024-12-29T14:43:28.442+0100 INFO               [http-nio-8081-exec-9]         be.pxl.services.controller.PostController - Getting all pending posts
2024-12-29T14:43:31.732+0100 INFO               [http-nio-8081-exec-1]         be.pxl.services.services.PostService - Getting all draft posts
2024-12-29T14:43:31.732+0100 INFO               [http-nio-8081-exec-5]         be.pxl.services.services.PostService - Getting all pending posts
2024-12-29T14:43:31.788+0100 INFO               [http-nio-8081-exec-5]         be.pxl.services.controller.PostController - Getting all pending posts
2024-12-29T14:43:31.798+0100 INFO               [http-nio-8081-exec-1]         be.pxl.services.controller.PostController - Getting all draft posts
2024-12-29T14:44:00.968+0100 INFO               [http-nio-8081-exec-6]         be.pxl.services.services.PostService - Creating new post
2024-12-29T14:44:01.000+0100 INFO               [http-nio-8081-exec-6]         be.pxl.services.services.PostService - Post created successfully: Test 3
2024-12-29T14:44:01.000+0100 INFO               [http-nio-8081-exec-6]         be.pxl.services.controller.PostController - Creating new post
2024-12-29T14:44:01.045+0100 INFO               [http-nio-8081-exec-3]         be.pxl.services.services.PostService - Getting all draft posts
2024-12-29T14:44:01.048+0100 INFO               [http-nio-8081-exec-8]         be.pxl.services.services.PostService - Getting all pending posts
2024-12-29T14:44:01.054+0100 INFO               [http-nio-8081-exec-8]         be.pxl.services.controller.PostController - Getting all pending posts
2024-12-29T14:44:01.055+0100 INFO               [http-nio-8081-exec-3]         be.pxl.services.controller.PostController - Getting all draft posts
2024-12-29T14:44:38.807+0100 INFO               [http-nio-8081-exec-4]         be.pxl.services.services.PostService - Getting all published posts
2024-12-29T14:44:38.814+0100 INFO               [http-nio-8081-exec-4]         be.pxl.services.controller.PostController - Getting all published posts
2024-12-29T14:47:02.363+0100 INFO               [http-nio-8081-exec-2]         be.pxl.services.services.PostService - Getting all published posts
2024-12-29T14:47:02.372+0100 INFO               [http-nio-8081-exec-2]         be.pxl.services.controller.PostController - Getting all published posts
2024-12-29T14:47:05.438+0100 INFO               [http-nio-8081-exec-9]         be.pxl.services.services.PostService - Getting all published posts
2024-12-29T14:47:05.446+0100 INFO               [http-nio-8081-exec-9]         be.pxl.services.controller.PostController - Getting all published posts
