2025-01-08T09:27:22.918+0100 INFO               [main]                         be.pxl.services.ReviewServiceApplicationTest - Starting ReviewServiceApplicationTest using Java 21.0.4 with PID 18160 (started by MechaCoder in C:\Users\MechaCoder\Documents\2-3 TIN Sem 1\Fullstack Java\project-YA-Amzil\backend-java\NewsPublishSystem\review-service)
2025-01-08T09:27:22.927+0100 DEBUG              [main]                         be.pxl.services.ReviewServiceApplicationTest - Running with Spring Boot v3.3.4, Spring v6.1.13
2025-01-08T09:27:22.927+0100 INFO               [main]                         be.pxl.services.ReviewServiceApplicationTest - No active profile set, falling back to 1 default profile: "default"
2025-01-08T09:27:40.416+0100 INFO               [main]                         be.pxl.services.ReviewServiceApplicationTest - Started ReviewServiceApplicationTest in 19.041 seconds (process running for 45.099)
2025-01-08T09:27:42.817+0100 INFO               [main]                         be.pxl.services.services.ReviewService - Getting all rejected reviews
2025-01-08T09:27:42.915+0100 INFO               [main]                         be.pxl.services.controller.ReviewController - Getting all rejected reviews
2025-01-08T09:27:43.558+0100 INFO               [main]                         be.pxl.services.services.ReviewService - Approving review for post with id: 1
2025-01-08T09:27:43.689+0100 INFO               [main]                         be.pxl.services.services.ReviewService - Review approved successfully for post with id: 1
2025-01-08T09:27:43.715+0100 INFO               [main]                         be.pxl.services.services.ReviewService - Notification sent successfully for post with id: 1
2025-01-08T09:27:43.715+0100 INFO               [main]                         be.pxl.services.controller.ReviewController - Approving review for post with id: 1
2025-01-08T09:27:43.959+0100 INFO               [main]                         be.pxl.services.services.ReviewService - Publishing post with id: 3
2025-01-08T09:27:44.024+0100 INFO               [main]                         be.pxl.services.services.ReviewService - Post published successfully with id: 3
2025-01-08T09:27:44.027+0100 INFO               [main]                         be.pxl.services.services.ReviewService - Review message sent successfully for post with id: 3
2025-01-08T09:27:44.028+0100 INFO               [main]                         be.pxl.services.controller.ReviewController - Publishing post with id: 3
2025-01-08T09:27:44.216+0100 INFO               [main]                         be.pxl.services.services.ReviewService - Rejecting review for post with id: 1
2025-01-08T09:27:44.266+0100 INFO               [main]                         be.pxl.services.services.ReviewService - Review rejected successfully for post with id: 1
2025-01-08T09:27:44.268+0100 INFO               [main]                         be.pxl.services.services.ReviewService - Notification sent successfully for post with id: 1
2025-01-08T09:27:44.268+0100 INFO               [main]                         be.pxl.services.controller.ReviewController - Rejecting review for post with id: 1
2025-01-08T09:27:44.673+0100 INFO               [main]                         be.pxl.services.services.ReviewService - Getting all reviews
2025-01-08T09:27:44.700+0100 INFO               [main]                         be.pxl.services.controller.ReviewController - Getting all reviews
2025-01-08T09:27:44.843+0100 INFO               [main]                         be.pxl.services.services.ReviewService - Revising post with id: 7
2025-01-08T09:27:44.898+0100 INFO               [main]                         be.pxl.services.services.ReviewService - Post revised successfully with id: 7
2025-01-08T09:27:44.899+0100 INFO               [main]                         be.pxl.services.services.ReviewService - Review message sent successfully for post with id: 7
2025-01-08T09:27:44.900+0100 INFO               [main]                         be.pxl.services.controller.ReviewController - Revising post with id: 7
2025-01-08T09:27:45.061+0100 INFO               [main]                         be.pxl.services.services.ReviewService - Getting all approved reviews
2025-01-08T09:27:45.078+0100 INFO               [main]                         be.pxl.services.controller.ReviewController - Getting all approved reviews
2025-01-08T09:27:45.165+0100 INFO               [main]                         be.pxl.services.services.ReviewService - Publishing post with id: 999
2025-01-08T09:27:45.201+0100 ERROR              [main]                         be.pxl.services.services.ReviewService - Review not found for post with id: 999
2025-01-08T18:46:56.102+0100 INFO               [main]                         be.pxl.services.ReviewServiceApplicationTest - Starting ReviewServiceApplicationTest using Java 21.0.4 with PID 16028 (started by MechaCoder in C:\Users\MechaCoder\Documents\2-3 TIN Sem 1\Fullstack Java\project-YA-Amzil\backend-java\NewsPublishSystem\review-service)
2025-01-08T18:46:56.105+0100 DEBUG              [main]                         be.pxl.services.ReviewServiceApplicationTest - Running with Spring Boot v3.3.4, Spring v6.1.13
2025-01-08T18:46:56.107+0100 INFO               [main]                         be.pxl.services.ReviewServiceApplicationTest - No active profile set, falling back to 1 default profile: "default"
2025-01-08T18:47:30.709+0100 INFO               [main]                         be.pxl.services.ReviewServiceApplicationTest - Started ReviewServiceApplicationTest in 37.607 seconds (process running for 88.214)
2025-01-08T18:47:32.486+0100 INFO               [main]                         be.pxl.services.services.ReviewService - Getting all rejected reviews
2025-01-08T18:47:32.623+0100 INFO               [main]                         be.pxl.services.controller.ReviewController - Getting all rejected reviews
2025-01-08T18:47:34.285+0100 INFO               [main]                         be.pxl.services.services.ReviewService - Publishing post with id: 3
2025-01-08T18:47:34.449+0100 INFO               [main]                         be.pxl.services.services.ReviewService - Post published successfully with id: 3
2025-01-08T18:47:34.465+0100 INFO               [main]                         be.pxl.services.services.ReviewService - Review message sent successfully for post with id: 3
2025-01-08T18:47:34.465+0100 INFO               [main]                         be.pxl.services.controller.ReviewController - Publishing post with id: 3
2025-01-08T18:47:34.783+0100 INFO               [main]                         be.pxl.services.services.ReviewService - Rejecting review for post with id: 1
2025-01-08T18:47:34.836+0100 INFO               [main]                         be.pxl.services.services.ReviewService - Review rejected successfully for post with id: 1
2025-01-08T18:47:34.839+0100 INFO               [main]                         be.pxl.services.services.ReviewService - Notification sent successfully for post with id: 1
2025-01-08T18:47:34.839+0100 INFO               [main]                         be.pxl.services.controller.ReviewController - Rejecting review for post with id: 1
2025-01-08T18:47:35.069+0100 INFO               [main]                         be.pxl.services.services.ReviewService - Getting all reviews
2025-01-08T18:47:35.098+0100 INFO               [main]                         be.pxl.services.controller.ReviewController - Getting all reviews
2025-01-08T18:47:35.260+0100 INFO               [main]                         be.pxl.services.services.ReviewService - Revising post with id: 7
2025-01-08T18:47:35.392+0100 INFO               [main]                         be.pxl.services.services.ReviewService - Post revised successfully with id: 7
2025-01-08T18:47:35.394+0100 INFO               [main]                         be.pxl.services.services.ReviewService - Review message sent successfully for post with id: 7
2025-01-08T18:47:35.395+0100 INFO               [main]                         be.pxl.services.controller.ReviewController - Revising post with id: 7
2025-01-08T18:47:35.646+0100 INFO               [main]                         be.pxl.services.services.ReviewService - Getting all approved reviews
2025-01-08T18:47:35.657+0100 INFO               [main]                         be.pxl.services.controller.ReviewController - Getting all approved reviews
2025-01-08T18:47:35.872+0100 INFO               [main]                         be.pxl.services.services.ReviewService - Publishing post with id: 999
2025-01-08T18:47:35.894+0100 ERROR              [main]                         be.pxl.services.services.ReviewService - Review not found for post with id: 999
2025-01-08T19:05:01.049+0100 INFO               [main]                         be.pxl.services.ReviewServiceApplicationTest - Starting ReviewServiceApplicationTest using Java 21.0.4 with PID 8632 (started by MechaCoder in C:\Users\MechaCoder\Documents\2-3 TIN Sem 1\Fullstack Java\project-YA-Amzil\backend-java\NewsPublishSystem\review-service)
2025-01-08T19:05:01.049+0100 DEBUG              [main]                         be.pxl.services.ReviewServiceApplicationTest - Running with Spring Boot v3.3.4, Spring v6.1.13
2025-01-08T19:05:01.049+0100 INFO               [main]                         be.pxl.services.ReviewServiceApplicationTest - No active profile set, falling back to 1 default profile: "default"
2025-01-08T19:05:12.962+0100 INFO               [main]                         be.pxl.services.ReviewServiceApplicationTest - Started ReviewServiceApplicationTest in 13.35 seconds (process running for 45.732)
2025-01-08T19:05:13.473+0100 INFO               [main]                         be.pxl.services.services.ReviewService - Getting all rejected reviews
2025-01-08T19:05:13.521+0100 INFO               [main]                         be.pxl.services.controller.ReviewController - Getting all rejected reviews
2025-01-08T19:05:13.795+0100 INFO               [main]                         be.pxl.services.services.ReviewService - Publishing post with id: 1
2025-01-08T19:05:13.829+0100 ERROR              [main]                         be.pxl.services.services.ReviewService - Review not found for post with id: 1
2025-01-08T19:05:13.967+0100 INFO               [main]                         be.pxl.services.services.ReviewService - Approving review for post with id: 1
2025-01-08T19:05:14.047+0100 INFO               [main]                         be.pxl.services.services.ReviewService - Review approved successfully for post with id: 1
2025-01-08T19:05:14.057+0100 INFO               [main]                         be.pxl.services.services.ReviewService - Notification sent successfully for post with id: 1
2025-01-08T19:05:14.063+0100 INFO               [main]                         be.pxl.services.controller.ReviewController - Approving review for post with id: 1
2025-01-08T19:05:14.192+0100 INFO               [main]                         be.pxl.services.services.ReviewService - Publishing post with id: 3
2025-01-08T19:05:14.240+0100 INFO               [main]                         be.pxl.services.services.ReviewService - Post published successfully with id: 3
2025-01-08T19:05:14.241+0100 INFO               [main]                         be.pxl.services.services.ReviewService - Review message sent successfully for post with id: 3
2025-01-08T19:05:14.242+0100 INFO               [main]                         be.pxl.services.controller.ReviewController - Publishing post with id: 3
2025-01-08T19:05:14.341+0100 INFO               [main]                         be.pxl.services.services.ReviewService - Rejecting review for post with id: 1
2025-01-08T19:05:14.370+0100 INFO               [main]                         be.pxl.services.services.ReviewService - Review rejected successfully for post with id: 1
2025-01-08T19:05:14.371+0100 INFO               [main]                         be.pxl.services.services.ReviewService - Notification sent successfully for post with id: 1
2025-01-08T19:05:14.371+0100 INFO               [main]                         be.pxl.services.controller.ReviewController - Rejecting review for post with id: 1
2025-01-08T19:05:14.502+0100 INFO               [main]                         be.pxl.services.services.ReviewService - Getting all reviews
2025-01-08T19:05:14.528+0100 INFO               [main]                         be.pxl.services.controller.ReviewController - Getting all reviews
2025-01-08T19:05:14.606+0100 INFO               [main]                         be.pxl.services.services.ReviewService - Revising post with id: 7
2025-01-08T19:05:14.644+0100 INFO               [main]                         be.pxl.services.services.ReviewService - Post revised successfully with id: 7
2025-01-08T19:05:14.644+0100 INFO               [main]                         be.pxl.services.services.ReviewService - Review message sent successfully for post with id: 7
2025-01-08T19:05:14.644+0100 INFO               [main]                         be.pxl.services.controller.ReviewController - Revising post with id: 7
2025-01-08T19:05:14.735+0100 INFO               [main]                         be.pxl.services.services.ReviewService - Getting all approved reviews
2025-01-08T19:05:14.741+0100 INFO               [main]                         be.pxl.services.controller.ReviewController - Getting all approved reviews
2025-01-08T19:05:14.776+0100 INFO               [main]                         be.pxl.services.services.ReviewService - Publishing post with id: 999
2025-01-08T19:05:14.791+0100 ERROR              [main]                         be.pxl.services.services.ReviewService - Review not found for post with id: 999
2025-01-08T19:10:42.431+0100 INFO               [main]                         be.pxl.services.ReviewServiceApplicationTest - Starting ReviewServiceApplicationTest using Java 21.0.4 with PID 16368 (started by MechaCoder in C:\Users\MechaCoder\Documents\2-3 TIN Sem 1\Fullstack Java\project-YA-Amzil\backend-java\NewsPublishSystem\review-service)
2025-01-08T19:10:42.434+0100 DEBUG              [main]                         be.pxl.services.ReviewServiceApplicationTest - Running with Spring Boot v3.3.4, Spring v6.1.13
2025-01-08T19:10:42.437+0100 INFO               [main]                         be.pxl.services.ReviewServiceApplicationTest - No active profile set, falling back to 1 default profile: "default"
2025-01-08T19:11:05.792+0100 INFO               [main]                         be.pxl.services.ReviewServiceApplicationTest - Started ReviewServiceApplicationTest in 26.09 seconds (process running for 61.108)
2025-01-08T19:11:06.709+0100 INFO               [main]                         be.pxl.services.services.ReviewService - Getting all rejected reviews
2025-01-08T19:11:06.795+0100 INFO               [main]                         be.pxl.services.controller.ReviewController - Getting all rejected reviews
2025-01-08T19:11:07.185+0100 INFO               [main]                         be.pxl.services.services.ReviewService - Publishing post with id: 1
2025-01-08T19:11:07.217+0100 ERROR              [main]                         be.pxl.services.services.ReviewService - Review not found for post with id: 1
2025-01-08T19:11:07.412+0100 INFO               [main]                         be.pxl.services.services.ReviewService - Approving review for post with id: 1
2025-01-08T19:11:07.476+0100 INFO               [main]                         be.pxl.services.services.ReviewService - Review approved successfully for post with id: 1
2025-01-08T19:11:07.492+0100 INFO               [main]                         be.pxl.services.services.ReviewService - Notification sent successfully for post with id: 1
2025-01-08T19:11:07.493+0100 INFO               [main]                         be.pxl.services.controller.ReviewController - Approving review for post with id: 1
2025-01-08T19:11:07.660+0100 INFO               [main]                         be.pxl.services.services.ReviewService - Publishing post with id: 3
2025-01-08T19:11:07.740+0100 INFO               [main]                         be.pxl.services.services.ReviewService - Post published successfully with id: 3
2025-01-08T19:11:07.742+0100 INFO               [main]                         be.pxl.services.services.ReviewService - Review message sent successfully for post with id: 3
2025-01-08T19:11:07.743+0100 INFO               [main]                         be.pxl.services.controller.ReviewController - Publishing post with id: 3
2025-01-08T19:11:07.925+0100 INFO               [main]                         be.pxl.services.services.ReviewService - Rejecting review for post with id: 1
2025-01-08T19:11:08.010+0100 INFO               [main]                         be.pxl.services.services.ReviewService - Review rejected successfully for post with id: 1
2025-01-08T19:11:08.013+0100 INFO               [main]                         be.pxl.services.services.ReviewService - Notification sent successfully for post with id: 1
2025-01-08T19:11:08.013+0100 INFO               [main]                         be.pxl.services.controller.ReviewController - Rejecting review for post with id: 1
2025-01-08T19:11:08.258+0100 INFO               [main]                         be.pxl.services.services.ReviewService - Getting all reviews
2025-01-08T19:11:08.293+0100 INFO               [main]                         be.pxl.services.controller.ReviewController - Getting all reviews
2025-01-08T19:11:08.408+0100 INFO               [main]                         be.pxl.services.services.ReviewService - Revising post with id: 7
2025-01-08T19:11:08.470+0100 INFO               [main]                         be.pxl.services.services.ReviewService - Post revised successfully with id: 7
2025-01-08T19:11:08.472+0100 INFO               [main]                         be.pxl.services.services.ReviewService - Review message sent successfully for post with id: 7
2025-01-08T19:11:08.472+0100 INFO               [main]                         be.pxl.services.controller.ReviewController - Revising post with id: 7
2025-01-08T19:11:08.620+0100 INFO               [main]                         be.pxl.services.services.ReviewService - Getting all approved reviews
2025-01-08T19:11:08.636+0100 INFO               [main]                         be.pxl.services.controller.ReviewController - Getting all approved reviews
2025-01-08T19:11:08.780+0100 INFO               [main]                         be.pxl.services.services.ReviewService - Publishing post with id: 999
2025-01-08T19:11:08.812+0100 ERROR              [main]                         be.pxl.services.services.ReviewService - Review not found for post with id: 999
2025-01-08T19:12:47.589+0100 INFO               [main]                         be.pxl.services.ReviewServiceApplicationTest - Starting ReviewServiceApplicationTest using Java 21.0.4 with PID 14004 (started by MechaCoder in C:\Users\MechaCoder\Documents\2-3 TIN Sem 1\Fullstack Java\project-YA-Amzil\backend-java\NewsPublishSystem\review-service)
2025-01-08T19:12:47.590+0100 DEBUG              [main]                         be.pxl.services.ReviewServiceApplicationTest - Running with Spring Boot v3.3.4, Spring v6.1.13
2025-01-08T19:12:47.591+0100 INFO               [main]                         be.pxl.services.ReviewServiceApplicationTest - No active profile set, falling back to 1 default profile: "default"
2025-01-08T19:12:59.602+0100 INFO               [main]                         be.pxl.services.ReviewServiceApplicationTest - Started ReviewServiceApplicationTest in 13.325 seconds (process running for 47.184)
2025-01-08T19:13:00.446+0100 INFO               [main]                         be.pxl.services.services.ReviewService - Getting all rejected reviews
2025-01-08T19:13:00.509+0100 INFO               [main]                         be.pxl.services.controller.ReviewController - Getting all rejected reviews
2025-01-08T19:13:01.025+0100 INFO               [main]                         be.pxl.services.services.ReviewService - Publishing post with id: 1
2025-01-08T19:13:01.059+0100 ERROR              [main]                         be.pxl.services.services.ReviewService - Review not found for post with id: 1
2025-01-08T19:13:01.333+0100 INFO               [main]                         be.pxl.services.services.ReviewService - Approving review for post with id: 1
2025-01-08T19:13:01.393+0100 INFO               [main]                         be.pxl.services.services.ReviewService - Review approved successfully for post with id: 1
2025-01-08T19:13:01.407+0100 INFO               [main]                         be.pxl.services.services.ReviewService - Notification sent successfully for post with id: 1
2025-01-08T19:13:01.407+0100 INFO               [main]                         be.pxl.services.controller.ReviewController - Approving review for post with id: 1
2025-01-08T19:13:01.564+0100 INFO               [main]                         be.pxl.services.services.ReviewService - Publishing post with id: 4
2025-01-08T19:13:01.613+0100 INFO               [main]                         be.pxl.services.services.ReviewService - Post published successfully with id: 4
2025-01-08T19:13:01.614+0100 INFO               [main]                         be.pxl.services.services.ReviewService - Review message sent successfully for post with id: 4
2025-01-08T19:13:01.616+0100 INFO               [main]                         be.pxl.services.controller.ReviewController - Publishing post with id: 4
2025-01-08T19:13:01.756+0100 INFO               [main]                         be.pxl.services.services.ReviewService - Rejecting review for post with id: 1
2025-01-08T19:13:01.799+0100 INFO               [main]                         be.pxl.services.services.ReviewService - Review rejected successfully for post with id: 1
2025-01-08T19:13:01.801+0100 INFO               [main]                         be.pxl.services.services.ReviewService - Notification sent successfully for post with id: 1
2025-01-08T19:13:01.802+0100 INFO               [main]                         be.pxl.services.controller.ReviewController - Rejecting review for post with id: 1
2025-01-08T19:13:01.957+0100 INFO               [main]                         be.pxl.services.services.ReviewService - Getting all reviews
2025-01-08T19:13:01.983+0100 INFO               [main]                         be.pxl.services.controller.ReviewController - Getting all reviews
2025-01-08T19:13:02.074+0100 INFO               [main]                         be.pxl.services.services.ReviewService - Revising post with id: 8
2025-01-08T19:13:02.123+0100 INFO               [main]                         be.pxl.services.services.ReviewService - Post revised successfully with id: 8
2025-01-08T19:13:02.125+0100 INFO               [main]                         be.pxl.services.services.ReviewService - Review message sent successfully for post with id: 8
2025-01-08T19:13:02.125+0100 INFO               [main]                         be.pxl.services.controller.ReviewController - Revising post with id: 8
2025-01-08T19:13:02.234+0100 INFO               [main]                         be.pxl.services.services.ReviewService - Getting all approved reviews
2025-01-08T19:13:02.242+0100 INFO               [main]                         be.pxl.services.controller.ReviewController - Getting all approved reviews
2025-01-08T19:13:02.294+0100 INFO               [main]                         be.pxl.services.services.ReviewService - Publishing post with id: 999
2025-01-08T19:13:02.313+0100 ERROR              [main]                         be.pxl.services.services.ReviewService - Review not found for post with id: 999
2025-01-08T19:14:46.280+0100 INFO               [main]                         be.pxl.services.ReviewServiceApplicationTest - Starting ReviewServiceApplicationTest using Java 21.0.4 with PID 20892 (started by MechaCoder in C:\Users\MechaCoder\Documents\2-3 TIN Sem 1\Fullstack Java\project-YA-Amzil\backend-java\NewsPublishSystem\review-service)
2025-01-08T19:14:46.283+0100 DEBUG              [main]                         be.pxl.services.ReviewServiceApplicationTest - Running with Spring Boot v3.3.4, Spring v6.1.13
2025-01-08T19:14:46.284+0100 INFO               [main]                         be.pxl.services.ReviewServiceApplicationTest - No active profile set, falling back to 1 default profile: "default"
2025-01-08T19:14:59.914+0100 INFO               [main]                         be.pxl.services.ReviewServiceApplicationTest - Started ReviewServiceApplicationTest in 15.027 seconds (process running for 47.397)
2025-01-08T19:15:00.732+0100 INFO               [main]                         be.pxl.services.services.ReviewService - Getting all rejected reviews
2025-01-08T19:15:00.793+0100 INFO               [main]                         be.pxl.services.controller.ReviewController - Getting all rejected reviews
2025-01-08T19:15:01.198+0100 INFO               [main]                         be.pxl.services.services.ReviewService - Publishing post with id: 1
2025-01-08T19:15:01.237+0100 ERROR              [main]                         be.pxl.services.services.ReviewService - Review not found for post with id: 1
2025-01-08T19:15:01.534+0100 INFO               [main]                         be.pxl.services.services.ReviewService - Approving review for post with id: 1
2025-01-08T19:15:01.583+0100 INFO               [main]                         be.pxl.services.services.ReviewService - Review approved successfully for post with id: 1
2025-01-08T19:15:01.595+0100 INFO               [main]                         be.pxl.services.services.ReviewService - Notification sent successfully for post with id: 1
2025-01-08T19:15:01.595+0100 INFO               [main]                         be.pxl.services.controller.ReviewController - Approving review for post with id: 1
2025-01-08T19:15:01.734+0100 INFO               [main]                         be.pxl.services.services.ReviewService - Publishing post with id: 4
2025-01-08T19:15:01.776+0100 INFO               [main]                         be.pxl.services.services.ReviewService - Post published successfully with id: 4
2025-01-08T19:15:01.777+0100 INFO               [main]                         be.pxl.services.services.ReviewService - Review message sent successfully for post with id: 4
2025-01-08T19:15:01.778+0100 INFO               [main]                         be.pxl.services.controller.ReviewController - Publishing post with id: 4
2025-01-08T19:15:01.883+0100 INFO               [main]                         be.pxl.services.services.ReviewService - Rejecting review for post with id: 1
2025-01-08T19:15:01.926+0100 INFO               [main]                         be.pxl.services.services.ReviewService - Review rejected successfully for post with id: 1
2025-01-08T19:15:01.927+0100 INFO               [main]                         be.pxl.services.services.ReviewService - Notification sent successfully for post with id: 1
2025-01-08T19:15:01.927+0100 INFO               [main]                         be.pxl.services.controller.ReviewController - Rejecting review for post with id: 1
2025-01-08T19:15:02.073+0100 INFO               [main]                         be.pxl.services.services.ReviewService - Getting all reviews
2025-01-08T19:15:02.095+0100 INFO               [main]                         be.pxl.services.controller.ReviewController - Getting all reviews
2025-01-08T19:15:02.177+0100 INFO               [main]                         be.pxl.services.services.ReviewService - Revising post with id: 8
2025-01-08T19:15:02.231+0100 INFO               [main]                         be.pxl.services.services.ReviewService - Post revised successfully with id: 8
2025-01-08T19:15:02.232+0100 INFO               [main]                         be.pxl.services.services.ReviewService - Review message sent successfully for post with id: 8
2025-01-08T19:15:02.233+0100 INFO               [main]                         be.pxl.services.controller.ReviewController - Revising post with id: 8
2025-01-08T19:15:02.327+0100 INFO               [main]                         be.pxl.services.services.ReviewService - Getting all approved reviews
2025-01-08T19:15:02.335+0100 INFO               [main]                         be.pxl.services.controller.ReviewController - Getting all approved reviews
2025-01-08T19:15:02.384+0100 INFO               [main]                         be.pxl.services.services.ReviewService - Publishing post with id: 999
2025-01-08T19:15:02.399+0100 ERROR              [main]                         be.pxl.services.services.ReviewService - Review not found for post with id: 999
2025-01-08T19:18:53.526+0100 INFO               [main]                         be.pxl.services.ReviewServiceApplicationTest - Starting ReviewServiceApplicationTest using Java 21.0.4 with PID 2936 (started by MechaCoder in C:\Users\MechaCoder\Documents\2-3 TIN Sem 1\Fullstack Java\project-YA-Amzil\backend-java\NewsPublishSystem\review-service)
2025-01-08T19:18:53.529+0100 DEBUG              [main]                         be.pxl.services.ReviewServiceApplicationTest - Running with Spring Boot v3.3.4, Spring v6.1.13
2025-01-08T19:18:53.531+0100 INFO               [main]                         be.pxl.services.ReviewServiceApplicationTest - No active profile set, falling back to 1 default profile: "default"
2025-01-08T19:19:09.058+0100 INFO               [main]                         be.pxl.services.ReviewServiceApplicationTest - Started ReviewServiceApplicationTest in 17.088 seconds (process running for 50.772)
2025-01-08T19:19:10.149+0100 INFO               [main]                         be.pxl.services.services.ReviewService - Getting all rejected reviews
2025-01-08T19:19:10.215+0100 INFO               [main]                         be.pxl.services.controller.ReviewController - Getting all rejected reviews
2025-01-08T19:19:10.698+0100 INFO               [main]                         be.pxl.services.services.ReviewService - Publishing post with id: 2
2025-01-08T19:19:10.783+0100 INFO               [main]                         be.pxl.services.services.ReviewService - Post published successfully with id: 2
2025-01-08T19:19:10.827+0100 INFO               [main]                         be.pxl.services.services.ReviewService - Review message sent successfully for post with id: 2
2025-01-08T19:19:10.827+0100 INFO               [main]                         be.pxl.services.controller.ReviewController - Publishing post with id: 2
2025-01-08T19:19:10.867+0100 INFO               [main]                         be.pxl.services.services.ReviewService - Deleting review with id: 2
2025-01-08T19:19:10.922+0100 INFO               [main]                         be.pxl.services.controller.ReviewController - Deleting review with id: 2
2025-01-08T19:19:11.092+0100 INFO               [main]                         be.pxl.services.services.ReviewService - Approving review for post with id: 1
2025-01-08T19:19:11.138+0100 INFO               [main]                         be.pxl.services.services.ReviewService - Review approved successfully for post with id: 1
2025-01-08T19:19:11.148+0100 INFO               [main]                         be.pxl.services.services.ReviewService - Notification sent successfully for post with id: 1
2025-01-08T19:19:11.148+0100 INFO               [main]                         be.pxl.services.controller.ReviewController - Approving review for post with id: 1
2025-01-08T19:19:11.302+0100 INFO               [main]                         be.pxl.services.services.ReviewService - Publishing post with id: 4
2025-01-08T19:19:11.367+0100 INFO               [main]                         be.pxl.services.services.ReviewService - Post published successfully with id: 4
2025-01-08T19:19:11.369+0100 INFO               [main]                         be.pxl.services.services.ReviewService - Review message sent successfully for post with id: 4
2025-01-08T19:19:11.370+0100 INFO               [main]                         be.pxl.services.controller.ReviewController - Publishing post with id: 4
2025-01-08T19:19:11.523+0100 INFO               [main]                         be.pxl.services.services.ReviewService - Rejecting review for post with id: 1
2025-01-08T19:19:11.575+0100 INFO               [main]                         be.pxl.services.services.ReviewService - Review rejected successfully for post with id: 1
2025-01-08T19:19:11.577+0100 INFO               [main]                         be.pxl.services.services.ReviewService - Notification sent successfully for post with id: 1
2025-01-08T19:19:11.578+0100 INFO               [main]                         be.pxl.services.controller.ReviewController - Rejecting review for post with id: 1
2025-01-08T19:19:11.786+0100 INFO               [main]                         be.pxl.services.services.ReviewService - Getting all reviews
2025-01-08T19:19:11.814+0100 INFO               [main]                         be.pxl.services.controller.ReviewController - Getting all reviews
2025-01-08T19:19:11.923+0100 INFO               [main]                         be.pxl.services.services.ReviewService - Revising post with id: 8
2025-01-08T19:19:11.977+0100 INFO               [main]                         be.pxl.services.services.ReviewService - Post revised successfully with id: 8
2025-01-08T19:19:11.978+0100 INFO               [main]                         be.pxl.services.services.ReviewService - Review message sent successfully for post with id: 8
2025-01-08T19:19:11.979+0100 INFO               [main]                         be.pxl.services.controller.ReviewController - Revising post with id: 8
2025-01-08T19:19:12.110+0100 INFO               [main]                         be.pxl.services.services.ReviewService - Getting all approved reviews
2025-01-08T19:19:12.120+0100 INFO               [main]                         be.pxl.services.controller.ReviewController - Getting all approved reviews
2025-01-08T19:19:12.184+0100 INFO               [main]                         be.pxl.services.services.ReviewService - Publishing post with id: 999
2025-01-08T19:19:12.205+0100 ERROR              [main]                         be.pxl.services.services.ReviewService - Review not found for post with id: 999
2025-01-08T19:20:44.487+0100 INFO               [main]                         be.pxl.services.ReviewServiceApplicationTest - Starting ReviewServiceApplicationTest using Java 21.0.4 with PID 19332 (started by MechaCoder in C:\Users\MechaCoder\Documents\2-3 TIN Sem 1\Fullstack Java\project-YA-Amzil\backend-java\NewsPublishSystem\review-service)
2025-01-08T19:20:44.492+0100 DEBUG              [main]                         be.pxl.services.ReviewServiceApplicationTest - Running with Spring Boot v3.3.4, Spring v6.1.13
2025-01-08T19:20:44.494+0100 INFO               [main]                         be.pxl.services.ReviewServiceApplicationTest - No active profile set, falling back to 1 default profile: "default"
2025-01-08T19:21:11.950+0100 INFO               [main]                         be.pxl.services.ReviewServiceApplicationTest - Started ReviewServiceApplicationTest in 30.287 seconds (process running for 78.159)
2025-01-08T19:21:13.201+0100 INFO               [main]                         be.pxl.services.services.ReviewService - Getting all rejected reviews
2025-01-08T19:21:13.288+0100 INFO               [main]                         be.pxl.services.controller.ReviewController - Getting all rejected reviews
2025-01-08T19:21:13.898+0100 INFO               [main]                         be.pxl.services.services.ReviewService - Publishing post with id: 2
2025-01-08T19:21:14.009+0100 INFO               [main]                         be.pxl.services.services.ReviewService - Post published successfully with id: 2
2025-01-08T19:21:14.060+0100 INFO               [main]                         be.pxl.services.services.ReviewService - Review message sent successfully for post with id: 2
2025-01-08T19:21:14.061+0100 INFO               [main]                         be.pxl.services.controller.ReviewController - Publishing post with id: 2
2025-01-08T19:21:14.119+0100 INFO               [main]                         be.pxl.services.services.ReviewService - Deleting review with id: 2
2025-01-08T19:21:14.206+0100 INFO               [main]                         be.pxl.services.controller.ReviewController - Deleting review with id: 2
2025-01-08T19:21:14.422+0100 INFO               [main]                         be.pxl.services.services.ReviewService - Approving review for post with id: 1
2025-01-08T19:21:14.476+0100 INFO               [main]                         be.pxl.services.services.ReviewService - Review approved successfully for post with id: 1
2025-01-08T19:21:14.485+0100 INFO               [main]                         be.pxl.services.services.ReviewService - Notification sent successfully for post with id: 1
2025-01-08T19:21:14.486+0100 INFO               [main]                         be.pxl.services.controller.ReviewController - Approving review for post with id: 1
2025-01-08T19:21:14.637+0100 INFO               [main]                         be.pxl.services.services.ReviewService - Publishing post with id: 4
2025-01-08T19:21:14.720+0100 INFO               [main]                         be.pxl.services.services.ReviewService - Post published successfully with id: 4
2025-01-08T19:21:14.722+0100 INFO               [main]                         be.pxl.services.services.ReviewService - Review message sent successfully for post with id: 4
2025-01-08T19:21:14.722+0100 INFO               [main]                         be.pxl.services.controller.ReviewController - Publishing post with id: 4
2025-01-08T19:21:14.877+0100 INFO               [main]                         be.pxl.services.services.ReviewService - Rejecting review for post with id: 1
2025-01-08T19:21:14.935+0100 INFO               [main]                         be.pxl.services.services.ReviewService - Review rejected successfully for post with id: 1
2025-01-08T19:21:14.938+0100 INFO               [main]                         be.pxl.services.services.ReviewService - Notification sent successfully for post with id: 1
2025-01-08T19:21:14.938+0100 INFO               [main]                         be.pxl.services.controller.ReviewController - Rejecting review for post with id: 1
2025-01-08T19:21:15.241+0100 INFO               [main]                         be.pxl.services.services.ReviewService - Getting all reviews
2025-01-08T19:21:15.282+0100 INFO               [main]                         be.pxl.services.controller.ReviewController - Getting all reviews
2025-01-08T19:21:15.427+0100 INFO               [main]                         be.pxl.services.services.ReviewService - Revising post with id: 8
2025-01-08T19:21:15.487+0100 INFO               [main]                         be.pxl.services.services.ReviewService - Post revised successfully with id: 8
2025-01-08T19:21:15.488+0100 INFO               [main]                         be.pxl.services.services.ReviewService - Review message sent successfully for post with id: 8
2025-01-08T19:21:15.489+0100 INFO               [main]                         be.pxl.services.controller.ReviewController - Revising post with id: 8
2025-01-08T19:21:15.676+0100 INFO               [main]                         be.pxl.services.services.ReviewService - Getting all approved reviews
2025-01-08T19:21:15.690+0100 INFO               [main]                         be.pxl.services.controller.ReviewController - Getting all approved reviews
2025-01-08T19:21:15.816+0100 INFO               [main]                         be.pxl.services.services.ReviewService - Publishing post with id: 999
2025-01-08T19:21:15.846+0100 ERROR              [main]                         be.pxl.services.services.ReviewService - Review not found for post with id: 999
2025-01-08T19:23:53.741+0100 INFO               [main]                         be.pxl.services.ReviewServiceApplicationTest - Starting ReviewServiceApplicationTest using Java 21.0.4 with PID 6212 (started by MechaCoder in C:\Users\MechaCoder\Documents\2-3 TIN Sem 1\Fullstack Java\project-YA-Amzil\backend-java\NewsPublishSystem\review-service)
2025-01-08T19:23:53.754+0100 DEBUG              [main]                         be.pxl.services.ReviewServiceApplicationTest - Running with Spring Boot v3.3.4, Spring v6.1.13
2025-01-08T19:23:53.754+0100 INFO               [main]                         be.pxl.services.ReviewServiceApplicationTest - No active profile set, falling back to 1 default profile: "default"
2025-01-08T19:24:06.119+0100 INFO               [main]                         be.pxl.services.ReviewServiceApplicationTest - Started ReviewServiceApplicationTest in 13.721 seconds (process running for 46.264)
2025-01-08T19:24:06.685+0100 INFO               [main]                         be.pxl.services.services.ReviewService - Getting all rejected reviews
2025-01-08T19:24:06.744+0100 INFO               [main]                         be.pxl.services.controller.ReviewController - Getting all rejected reviews
2025-01-08T19:24:07.031+0100 INFO               [main]                         be.pxl.services.services.ReviewService - Publishing post with id: 2
2025-01-08T19:24:07.089+0100 INFO               [main]                         be.pxl.services.services.ReviewService - Post published successfully with id: 2
2025-01-08T19:24:07.108+0100 INFO               [main]                         be.pxl.services.services.ReviewService - Review message sent successfully for post with id: 2
2025-01-08T19:24:07.108+0100 INFO               [main]                         be.pxl.services.controller.ReviewController - Publishing post with id: 2
2025-01-08T19:24:07.132+0100 INFO               [main]                         be.pxl.services.services.ReviewService - Deleting review with id: 2
2025-01-08T19:24:07.176+0100 INFO               [main]                         be.pxl.services.controller.ReviewController - Deleting review with id: 2
2025-01-08T19:24:07.285+0100 INFO               [main]                         be.pxl.services.services.ReviewService - Approving review for post with id: 1
2025-01-08T19:24:07.322+0100 INFO               [main]                         be.pxl.services.services.ReviewService - Review approved successfully for post with id: 1
2025-01-08T19:24:07.327+0100 INFO               [main]                         be.pxl.services.services.ReviewService - Notification sent successfully for post with id: 1
2025-01-08T19:24:07.327+0100 INFO               [main]                         be.pxl.services.controller.ReviewController - Approving review for post with id: 1
2025-01-08T19:24:07.418+0100 INFO               [main]                         be.pxl.services.services.ReviewService - Publishing post with id: 4
2025-01-08T19:24:07.451+0100 INFO               [main]                         be.pxl.services.services.ReviewService - Post published successfully with id: 4
2025-01-08T19:24:07.452+0100 INFO               [main]                         be.pxl.services.services.ReviewService - Review message sent successfully for post with id: 4
2025-01-08T19:24:07.452+0100 INFO               [main]                         be.pxl.services.controller.ReviewController - Publishing post with id: 4
2025-01-08T19:24:07.534+0100 INFO               [main]                         be.pxl.services.services.ReviewService - Rejecting review for post with id: 1
2025-01-08T19:24:07.573+0100 INFO               [main]                         be.pxl.services.services.ReviewService - Review rejected successfully for post with id: 1
2025-01-08T19:24:07.575+0100 INFO               [main]                         be.pxl.services.services.ReviewService - Notification sent successfully for post with id: 1
2025-01-08T19:24:07.576+0100 INFO               [main]                         be.pxl.services.controller.ReviewController - Rejecting review for post with id: 1
2025-01-08T19:24:07.712+0100 INFO               [main]                         be.pxl.services.services.ReviewService - Getting all reviews
2025-01-08T19:24:07.731+0100 INFO               [main]                         be.pxl.services.controller.ReviewController - Getting all reviews
2025-01-08T19:24:07.807+0100 INFO               [main]                         be.pxl.services.services.ReviewService - Revising post with id: 8
2025-01-08T19:24:07.841+0100 INFO               [main]                         be.pxl.services.services.ReviewService - Post revised successfully with id: 8
2025-01-08T19:24:07.842+0100 INFO               [main]                         be.pxl.services.services.ReviewService - Review message sent successfully for post with id: 8
2025-01-08T19:24:07.842+0100 INFO               [main]                         be.pxl.services.controller.ReviewController - Revising post with id: 8
2025-01-08T19:24:07.928+0100 INFO               [main]                         be.pxl.services.services.ReviewService - Getting all approved reviews
2025-01-08T19:24:07.936+0100 INFO               [main]                         be.pxl.services.controller.ReviewController - Getting all approved reviews
2025-01-08T19:24:07.983+0100 INFO               [main]                         be.pxl.services.services.ReviewService - Publishing post with id: 999
2025-01-08T19:24:07.993+0100 ERROR              [main]                         be.pxl.services.services.ReviewService - Review not found for post with id: 999
