2025-01-09T11:38:52.189+0100 INFO               [main]                         be.pxl.services.ReviewServiceApplicationTest - Starting ReviewServiceApplicationTest using Java 21.0.4 with PID 23532 (started by MechaCoder in C:\Users\MechaCoder\Documents\2-3 TIN Sem 1\Fullstack Java\project-YA-Amzil\backend-java\NewsPublishSystem\review-service)
2025-01-09T11:38:52.206+0100 DEBUG              [main]                         be.pxl.services.ReviewServiceApplicationTest - Running with Spring Boot v3.3.4, Spring v6.1.13
2025-01-09T11:38:52.209+0100 INFO               [main]                         be.pxl.services.ReviewServiceApplicationTest - No active profile set, falling back to 1 default profile: "default"
2025-01-09T11:39:22.070+0100 INFO               [main]                         be.pxl.services.ReviewServiceApplicationTest - Started ReviewServiceApplicationTest in 31.756 seconds (process running for 80.494)
2025-01-09T11:39:23.101+0100 INFO               [main]                         be.pxl.services.services.ReviewService - Getting all rejected reviews
2025-01-09T11:39:23.165+0100 INFO               [main]                         be.pxl.services.controller.ReviewController - Getting all rejected reviews
2025-01-09T11:39:23.772+0100 INFO               [main]                         be.pxl.services.services.ReviewService - Publishing post with id: 2
2025-01-09T11:39:23.873+0100 INFO               [main]                         be.pxl.services.services.ReviewService - Post published successfully with id: 2
2025-01-09T11:39:23.940+0100 INFO               [main]                         be.pxl.services.services.ReviewService - Review message sent successfully for post with id: 2
2025-01-09T11:39:23.940+0100 INFO               [main]                         be.pxl.services.controller.ReviewController - Publishing post with id: 2
2025-01-09T11:39:23.989+0100 INFO               [main]                         be.pxl.services.services.ReviewService - Deleting review with id: 2
2025-01-09T11:39:24.048+0100 INFO               [main]                         be.pxl.services.controller.ReviewController - Deleting review with id: 2
2025-01-09T11:39:24.321+0100 INFO               [main]                         be.pxl.services.services.ReviewService - Approving review for post with id: 1
2025-01-09T11:39:24.374+0100 INFO               [main]                         be.pxl.services.services.ReviewService - Review approved successfully for post with id: 1
2025-01-09T11:39:24.384+0100 INFO               [main]                         be.pxl.services.services.ReviewService - Notification sent successfully for post with id: 1
2025-01-09T11:39:24.385+0100 INFO               [main]                         be.pxl.services.controller.ReviewController - Approving review for post with id: 1
2025-01-09T11:39:24.648+0100 INFO               [main]                         be.pxl.services.services.ReviewService - Publishing post with id: 4
2025-01-09T11:39:24.709+0100 INFO               [main]                         be.pxl.services.services.ReviewService - Post published successfully with id: 4
2025-01-09T11:39:24.711+0100 INFO               [main]                         be.pxl.services.services.ReviewService - Review message sent successfully for post with id: 4
2025-01-09T11:39:24.712+0100 INFO               [main]                         be.pxl.services.controller.ReviewController - Publishing post with id: 4
2025-01-09T11:39:24.851+0100 INFO               [main]                         be.pxl.services.services.ReviewService - Rejecting review for post with id: 1
2025-01-09T11:39:24.890+0100 INFO               [main]                         be.pxl.services.services.ReviewService - Review rejected successfully for post with id: 1
2025-01-09T11:39:24.891+0100 INFO               [main]                         be.pxl.services.services.ReviewService - Notification sent successfully for post with id: 1
2025-01-09T11:39:24.892+0100 INFO               [main]                         be.pxl.services.controller.ReviewController - Rejecting review for post with id: 1
2025-01-09T11:39:25.073+0100 INFO               [main]                         be.pxl.services.services.ReviewService - Getting all reviews
2025-01-09T11:39:25.096+0100 INFO               [main]                         be.pxl.services.controller.ReviewController - Getting all reviews
2025-01-09T11:39:25.190+0100 INFO               [main]                         be.pxl.services.services.ReviewService - Revising post with id: 8
2025-01-09T11:39:25.232+0100 INFO               [main]                         be.pxl.services.services.ReviewService - Post revised successfully with id: 8
2025-01-09T11:39:25.234+0100 INFO               [main]                         be.pxl.services.services.ReviewService - Review message sent successfully for post with id: 8
2025-01-09T11:39:25.234+0100 INFO               [main]                         be.pxl.services.controller.ReviewController - Revising post with id: 8
2025-01-09T11:39:25.333+0100 INFO               [main]                         be.pxl.services.services.ReviewService - Getting all approved reviews
2025-01-09T11:39:25.342+0100 INFO               [main]                         be.pxl.services.controller.ReviewController - Getting all approved reviews
2025-01-09T11:39:25.394+0100 INFO               [main]                         be.pxl.services.services.ReviewService - Publishing post with id: 999
2025-01-09T11:39:25.415+0100 ERROR              [main]                         be.pxl.services.services.ReviewService - Review not found for post with id: 999
