2025-01-05T14:52:00.906+0100 INFO               [main]                         be.pxl.services.ReviewServiceApplicationTest - Starting ReviewServiceApplicationTest using Java 21.0.4 with PID 16252 (started by MechaCoder in C:\Users\MechaCoder\Documents\2-3 TIN Sem 1\Fullstack Java\project-YA-Amzil\backend-java\NewsPublishSystem\review-service)
2025-01-05T14:52:00.910+0100 DEBUG              [main]                         be.pxl.services.ReviewServiceApplicationTest - Running with Spring Boot v3.3.4, Spring v6.1.13
2025-01-05T14:52:00.911+0100 INFO               [main]                         be.pxl.services.ReviewServiceApplicationTest - No active profile set, falling back to 1 default profile: "default"
2025-01-05T14:52:21.891+0100 INFO               [main]                         be.pxl.services.ReviewServiceApplicationTest - Started ReviewServiceApplicationTest in 23.637 seconds (process running for 62.836)
2025-01-05T14:52:23.792+0100 INFO               [main]                         be.pxl.services.services.ReviewService - Getting all rejected reviews
2025-01-05T14:52:23.877+0100 INFO               [main]                         be.pxl.services.controller.ReviewController - Getting all rejected reviews
2025-01-05T14:52:24.340+0100 INFO               [main]                         be.pxl.services.services.ReviewService - Approving review for post with id: 1
2025-01-05T14:52:24.397+0100 INFO               [main]                         be.pxl.services.services.ReviewService - Review approved successfully for post with id: 1
2025-01-05T14:52:26.039+0100 INFO               [main]                         be.pxl.services.services.ReviewService - Publishing post with id: 1
2025-01-05T14:52:26.063+0100 ERROR              [main]                         be.pxl.services.services.ReviewService - Review not found for post with id: 1
2025-01-05T14:52:26.180+0100 INFO               [main]                         be.pxl.services.services.ReviewService - Rejecting review for post with id: 1
2025-01-05T14:52:26.222+0100 INFO               [main]                         be.pxl.services.services.ReviewService - Review rejected successfully for post with id: 1
2025-01-05T14:52:26.337+0100 INFO               [main]                         be.pxl.services.services.ReviewService - Getting all reviews
2025-01-05T14:52:26.357+0100 INFO               [main]                         be.pxl.services.controller.ReviewController - Getting all reviews
2025-01-05T14:52:26.448+0100 INFO               [main]                         be.pxl.services.services.ReviewService - Revising post with id: 1
2025-01-05T14:52:26.461+0100 ERROR              [main]                         be.pxl.services.services.ReviewService - Review not found for post with id: 1
2025-01-05T14:52:26.546+0100 INFO               [main]                         be.pxl.services.services.ReviewService - Getting all approved reviews
2025-01-05T14:52:26.557+0100 INFO               [main]                         be.pxl.services.controller.ReviewController - Getting all approved reviews
2025-01-05T15:20:01.899+0100 INFO               [main]                         be.pxl.services.ReviewServiceApplicationTest - Starting ReviewServiceApplicationTest using Java 21.0.4 with PID 16812 (started by MechaCoder in C:\Users\MechaCoder\Documents\2-3 TIN Sem 1\Fullstack Java\project-YA-Amzil\backend-java\NewsPublishSystem\review-service)
2025-01-05T15:20:01.901+0100 DEBUG              [main]                         be.pxl.services.ReviewServiceApplicationTest - Running with Spring Boot v3.3.4, Spring v6.1.13
2025-01-05T15:20:01.903+0100 INFO               [main]                         be.pxl.services.ReviewServiceApplicationTest - No active profile set, falling back to 1 default profile: "default"
2025-01-05T15:20:16.821+0100 INFO               [main]                         be.pxl.services.ReviewServiceApplicationTest - Started ReviewServiceApplicationTest in 16.317 seconds (process running for 49.622)
2025-01-05T15:20:17.407+0100 INFO               [main]                         be.pxl.services.services.ReviewService - Getting all rejected reviews
2025-01-05T15:20:17.448+0100 INFO               [main]                         be.pxl.services.controller.ReviewController - Getting all rejected reviews
2025-01-05T15:20:17.746+0100 INFO               [main]                         be.pxl.services.services.ReviewService - Approving review for post with id: 1
2025-01-05T15:20:17.803+0100 INFO               [main]                         be.pxl.services.services.ReviewService - Review approved successfully for post with id: 1
2025-01-05T15:20:17.811+0100 INFO               [main]                         be.pxl.services.services.ReviewService - Notification sent successfully for post with id: 1
2025-01-05T15:20:17.811+0100 INFO               [main]                         be.pxl.services.controller.ReviewController - Approving review for post with id: 1
2025-01-05T15:20:17.966+0100 INFO               [main]                         be.pxl.services.services.ReviewService - Publishing post with id: 1
2025-01-05T15:20:17.983+0100 ERROR              [main]                         be.pxl.services.services.ReviewService - Review not found for post with id: 1
2025-01-05T15:20:18.097+0100 INFO               [main]                         be.pxl.services.services.ReviewService - Rejecting review for post with id: 1
2025-01-05T15:20:18.138+0100 INFO               [main]                         be.pxl.services.services.ReviewService - Review rejected successfully for post with id: 1
2025-01-05T15:20:18.138+0100 INFO               [main]                         be.pxl.services.services.ReviewService - Notification sent successfully for post with id: 1
2025-01-05T15:20:18.139+0100 INFO               [main]                         be.pxl.services.controller.ReviewController - Rejecting review for post with id: 1
2025-01-05T15:20:18.253+0100 INFO               [main]                         be.pxl.services.services.ReviewService - Getting all reviews
2025-01-05T15:20:18.270+0100 INFO               [main]                         be.pxl.services.controller.ReviewController - Getting all reviews
2025-01-05T15:20:18.346+0100 INFO               [main]                         be.pxl.services.services.ReviewService - Revising post with id: 1
2025-01-05T15:20:18.360+0100 ERROR              [main]                         be.pxl.services.services.ReviewService - Review not found for post with id: 1
2025-01-05T15:20:18.437+0100 INFO               [main]                         be.pxl.services.services.ReviewService - Getting all approved reviews
2025-01-05T15:20:18.445+0100 INFO               [main]                         be.pxl.services.controller.ReviewController - Getting all approved reviews
2025-01-05T15:20:18.498+0100 INFO               [main]                         be.pxl.services.services.ReviewService - Publishing post with id: 999
2025-01-05T15:20:18.514+0100 ERROR              [main]                         be.pxl.services.services.ReviewService - Review not found for post with id: 999
2025-01-05T15:36:10.837+0100 INFO               [main]                         be.pxl.services.ReviewServiceApplicationTest - Starting ReviewServiceApplicationTest using Java 21.0.4 with PID 7040 (started by MechaCoder in C:\Users\MechaCoder\Documents\2-3 TIN Sem 1\Fullstack Java\project-YA-Amzil\backend-java\NewsPublishSystem\review-service)
2025-01-05T15:36:10.838+0100 DEBUG              [main]                         be.pxl.services.ReviewServiceApplicationTest - Running with Spring Boot v3.3.4, Spring v6.1.13
2025-01-05T15:36:10.840+0100 INFO               [main]                         be.pxl.services.ReviewServiceApplicationTest - No active profile set, falling back to 1 default profile: "default"
2025-01-05T15:36:23.183+0100 INFO               [main]                         be.pxl.services.ReviewServiceApplicationTest - Started ReviewServiceApplicationTest in 13.656 seconds (process running for 46.042)
2025-01-05T15:36:23.873+0100 INFO               [main]                         be.pxl.services.services.ReviewService - Getting all rejected reviews
2025-01-05T15:36:23.943+0100 INFO               [main]                         be.pxl.services.controller.ReviewController - Getting all rejected reviews
2025-01-05T15:36:24.281+0100 INFO               [main]                         be.pxl.services.services.ReviewService - Approving review for post with id: 1
2025-01-05T15:36:24.345+0100 INFO               [main]                         be.pxl.services.services.ReviewService - Review approved successfully for post with id: 1
2025-01-05T15:36:24.355+0100 INFO               [main]                         be.pxl.services.services.ReviewService - Notification sent successfully for post with id: 1
2025-01-05T15:36:24.355+0100 INFO               [main]                         be.pxl.services.controller.ReviewController - Approving review for post with id: 1
2025-01-05T15:36:24.567+0100 INFO               [main]                         be.pxl.services.services.ReviewService - Publishing post with id: 1
2025-01-05T15:36:24.583+0100 ERROR              [main]                         be.pxl.services.services.ReviewService - Review not found for post with id: 1
2025-01-05T15:36:24.724+0100 INFO               [main]                         be.pxl.services.services.ReviewService - Rejecting review for post with id: 1
2025-01-05T15:36:24.770+0100 INFO               [main]                         be.pxl.services.services.ReviewService - Review rejected successfully for post with id: 1
2025-01-05T15:36:24.771+0100 INFO               [main]                         be.pxl.services.services.ReviewService - Notification sent successfully for post with id: 1
2025-01-05T15:36:24.772+0100 INFO               [main]                         be.pxl.services.controller.ReviewController - Rejecting review for post with id: 1
2025-01-05T15:36:24.933+0100 INFO               [main]                         be.pxl.services.services.ReviewService - Getting all reviews
2025-01-05T15:36:24.961+0100 INFO               [main]                         be.pxl.services.controller.ReviewController - Getting all reviews
2025-01-05T15:36:25.076+0100 INFO               [main]                         be.pxl.services.services.ReviewService - Revising post with id: 1
2025-01-05T15:36:25.096+0100 ERROR              [main]                         be.pxl.services.services.ReviewService - Review not found for post with id: 1
2025-01-05T15:36:25.193+0100 INFO               [main]                         be.pxl.services.services.ReviewService - Getting all approved reviews
2025-01-05T15:36:25.202+0100 INFO               [main]                         be.pxl.services.controller.ReviewController - Getting all approved reviews
2025-01-05T15:36:25.268+0100 INFO               [main]                         be.pxl.services.services.ReviewService - Publishing post with id: 999
2025-01-05T15:36:25.284+0100 ERROR              [main]                         be.pxl.services.services.ReviewService - Review not found for post with id: 999
2025-01-05T15:42:47.145+0100 INFO               [main]                         be.pxl.services.ReviewServiceApplicationTest - Starting ReviewServiceApplicationTest using Java 21.0.4 with PID 10268 (started by MechaCoder in C:\Users\MechaCoder\Documents\2-3 TIN Sem 1\Fullstack Java\project-YA-Amzil\backend-java\NewsPublishSystem\review-service)
2025-01-05T15:42:47.145+0100 DEBUG              [main]                         be.pxl.services.ReviewServiceApplicationTest - Running with Spring Boot v3.3.4, Spring v6.1.13
2025-01-05T15:42:47.145+0100 INFO               [main]                         be.pxl.services.ReviewServiceApplicationTest - No active profile set, falling back to 1 default profile: "default"
2025-01-05T15:42:58.661+0100 INFO               [main]                         be.pxl.services.ReviewServiceApplicationTest - Started ReviewServiceApplicationTest in 13.067 seconds (process running for 48.005)
2025-01-05T15:42:59.267+0100 INFO               [main]                         be.pxl.services.services.ReviewService - Getting all rejected reviews
2025-01-05T15:42:59.330+0100 INFO               [main]                         be.pxl.services.controller.ReviewController - Getting all rejected reviews
2025-01-05T15:42:59.629+0100 INFO               [main]                         be.pxl.services.services.ReviewService - Approving review for post with id: 1
2025-01-05T15:42:59.702+0100 INFO               [main]                         be.pxl.services.services.ReviewService - Review approved successfully for post with id: 1
2025-01-05T15:42:59.712+0100 INFO               [main]                         be.pxl.services.services.ReviewService - Notification sent successfully for post with id: 1
2025-01-05T15:42:59.712+0100 INFO               [main]                         be.pxl.services.controller.ReviewController - Approving review for post with id: 1
2025-01-05T15:42:59.831+0100 INFO               [main]                         be.pxl.services.services.ReviewService - Publishing post with id: 1
2025-01-05T15:42:59.852+0100 ERROR              [main]                         be.pxl.services.services.ReviewService - Review not found for post with id: 1
2025-01-05T15:42:59.983+0100 INFO               [main]                         be.pxl.services.services.ReviewService - Rejecting review for post with id: 1
2025-01-05T15:43:00.020+0100 INFO               [main]                         be.pxl.services.services.ReviewService - Review rejected successfully for post with id: 1
2025-01-05T15:43:00.021+0100 INFO               [main]                         be.pxl.services.services.ReviewService - Notification sent successfully for post with id: 1
2025-01-05T15:43:00.021+0100 INFO               [main]                         be.pxl.services.controller.ReviewController - Rejecting review for post with id: 1
2025-01-05T15:43:00.120+0100 INFO               [main]                         be.pxl.services.services.ReviewService - Getting all reviews
2025-01-05T15:43:00.131+0100 INFO               [main]                         be.pxl.services.controller.ReviewController - Getting all reviews
2025-01-05T15:43:00.219+0100 INFO               [main]                         be.pxl.services.services.ReviewService - Revising post with id: 1
2025-01-05T15:43:00.243+0100 ERROR              [main]                         be.pxl.services.services.ReviewService - Review not found for post with id: 1
2025-01-05T15:43:00.311+0100 INFO               [main]                         be.pxl.services.services.ReviewService - Getting all approved reviews
2025-01-05T15:43:00.323+0100 INFO               [main]                         be.pxl.services.controller.ReviewController - Getting all approved reviews
2025-01-05T15:43:00.376+0100 INFO               [main]                         be.pxl.services.services.ReviewService - Publishing post with id: 999
2025-01-05T15:43:00.392+0100 ERROR              [main]                         be.pxl.services.services.ReviewService - Review not found for post with id: 999
2025-01-05T15:46:25.365+0100 INFO               [main]                         be.pxl.services.ReviewServiceApplicationTest - Starting ReviewServiceApplicationTest using Java 21.0.4 with PID 19556 (started by MechaCoder in C:\Users\MechaCoder\Documents\2-3 TIN Sem 1\Fullstack Java\project-YA-Amzil\backend-java\NewsPublishSystem\review-service)
2025-01-05T15:46:25.365+0100 DEBUG              [main]                         be.pxl.services.ReviewServiceApplicationTest - Running with Spring Boot v3.3.4, Spring v6.1.13
2025-01-05T15:46:25.365+0100 INFO               [main]                         be.pxl.services.ReviewServiceApplicationTest - No active profile set, falling back to 1 default profile: "default"
2025-01-05T15:46:38.006+0100 INFO               [main]                         be.pxl.services.ReviewServiceApplicationTest - Started ReviewServiceApplicationTest in 15.3 seconds (process running for 50.771)
2025-01-05T15:46:38.597+0100 INFO               [main]                         be.pxl.services.services.ReviewService - Publishing post with id: 1
2025-01-05T15:46:38.674+0100 INFO               [main]                         be.pxl.services.services.ReviewService - Post published successfully with id: 1
2025-01-05T15:49:18.291+0100 INFO               [main]                         be.pxl.services.ReviewServiceApplicationTest - Starting ReviewServiceApplicationTest using Java 21.0.4 with PID 3996 (started by MechaCoder in C:\Users\MechaCoder\Documents\2-3 TIN Sem 1\Fullstack Java\project-YA-Amzil\backend-java\NewsPublishSystem\review-service)
2025-01-05T15:49:18.291+0100 DEBUG              [main]                         be.pxl.services.ReviewServiceApplicationTest - Running with Spring Boot v3.3.4, Spring v6.1.13
2025-01-05T15:49:18.291+0100 INFO               [main]                         be.pxl.services.ReviewServiceApplicationTest - No active profile set, falling back to 1 default profile: "default"
2025-01-05T15:49:37.704+0100 INFO               [main]                         be.pxl.services.ReviewServiceApplicationTest - Started ReviewServiceApplicationTest in 21.343 seconds (process running for 55.202)
2025-01-05T15:49:38.498+0100 INFO               [main]                         be.pxl.services.services.ReviewService - Getting all rejected reviews
2025-01-05T15:49:38.556+0100 INFO               [main]                         be.pxl.services.controller.ReviewController - Getting all rejected reviews
2025-01-05T15:49:38.879+0100 INFO               [main]                         be.pxl.services.services.ReviewService - Approving review for post with id: 1
2025-01-05T15:49:38.927+0100 INFO               [main]                         be.pxl.services.services.ReviewService - Review approved successfully for post with id: 1
2025-01-05T15:49:38.936+0100 INFO               [main]                         be.pxl.services.services.ReviewService - Notification sent successfully for post with id: 1
2025-01-05T15:49:38.937+0100 INFO               [main]                         be.pxl.services.controller.ReviewController - Approving review for post with id: 1
2025-01-05T15:49:39.044+0100 INFO               [main]                         be.pxl.services.services.ReviewService - Publishing post with id: 1
2025-01-05T15:49:39.059+0100 ERROR              [main]                         be.pxl.services.services.ReviewService - Review not found for post with id: 1
2025-01-05T15:49:39.175+0100 INFO               [main]                         be.pxl.services.services.ReviewService - Rejecting review for post with id: 1
2025-01-05T15:49:39.206+0100 INFO               [main]                         be.pxl.services.services.ReviewService - Review rejected successfully for post with id: 1
2025-01-05T15:49:39.207+0100 INFO               [main]                         be.pxl.services.services.ReviewService - Notification sent successfully for post with id: 1
2025-01-05T15:49:39.207+0100 INFO               [main]                         be.pxl.services.controller.ReviewController - Rejecting review for post with id: 1
2025-01-05T15:49:39.331+0100 INFO               [main]                         be.pxl.services.services.ReviewService - Getting all reviews
2025-01-05T15:49:39.354+0100 INFO               [main]                         be.pxl.services.controller.ReviewController - Getting all reviews
2025-01-05T15:49:39.456+0100 INFO               [main]                         be.pxl.services.services.ReviewService - Revising post with id: 1
2025-01-05T15:49:39.477+0100 ERROR              [main]                         be.pxl.services.services.ReviewService - Review not found for post with id: 1
2025-01-05T15:49:39.570+0100 INFO               [main]                         be.pxl.services.services.ReviewService - Getting all approved reviews
2025-01-05T15:49:39.577+0100 INFO               [main]                         be.pxl.services.controller.ReviewController - Getting all approved reviews
2025-01-05T15:49:39.620+0100 INFO               [main]                         be.pxl.services.services.ReviewService - Publishing post with id: 999
2025-01-05T15:49:39.635+0100 ERROR              [main]                         be.pxl.services.services.ReviewService - Review not found for post with id: 999
2025-01-05T15:52:21.543+0100 INFO               [main]                         be.pxl.services.ReviewServiceApplicationTest - Starting ReviewServiceApplicationTest using Java 21.0.4 with PID 20576 (started by MechaCoder in C:\Users\MechaCoder\Documents\2-3 TIN Sem 1\Fullstack Java\project-YA-Amzil\backend-java\NewsPublishSystem\review-service)
2025-01-05T15:52:21.543+0100 DEBUG              [main]                         be.pxl.services.ReviewServiceApplicationTest - Running with Spring Boot v3.3.4, Spring v6.1.13
2025-01-05T15:52:21.543+0100 INFO               [main]                         be.pxl.services.ReviewServiceApplicationTest - No active profile set, falling back to 1 default profile: "default"
2025-01-05T15:52:32.641+0100 INFO               [main]                         be.pxl.services.ReviewServiceApplicationTest - Started ReviewServiceApplicationTest in 12.744 seconds (process running for 47.243)
2025-01-05T15:52:33.184+0100 INFO               [main]                         be.pxl.services.services.ReviewService - Getting all rejected reviews
2025-01-05T15:52:33.240+0100 INFO               [main]                         be.pxl.services.controller.ReviewController - Getting all rejected reviews
2025-01-05T15:52:33.497+0100 INFO               [main]                         be.pxl.services.services.ReviewService - Approving review for post with id: 1
2025-01-05T15:52:33.560+0100 INFO               [main]                         be.pxl.services.services.ReviewService - Review approved successfully for post with id: 1
2025-01-05T15:52:33.568+0100 INFO               [main]                         be.pxl.services.services.ReviewService - Notification sent successfully for post with id: 1
2025-01-05T15:52:33.568+0100 INFO               [main]                         be.pxl.services.controller.ReviewController - Approving review for post with id: 1
2025-01-05T15:52:33.701+0100 INFO               [main]                         be.pxl.services.services.ReviewService - Publishing post with id: 1
2025-01-05T15:52:33.726+0100 ERROR              [main]                         be.pxl.services.services.ReviewService - Review not found for post with id: 1
2025-01-05T15:52:33.855+0100 INFO               [main]                         be.pxl.services.services.ReviewService - Rejecting review for post with id: 1
2025-01-05T15:52:33.905+0100 INFO               [main]                         be.pxl.services.services.ReviewService - Review rejected successfully for post with id: 1
2025-01-05T15:52:33.906+0100 INFO               [main]                         be.pxl.services.services.ReviewService - Notification sent successfully for post with id: 1
2025-01-05T15:52:33.906+0100 INFO               [main]                         be.pxl.services.controller.ReviewController - Rejecting review for post with id: 1
2025-01-05T15:52:34.065+0100 INFO               [main]                         be.pxl.services.services.ReviewService - Getting all reviews
2025-01-05T15:52:34.088+0100 INFO               [main]                         be.pxl.services.controller.ReviewController - Getting all reviews
2025-01-05T15:52:34.183+0100 INFO               [main]                         be.pxl.services.services.ReviewService - Revising post with id: 1
2025-01-05T15:52:34.205+0100 ERROR              [main]                         be.pxl.services.services.ReviewService - Review not found for post with id: 1
2025-01-05T15:52:34.300+0100 INFO               [main]                         be.pxl.services.services.ReviewService - Getting all approved reviews
2025-01-05T15:52:34.308+0100 INFO               [main]                         be.pxl.services.controller.ReviewController - Getting all approved reviews
2025-01-05T15:52:34.354+0100 INFO               [main]                         be.pxl.services.services.ReviewService - Publishing post with id: 999
2025-01-05T15:52:34.372+0100 ERROR              [main]                         be.pxl.services.services.ReviewService - Review not found for post with id: 999
2025-01-05T15:54:29.278+0100 INFO               [main]                         be.pxl.services.ReviewServiceApplicationTest - Starting ReviewServiceApplicationTest using Java 21.0.4 with PID 13832 (started by MechaCoder in C:\Users\MechaCoder\Documents\2-3 TIN Sem 1\Fullstack Java\project-YA-Amzil\backend-java\NewsPublishSystem\review-service)
2025-01-05T15:54:29.278+0100 DEBUG              [main]                         be.pxl.services.ReviewServiceApplicationTest - Running with Spring Boot v3.3.4, Spring v6.1.13
2025-01-05T15:54:29.290+0100 INFO               [main]                         be.pxl.services.ReviewServiceApplicationTest - No active profile set, falling back to 1 default profile: "default"
2025-01-05T15:54:40.140+0100 INFO               [main]                         be.pxl.services.ReviewServiceApplicationTest - Started ReviewServiceApplicationTest in 12.438 seconds (process running for 47.598)
2025-01-05T15:54:40.650+0100 INFO               [main]                         be.pxl.services.services.ReviewService - Getting all rejected reviews
2025-01-05T15:54:40.693+0100 INFO               [main]                         be.pxl.services.controller.ReviewController - Getting all rejected reviews
2025-01-05T15:54:40.978+0100 INFO               [main]                         be.pxl.services.services.ReviewService - Approving review for post with id: 1
2025-01-05T15:54:41.023+0100 INFO               [main]                         be.pxl.services.services.ReviewService - Review approved successfully for post with id: 1
2025-01-05T15:54:41.033+0100 INFO               [main]                         be.pxl.services.services.ReviewService - Notification sent successfully for post with id: 1
2025-01-05T15:54:41.033+0100 INFO               [main]                         be.pxl.services.controller.ReviewController - Approving review for post with id: 1
2025-01-05T15:54:41.195+0100 INFO               [main]                         be.pxl.services.services.ReviewService - Publishing post with id: 1
2025-01-05T15:54:41.216+0100 INFO               [main]                         be.pxl.services.services.ReviewService - Post published successfully with id: 1
2025-01-05T15:54:41.217+0100 INFO               [main]                         be.pxl.services.services.ReviewService - Review message sent successfully for post with id: 1
2025-01-05T15:54:41.217+0100 INFO               [main]                         be.pxl.services.controller.ReviewController - Publishing post with id: 1
2025-01-05T15:54:41.345+0100 INFO               [main]                         be.pxl.services.services.ReviewService - Rejecting review for post with id: 1
2025-01-05T15:54:41.389+0100 INFO               [main]                         be.pxl.services.services.ReviewService - Review rejected successfully for post with id: 1
2025-01-05T15:54:41.390+0100 INFO               [main]                         be.pxl.services.services.ReviewService - Notification sent successfully for post with id: 1
2025-01-05T15:54:41.390+0100 INFO               [main]                         be.pxl.services.controller.ReviewController - Rejecting review for post with id: 1
2025-01-05T15:54:41.519+0100 INFO               [main]                         be.pxl.services.services.ReviewService - Getting all reviews
2025-01-05T15:54:41.537+0100 INFO               [main]                         be.pxl.services.controller.ReviewController - Getting all reviews
2025-01-05T15:54:41.598+0100 INFO               [main]                         be.pxl.services.services.ReviewService - Revising post with id: 1
2025-01-05T15:54:41.615+0100 ERROR              [main]                         be.pxl.services.services.ReviewService - Review not found for post with id: 1
2025-01-05T15:54:41.709+0100 INFO               [main]                         be.pxl.services.services.ReviewService - Getting all approved reviews
2025-01-05T15:54:41.715+0100 INFO               [main]                         be.pxl.services.controller.ReviewController - Getting all approved reviews
2025-01-05T15:54:41.750+0100 INFO               [main]                         be.pxl.services.services.ReviewService - Publishing post with id: 999
2025-01-05T15:54:41.756+0100 ERROR              [main]                         be.pxl.services.services.ReviewService - Review not found for post with id: 999
2025-01-05T16:01:58.427+0100 INFO               [main]                         be.pxl.services.ReviewServiceApplicationTest - Starting ReviewServiceApplicationTest using Java 21.0.4 with PID 21020 (started by MechaCoder in C:\Users\MechaCoder\Documents\2-3 TIN Sem 1\Fullstack Java\project-YA-Amzil\backend-java\NewsPublishSystem\review-service)
2025-01-05T16:01:58.427+0100 DEBUG              [main]                         be.pxl.services.ReviewServiceApplicationTest - Running with Spring Boot v3.3.4, Spring v6.1.13
2025-01-05T16:01:58.427+0100 INFO               [main]                         be.pxl.services.ReviewServiceApplicationTest - No active profile set, falling back to 1 default profile: "default"
2025-01-05T16:02:12.800+0100 INFO               [main]                         be.pxl.services.ReviewServiceApplicationTest - Started ReviewServiceApplicationTest in 15.595 seconds (process running for 51.678)
2025-01-05T16:02:13.645+0100 INFO               [main]                         be.pxl.services.services.ReviewService - Getting all rejected reviews
2025-01-05T16:02:13.720+0100 INFO               [main]                         be.pxl.services.controller.ReviewController - Getting all rejected reviews
2025-01-05T16:02:14.437+0100 INFO               [main]                         be.pxl.services.services.ReviewService - Approving review for post with id: 1
2025-01-05T16:02:14.573+0100 INFO               [main]                         be.pxl.services.services.ReviewService - Review approved successfully for post with id: 1
2025-01-05T16:02:14.590+0100 INFO               [main]                         be.pxl.services.services.ReviewService - Notification sent successfully for post with id: 1
2025-01-05T16:02:14.591+0100 INFO               [main]                         be.pxl.services.controller.ReviewController - Approving review for post with id: 1
2025-01-05T16:02:14.851+0100 INFO               [main]                         be.pxl.services.services.ReviewService - Publishing post with id: 1
2025-01-05T16:02:14.880+0100 ERROR              [main]                         be.pxl.services.services.ReviewService - Review not found for post with id: 1
2025-01-05T16:02:15.221+0100 INFO               [main]                         be.pxl.services.services.ReviewService - Rejecting review for post with id: 1
2025-01-05T16:02:15.299+0100 INFO               [main]                         be.pxl.services.services.ReviewService - Review rejected successfully for post with id: 1
2025-01-05T16:02:15.301+0100 INFO               [main]                         be.pxl.services.services.ReviewService - Notification sent successfully for post with id: 1
2025-01-05T16:02:15.301+0100 INFO               [main]                         be.pxl.services.controller.ReviewController - Rejecting review for post with id: 1
2025-01-05T16:02:15.691+0100 INFO               [main]                         be.pxl.services.services.ReviewService - Getting all reviews
2025-01-05T16:02:15.732+0100 INFO               [main]                         be.pxl.services.controller.ReviewController - Getting all reviews
2025-01-05T16:02:15.853+0100 INFO               [main]                         be.pxl.services.services.ReviewService - Revising post with id: 1
2025-01-05T16:02:15.882+0100 ERROR              [main]                         be.pxl.services.services.ReviewService - Review not found for post with id: 1
2025-01-05T16:02:16.044+0100 INFO               [main]                         be.pxl.services.services.ReviewService - Getting all approved reviews
2025-01-05T16:02:16.061+0100 INFO               [main]                         be.pxl.services.controller.ReviewController - Getting all approved reviews
2025-01-05T16:02:16.279+0100 INFO               [main]                         be.pxl.services.services.ReviewService - Publishing post with id: 999
2025-01-05T16:02:16.343+0100 ERROR              [main]                         be.pxl.services.services.ReviewService - Review not found for post with id: 999
2025-01-05T16:06:08.742+0100 INFO               [main]                         be.pxl.services.ReviewServiceApplicationTest - Starting ReviewServiceApplicationTest using Java 21.0.4 with PID 1792 (started by MechaCoder in C:\Users\MechaCoder\Documents\2-3 TIN Sem 1\Fullstack Java\project-YA-Amzil\backend-java\NewsPublishSystem\review-service)
2025-01-05T16:06:08.758+0100 DEBUG              [main]                         be.pxl.services.ReviewServiceApplicationTest - Running with Spring Boot v3.3.4, Spring v6.1.13
2025-01-05T16:06:08.758+0100 INFO               [main]                         be.pxl.services.ReviewServiceApplicationTest - No active profile set, falling back to 1 default profile: "default"
2025-01-05T16:06:20.137+0100 INFO               [main]                         be.pxl.services.ReviewServiceApplicationTest - Started ReviewServiceApplicationTest in 12.576 seconds (process running for 45.316)
2025-01-05T16:06:20.636+0100 INFO               [main]                         be.pxl.services.services.ReviewService - Getting all rejected reviews
2025-01-05T16:06:20.679+0100 INFO               [main]                         be.pxl.services.controller.ReviewController - Getting all rejected reviews
2025-01-05T16:06:20.943+0100 INFO               [main]                         be.pxl.services.services.ReviewService - Approving review for post with id: 1
2025-01-05T16:06:21.004+0100 INFO               [main]                         be.pxl.services.services.ReviewService - Review approved successfully for post with id: 1
2025-01-05T16:06:21.012+0100 INFO               [main]                         be.pxl.services.services.ReviewService - Notification sent successfully for post with id: 1
2025-01-05T16:06:21.012+0100 INFO               [main]                         be.pxl.services.controller.ReviewController - Approving review for post with id: 1
2025-01-05T16:06:21.085+0100 INFO               [main]                         be.pxl.services.services.ReviewService - Publishing post with id: 1
2025-01-05T16:06:21.092+0100 ERROR              [main]                         be.pxl.services.services.ReviewService - Review not found for post with id: 1
2025-01-05T16:06:21.163+0100 INFO               [main]                         be.pxl.services.services.ReviewService - Rejecting review for post with id: 1
2025-01-05T16:06:21.203+0100 INFO               [main]                         be.pxl.services.services.ReviewService - Review rejected successfully for post with id: 1
2025-01-05T16:06:21.204+0100 INFO               [main]                         be.pxl.services.services.ReviewService - Notification sent successfully for post with id: 1
2025-01-05T16:06:21.205+0100 INFO               [main]                         be.pxl.services.controller.ReviewController - Rejecting review for post with id: 1
2025-01-05T16:06:21.357+0100 INFO               [main]                         be.pxl.services.services.ReviewService - Getting all reviews
2025-01-05T16:06:21.373+0100 INFO               [main]                         be.pxl.services.controller.ReviewController - Getting all reviews
2025-01-05T16:06:21.444+0100 INFO               [main]                         be.pxl.services.services.ReviewService - Getting all approved reviews
2025-01-05T16:06:21.451+0100 INFO               [main]                         be.pxl.services.controller.ReviewController - Getting all approved reviews
2025-01-05T16:06:21.497+0100 INFO               [main]                         be.pxl.services.services.ReviewService - Publishing post with id: 999
2025-01-05T16:06:21.512+0100 ERROR              [main]                         be.pxl.services.services.ReviewService - Review not found for post with id: 999
2025-01-05T16:19:30.023+0100 INFO               [main]                         be.pxl.services.ReviewServiceApplicationTest - Starting ReviewServiceApplicationTest using Java 21.0.4 with PID 9428 (started by MechaCoder in C:\Users\MechaCoder\Documents\2-3 TIN Sem 1\Fullstack Java\project-YA-Amzil\backend-java\NewsPublishSystem\review-service)
2025-01-05T16:19:30.024+0100 DEBUG              [main]                         be.pxl.services.ReviewServiceApplicationTest - Running with Spring Boot v3.3.4, Spring v6.1.13
2025-01-05T16:19:30.026+0100 INFO               [main]                         be.pxl.services.ReviewServiceApplicationTest - No active profile set, falling back to 1 default profile: "default"
2025-01-05T16:19:44.445+0100 INFO               [main]                         be.pxl.services.ReviewServiceApplicationTest - Started ReviewServiceApplicationTest in 15.712 seconds (process running for 50.612)
2025-01-05T16:19:45.202+0100 INFO               [main]                         be.pxl.services.services.ReviewService - Getting all rejected reviews
2025-01-05T16:19:45.263+0100 INFO               [main]                         be.pxl.services.controller.ReviewController - Getting all rejected reviews
2025-01-05T16:19:45.584+0100 INFO               [main]                         be.pxl.services.services.ReviewService - Approving review for post with id: 1
2025-01-05T16:19:45.641+0100 INFO               [main]                         be.pxl.services.services.ReviewService - Review approved successfully for post with id: 1
2025-01-05T16:19:45.653+0100 INFO               [main]                         be.pxl.services.services.ReviewService - Notification sent successfully for post with id: 1
2025-01-05T16:19:45.654+0100 INFO               [main]                         be.pxl.services.controller.ReviewController - Approving review for post with id: 1
2025-01-05T16:19:45.850+0100 INFO               [main]                         be.pxl.services.services.ReviewService - Publishing post with id: 1
2025-01-05T16:19:45.871+0100 ERROR              [main]                         be.pxl.services.services.ReviewService - Review not found for post with id: 1
2025-01-05T16:19:46.012+0100 INFO               [main]                         be.pxl.services.services.ReviewService - Rejecting review for post with id: 1
2025-01-05T16:19:46.044+0100 INFO               [main]                         be.pxl.services.services.ReviewService - Review rejected successfully for post with id: 1
2025-01-05T16:19:46.044+0100 INFO               [main]                         be.pxl.services.services.ReviewService - Notification sent successfully for post with id: 1
2025-01-05T16:19:46.045+0100 INFO               [main]                         be.pxl.services.controller.ReviewController - Rejecting review for post with id: 1
2025-01-05T16:19:46.187+0100 INFO               [main]                         be.pxl.services.services.ReviewService - Getting all reviews
2025-01-05T16:19:46.209+0100 INFO               [main]                         be.pxl.services.controller.ReviewController - Getting all reviews
2025-01-05T16:19:46.290+0100 INFO               [main]                         be.pxl.services.services.ReviewService - Revising post with id: 1
2025-01-05T16:19:46.304+0100 ERROR              [main]                         be.pxl.services.services.ReviewService - Review not found for post with id: 1
2025-01-05T16:19:46.388+0100 INFO               [main]                         be.pxl.services.services.ReviewService - Getting all approved reviews
2025-01-05T16:19:46.399+0100 INFO               [main]                         be.pxl.services.controller.ReviewController - Getting all approved reviews
2025-01-05T16:19:46.456+0100 INFO               [main]                         be.pxl.services.services.ReviewService - Rejecting review for post with id: 999
2025-01-05T16:19:46.465+0100 INFO               [main]                         be.pxl.services.services.ReviewService - Review not found for post with id: 999, creating a new review
2025-01-05T16:19:46.495+0100 INFO               [main]                         be.pxl.services.services.ReviewService - Review rejected successfully for post with id: 999
2025-01-05T16:19:46.499+0100 INFO               [main]                         be.pxl.services.services.ReviewService - Notification sent successfully for post with id: 999
2025-01-05T16:19:46.500+0100 INFO               [main]                         be.pxl.services.controller.ReviewController - Rejecting review for post with id: 999
2025-01-05T16:21:27.033+0100 INFO               [main]                         be.pxl.services.ReviewServiceApplicationTest - Starting ReviewServiceApplicationTest using Java 21.0.4 with PID 21236 (started by MechaCoder in C:\Users\MechaCoder\Documents\2-3 TIN Sem 1\Fullstack Java\project-YA-Amzil\backend-java\NewsPublishSystem\review-service)
2025-01-05T16:21:27.035+0100 DEBUG              [main]                         be.pxl.services.ReviewServiceApplicationTest - Running with Spring Boot v3.3.4, Spring v6.1.13
2025-01-05T16:21:27.036+0100 INFO               [main]                         be.pxl.services.ReviewServiceApplicationTest - No active profile set, falling back to 1 default profile: "default"
2025-01-05T16:21:38.909+0100 INFO               [main]                         be.pxl.services.ReviewServiceApplicationTest - Started ReviewServiceApplicationTest in 13.293 seconds (process running for 48.228)
2025-01-05T16:21:39.734+0100 INFO               [main]                         be.pxl.services.services.ReviewService - Getting all rejected reviews
2025-01-05T16:21:39.789+0100 INFO               [main]                         be.pxl.services.controller.ReviewController - Getting all rejected reviews
2025-01-05T16:21:40.139+0100 INFO               [main]                         be.pxl.services.services.ReviewService - Approving review for post with id: 1
2025-01-05T16:21:40.202+0100 INFO               [main]                         be.pxl.services.services.ReviewService - Review approved successfully for post with id: 1
2025-01-05T16:21:40.219+0100 INFO               [main]                         be.pxl.services.services.ReviewService - Notification sent successfully for post with id: 1
2025-01-05T16:21:40.220+0100 INFO               [main]                         be.pxl.services.controller.ReviewController - Approving review for post with id: 1
2025-01-05T16:21:40.375+0100 INFO               [main]                         be.pxl.services.services.ReviewService - Publishing post with id: 1
2025-01-05T16:21:40.396+0100 ERROR              [main]                         be.pxl.services.services.ReviewService - Review not found for post with id: 1
2025-01-05T16:21:40.612+0100 INFO               [main]                         be.pxl.services.services.ReviewService - Rejecting review for post with id: 1
2025-01-05T16:21:40.659+0100 INFO               [main]                         be.pxl.services.services.ReviewService - Review rejected successfully for post with id: 1
2025-01-05T16:21:40.661+0100 INFO               [main]                         be.pxl.services.services.ReviewService - Notification sent successfully for post with id: 1
2025-01-05T16:21:40.662+0100 INFO               [main]                         be.pxl.services.controller.ReviewController - Rejecting review for post with id: 1
2025-01-05T16:21:40.955+0100 INFO               [main]                         be.pxl.services.services.ReviewService - Getting all reviews
2025-01-05T16:21:40.998+0100 INFO               [main]                         be.pxl.services.controller.ReviewController - Getting all reviews
2025-01-05T16:21:41.146+0100 INFO               [main]                         be.pxl.services.services.ReviewService - Revising post with id: 1
2025-01-05T16:21:41.172+0100 ERROR              [main]                         be.pxl.services.services.ReviewService - Review not found for post with id: 1
2025-01-05T16:21:41.296+0100 INFO               [main]                         be.pxl.services.services.ReviewService - Getting all approved reviews
2025-01-05T16:21:41.307+0100 INFO               [main]                         be.pxl.services.controller.ReviewController - Getting all approved reviews
2025-01-05T16:21:41.422+0100 INFO               [main]                         be.pxl.services.services.ReviewService - Rejecting review for post with id: 999
2025-01-05T16:21:41.435+0100 INFO               [main]                         be.pxl.services.services.ReviewService - Review not found for post with id: 999, creating a new review
2025-01-05T16:21:41.484+0100 INFO               [main]                         be.pxl.services.services.ReviewService - Review rejected successfully for post with id: 999
2025-01-05T16:21:41.489+0100 INFO               [main]                         be.pxl.services.services.ReviewService - Notification sent successfully for post with id: 999
2025-01-05T16:21:41.490+0100 INFO               [main]                         be.pxl.services.controller.ReviewController - Rejecting review for post with id: 999
2025-01-05T17:21:13.346+0100 INFO               [main]                         be.pxl.services.ReviewServiceApplicationTest - Starting ReviewServiceApplicationTest using Java 21.0.4 with PID 14496 (started by MechaCoder in C:\Users\MechaCoder\Documents\2-3 TIN Sem 1\Fullstack Java\project-YA-Amzil\backend-java\NewsPublishSystem\review-service)
2025-01-05T17:21:13.349+0100 DEBUG              [main]                         be.pxl.services.ReviewServiceApplicationTest - Running with Spring Boot v3.3.4, Spring v6.1.13
2025-01-05T17:21:13.351+0100 INFO               [main]                         be.pxl.services.ReviewServiceApplicationTest - No active profile set, falling back to 1 default profile: "default"
2025-01-05T17:21:26.741+0100 INFO               [main]                         be.pxl.services.ReviewServiceApplicationTest - Started ReviewServiceApplicationTest in 15.244 seconds (process running for 48.51)
2025-01-05T17:21:27.448+0100 INFO               [main]                         be.pxl.services.services.ReviewService - Publishing post with id: 1
2025-01-05T17:21:27.506+0100 INFO               [main]                         be.pxl.services.services.ReviewService - Post published successfully with id: 1
2025-01-05T17:21:27.512+0100 INFO               [main]                         be.pxl.services.services.ReviewService - Review message sent successfully for post with id: 1
2025-01-05T17:21:27.513+0100 INFO               [main]                         be.pxl.services.controller.ReviewController - Publishing post with id: 1
2025-01-05T17:22:59.715+0100 INFO               [main]                         be.pxl.services.ReviewServiceApplicationTest - Starting ReviewServiceApplicationTest using Java 21.0.4 with PID 6008 (started by MechaCoder in C:\Users\MechaCoder\Documents\2-3 TIN Sem 1\Fullstack Java\project-YA-Amzil\backend-java\NewsPublishSystem\review-service)
2025-01-05T17:22:59.731+0100 DEBUG              [main]                         be.pxl.services.ReviewServiceApplicationTest - Running with Spring Boot v3.3.4, Spring v6.1.13
2025-01-05T17:22:59.731+0100 INFO               [main]                         be.pxl.services.ReviewServiceApplicationTest - No active profile set, falling back to 1 default profile: "default"
2025-01-05T17:23:15.834+0100 INFO               [main]                         be.pxl.services.ReviewServiceApplicationTest - Started ReviewServiceApplicationTest in 17.515 seconds (process running for 51.484)
2025-01-05T17:23:16.553+0100 INFO               [main]                         be.pxl.services.services.ReviewService - Getting all rejected reviews
2025-01-05T17:23:16.609+0100 INFO               [main]                         be.pxl.services.controller.ReviewController - Getting all rejected reviews
2025-01-05T17:23:16.896+0100 INFO               [main]                         be.pxl.services.services.ReviewService - Approving review for post with id: 1
2025-01-05T17:23:16.983+0100 INFO               [main]                         be.pxl.services.services.ReviewService - Review approved successfully for post with id: 1
2025-01-05T17:23:16.993+0100 INFO               [main]                         be.pxl.services.services.ReviewService - Notification sent successfully for post with id: 1
2025-01-05T17:23:16.994+0100 INFO               [main]                         be.pxl.services.controller.ReviewController - Approving review for post with id: 1
2025-01-05T17:23:17.121+0100 INFO               [main]                         be.pxl.services.services.ReviewService - Publishing post with id: 1
2025-01-05T17:23:17.146+0100 ERROR              [main]                         be.pxl.services.services.ReviewService - Review not found for post with id: 1
2025-01-05T17:23:17.294+0100 INFO               [main]                         be.pxl.services.services.ReviewService - Rejecting review for post with id: 1
2025-01-05T17:23:17.334+0100 INFO               [main]                         be.pxl.services.services.ReviewService - Review rejected successfully for post with id: 1
2025-01-05T17:23:17.335+0100 INFO               [main]                         be.pxl.services.services.ReviewService - Notification sent successfully for post with id: 1
2025-01-05T17:23:17.335+0100 INFO               [main]                         be.pxl.services.controller.ReviewController - Rejecting review for post with id: 1
2025-01-05T17:23:17.473+0100 INFO               [main]                         be.pxl.services.services.ReviewService - Getting all reviews
2025-01-05T17:23:17.496+0100 INFO               [main]                         be.pxl.services.controller.ReviewController - Getting all reviews
2025-01-05T17:23:17.597+0100 INFO               [main]                         be.pxl.services.services.ReviewService - Revising post with id: 1
2025-01-05T17:23:17.614+0100 ERROR              [main]                         be.pxl.services.services.ReviewService - Review not found for post with id: 1
2025-01-05T17:23:17.701+0100 INFO               [main]                         be.pxl.services.services.ReviewService - Getting all approved reviews
2025-01-05T17:23:17.710+0100 INFO               [main]                         be.pxl.services.controller.ReviewController - Getting all approved reviews
2025-01-05T17:23:17.762+0100 INFO               [main]                         be.pxl.services.services.ReviewService - Rejecting review for post with id: 999
2025-01-05T17:23:17.771+0100 INFO               [main]                         be.pxl.services.services.ReviewService - Review not found for post with id: 999, creating a new review
2025-01-05T17:23:17.804+0100 INFO               [main]                         be.pxl.services.services.ReviewService - Review rejected successfully for post with id: 999
2025-01-05T17:23:17.807+0100 INFO               [main]                         be.pxl.services.services.ReviewService - Notification sent successfully for post with id: 999
2025-01-05T17:23:17.808+0100 INFO               [main]                         be.pxl.services.controller.ReviewController - Rejecting review for post with id: 999
2025-01-05T17:25:15.321+0100 INFO               [main]                         be.pxl.services.ReviewServiceApplicationTest - Starting ReviewServiceApplicationTest using Java 21.0.4 with PID 6460 (started by MechaCoder in C:\Users\MechaCoder\Documents\2-3 TIN Sem 1\Fullstack Java\project-YA-Amzil\backend-java\NewsPublishSystem\review-service)
2025-01-05T17:25:15.321+0100 DEBUG              [main]                         be.pxl.services.ReviewServiceApplicationTest - Running with Spring Boot v3.3.4, Spring v6.1.13
2025-01-05T17:25:15.321+0100 INFO               [main]                         be.pxl.services.ReviewServiceApplicationTest - No active profile set, falling back to 1 default profile: "default"
2025-01-05T17:25:31.389+0100 INFO               [main]                         be.pxl.services.ReviewServiceApplicationTest - Started ReviewServiceApplicationTest in 17.486 seconds (process running for 49.994)
2025-01-05T17:25:32.375+0100 INFO               [main]                         be.pxl.services.services.ReviewService - Rejecting review for post with id: 999
2025-01-05T17:25:32.469+0100 INFO               [main]                         be.pxl.services.services.ReviewService - Review not found for post with id: 999, creating a new review
2025-01-05T17:25:32.667+0100 INFO               [main]                         be.pxl.services.services.ReviewService - Review rejected successfully for post with id: 999
2025-01-05T17:25:32.704+0100 INFO               [main]                         be.pxl.services.services.ReviewService - Notification sent successfully for post with id: 999
2025-01-05T17:25:32.704+0100 INFO               [main]                         be.pxl.services.controller.ReviewController - Rejecting review for post with id: 999
2025-01-05T17:35:20.474+0100 INFO               [main]                         be.pxl.services.ReviewServiceApplicationTest - Starting ReviewServiceApplicationTest using Java 21.0.4 with PID 9584 (started by MechaCoder in C:\Users\MechaCoder\Documents\2-3 TIN Sem 1\Fullstack Java\project-YA-Amzil\backend-java\NewsPublishSystem\review-service)
2025-01-05T17:35:20.474+0100 DEBUG              [main]                         be.pxl.services.ReviewServiceApplicationTest - Running with Spring Boot v3.3.4, Spring v6.1.13
2025-01-05T17:35:20.490+0100 INFO               [main]                         be.pxl.services.ReviewServiceApplicationTest - No active profile set, falling back to 1 default profile: "default"
2025-01-05T17:35:36.001+0100 INFO               [main]                         be.pxl.services.ReviewServiceApplicationTest - Started ReviewServiceApplicationTest in 16.763 seconds (process running for 44.782)
2025-01-05T17:35:36.952+0100 INFO               [main]                         be.pxl.services.services.ReviewService - Getting all rejected reviews
2025-01-05T17:35:37.032+0100 INFO               [main]                         be.pxl.services.controller.ReviewController - Getting all rejected reviews
2025-01-05T17:35:37.487+0100 INFO               [main]                         be.pxl.services.services.ReviewService - Approving review for post with id: 1
2025-01-05T17:35:37.550+0100 INFO               [main]                         be.pxl.services.services.ReviewService - Review approved successfully for post with id: 1
2025-01-05T17:35:37.561+0100 INFO               [main]                         be.pxl.services.services.ReviewService - Notification sent successfully for post with id: 1
2025-01-05T17:35:37.561+0100 INFO               [main]                         be.pxl.services.controller.ReviewController - Approving review for post with id: 1
2025-01-05T17:35:37.758+0100 INFO               [main]                         be.pxl.services.services.ReviewService - Publishing post with id: 3
2025-01-05T17:35:37.806+0100 INFO               [main]                         be.pxl.services.services.ReviewService - Post published successfully with id: 3
2025-01-05T17:35:37.807+0100 INFO               [main]                         be.pxl.services.services.ReviewService - Review message sent successfully for post with id: 3
2025-01-05T17:35:37.808+0100 INFO               [main]                         be.pxl.services.controller.ReviewController - Publishing post with id: 3
2025-01-05T17:35:37.922+0100 INFO               [main]                         be.pxl.services.services.ReviewService - Rejecting review for post with id: 1
2025-01-05T17:35:37.959+0100 INFO               [main]                         be.pxl.services.services.ReviewService - Review rejected successfully for post with id: 1
2025-01-05T17:35:37.961+0100 INFO               [main]                         be.pxl.services.services.ReviewService - Notification sent successfully for post with id: 1
2025-01-05T17:35:37.961+0100 INFO               [main]                         be.pxl.services.controller.ReviewController - Rejecting review for post with id: 1
2025-01-05T17:35:38.118+0100 INFO               [main]                         be.pxl.services.services.ReviewService - Getting all reviews
2025-01-05T17:35:38.144+0100 INFO               [main]                         be.pxl.services.controller.ReviewController - Getting all reviews
2025-01-05T17:35:38.236+0100 INFO               [main]                         be.pxl.services.services.ReviewService - Revising post with id: 7
2025-01-05T17:35:38.282+0100 INFO               [main]                         be.pxl.services.services.ReviewService - Post revised successfully with id: 7
2025-01-05T17:35:38.283+0100 INFO               [main]                         be.pxl.services.services.ReviewService - Review message sent successfully for post with id: 7
2025-01-05T17:35:38.284+0100 INFO               [main]                         be.pxl.services.controller.ReviewController - Revising post with id: 7
2025-01-05T17:35:38.387+0100 INFO               [main]                         be.pxl.services.services.ReviewService - Getting all approved reviews
2025-01-05T17:35:38.396+0100 INFO               [main]                         be.pxl.services.controller.ReviewController - Getting all approved reviews
2025-01-05T17:35:38.447+0100 INFO               [main]                         be.pxl.services.services.ReviewService - Rejecting review for post with id: 999
2025-01-05T17:35:38.455+0100 INFO               [main]                         be.pxl.services.services.ReviewService - Review not found for post with id: 999, creating a new review
2025-01-05T17:35:38.493+0100 INFO               [main]                         be.pxl.services.services.ReviewService - Review rejected successfully for post with id: 999
2025-01-05T17:35:38.496+0100 INFO               [main]                         be.pxl.services.services.ReviewService - Notification sent successfully for post with id: 999
2025-01-05T17:35:38.497+0100 INFO               [main]                         be.pxl.services.controller.ReviewController - Rejecting review for post with id: 999
2025-01-05T17:40:20.493+0100 INFO               [main]                         be.pxl.services.ReviewServiceApplicationTest - Starting ReviewServiceApplicationTest using Java 21.0.4 with PID 15124 (started by MechaCoder in C:\Users\MechaCoder\Documents\2-3 TIN Sem 1\Fullstack Java\project-YA-Amzil\backend-java\NewsPublishSystem\review-service)
2025-01-05T17:40:20.495+0100 DEBUG              [main]                         be.pxl.services.ReviewServiceApplicationTest - Running with Spring Boot v3.3.4, Spring v6.1.13
2025-01-05T17:40:20.497+0100 INFO               [main]                         be.pxl.services.ReviewServiceApplicationTest - No active profile set, falling back to 1 default profile: "default"
2025-01-05T17:40:38.316+0100 INFO               [main]                         be.pxl.services.ReviewServiceApplicationTest - Started ReviewServiceApplicationTest in 19.623 seconds (process running for 52.852)
2025-01-05T17:40:39.089+0100 INFO               [main]                         be.pxl.services.services.ReviewService - Getting all rejected reviews
2025-01-05T17:40:39.142+0100 INFO               [main]                         be.pxl.services.controller.ReviewController - Getting all rejected reviews
2025-01-05T17:40:39.427+0100 INFO               [main]                         be.pxl.services.services.ReviewService - Approving review for post with id: 1
2025-01-05T17:40:39.470+0100 INFO               [main]                         be.pxl.services.services.ReviewService - Review approved successfully for post with id: 1
2025-01-05T17:40:39.477+0100 INFO               [main]                         be.pxl.services.services.ReviewService - Notification sent successfully for post with id: 1
2025-01-05T17:40:39.478+0100 INFO               [main]                         be.pxl.services.controller.ReviewController - Approving review for post with id: 1
2025-01-05T17:40:39.615+0100 INFO               [main]                         be.pxl.services.services.ReviewService - Publishing post with id: 3
2025-01-05T17:40:39.658+0100 INFO               [main]                         be.pxl.services.services.ReviewService - Post published successfully with id: 3
2025-01-05T17:40:39.659+0100 INFO               [main]                         be.pxl.services.services.ReviewService - Review message sent successfully for post with id: 3
2025-01-05T17:40:39.659+0100 INFO               [main]                         be.pxl.services.controller.ReviewController - Publishing post with id: 3
2025-01-05T17:40:39.791+0100 INFO               [main]                         be.pxl.services.services.ReviewService - Rejecting review for post with id: 1
2025-01-05T17:40:39.826+0100 INFO               [main]                         be.pxl.services.services.ReviewService - Review rejected successfully for post with id: 1
2025-01-05T17:40:39.827+0100 INFO               [main]                         be.pxl.services.services.ReviewService - Notification sent successfully for post with id: 1
2025-01-05T17:40:39.828+0100 INFO               [main]                         be.pxl.services.controller.ReviewController - Rejecting review for post with id: 1
2025-01-05T17:40:40.008+0100 INFO               [main]                         be.pxl.services.services.ReviewService - Getting all reviews
2025-01-05T17:40:40.031+0100 INFO               [main]                         be.pxl.services.controller.ReviewController - Getting all reviews
2025-01-05T17:40:40.126+0100 INFO               [main]                         be.pxl.services.services.ReviewService - Revising post with id: 7
2025-01-05T17:40:40.168+0100 INFO               [main]                         be.pxl.services.services.ReviewService - Post revised successfully with id: 7
2025-01-05T17:40:40.168+0100 INFO               [main]                         be.pxl.services.services.ReviewService - Review message sent successfully for post with id: 7
2025-01-05T17:40:40.169+0100 INFO               [main]                         be.pxl.services.controller.ReviewController - Revising post with id: 7
2025-01-05T17:40:40.282+0100 INFO               [main]                         be.pxl.services.services.ReviewService - Getting all approved reviews
2025-01-05T17:40:40.290+0100 INFO               [main]                         be.pxl.services.controller.ReviewController - Getting all approved reviews
2025-01-05T17:40:40.347+0100 INFO               [main]                         be.pxl.services.services.ReviewService - Publishing post with id: 999
2025-01-05T17:40:40.365+0100 ERROR              [main]                         be.pxl.services.services.ReviewService - Review not found for post with id: 999
2025-01-05T17:42:17.267+0100 INFO               [main]                         be.pxl.services.ReviewServiceApplicationTest - Starting ReviewServiceApplicationTest using Java 21.0.4 with PID 3388 (started by MechaCoder in C:\Users\MechaCoder\Documents\2-3 TIN Sem 1\Fullstack Java\project-YA-Amzil\backend-java\NewsPublishSystem\review-service)
2025-01-05T17:42:17.271+0100 DEBUG              [main]                         be.pxl.services.ReviewServiceApplicationTest - Running with Spring Boot v3.3.4, Spring v6.1.13
2025-01-05T17:42:17.274+0100 INFO               [main]                         be.pxl.services.ReviewServiceApplicationTest - No active profile set, falling back to 1 default profile: "default"
2025-01-05T17:42:50.435+0100 INFO               [main]                         be.pxl.services.ReviewServiceApplicationTest - Started ReviewServiceApplicationTest in 35.507 seconds (process running for 89.381)
2025-01-05T17:42:51.973+0100 INFO               [main]                         be.pxl.services.services.ReviewService - Getting all rejected reviews
2025-01-05T17:42:52.127+0100 INFO               [main]                         be.pxl.services.controller.ReviewController - Getting all rejected reviews
2025-01-05T17:42:53.381+0100 INFO               [main]                         be.pxl.services.services.ReviewService - Approving review for post with id: 1
2025-01-05T17:42:53.542+0100 INFO               [main]                         be.pxl.services.services.ReviewService - Review approved successfully for post with id: 1
2025-01-05T17:42:53.561+0100 INFO               [main]                         be.pxl.services.services.ReviewService - Notification sent successfully for post with id: 1
2025-01-05T17:42:53.562+0100 INFO               [main]                         be.pxl.services.controller.ReviewController - Approving review for post with id: 1
2025-01-05T17:42:53.970+0100 INFO               [main]                         be.pxl.services.services.ReviewService - Publishing post with id: 3
2025-01-05T17:42:54.147+0100 INFO               [main]                         be.pxl.services.services.ReviewService - Post published successfully with id: 3
2025-01-05T17:42:54.151+0100 INFO               [main]                         be.pxl.services.services.ReviewService - Review message sent successfully for post with id: 3
2025-01-05T17:42:54.151+0100 INFO               [main]                         be.pxl.services.controller.ReviewController - Publishing post with id: 3
2025-01-05T17:42:54.407+0100 INFO               [main]                         be.pxl.services.services.ReviewService - Rejecting review for post with id: 1
2025-01-05T17:42:54.485+0100 INFO               [main]                         be.pxl.services.services.ReviewService - Review rejected successfully for post with id: 1
2025-01-05T17:42:54.487+0100 INFO               [main]                         be.pxl.services.services.ReviewService - Notification sent successfully for post with id: 1
2025-01-05T17:42:54.488+0100 INFO               [main]                         be.pxl.services.controller.ReviewController - Rejecting review for post with id: 1
2025-01-05T17:42:54.771+0100 INFO               [main]                         be.pxl.services.services.ReviewService - Getting all reviews
2025-01-05T17:42:54.810+0100 INFO               [main]                         be.pxl.services.controller.ReviewController - Getting all reviews
2025-01-05T17:42:54.938+0100 INFO               [main]                         be.pxl.services.services.ReviewService - Revising post with id: 7
2025-01-05T17:42:55.036+0100 INFO               [main]                         be.pxl.services.services.ReviewService - Post revised successfully with id: 7
2025-01-05T17:42:55.037+0100 INFO               [main]                         be.pxl.services.services.ReviewService - Review message sent successfully for post with id: 7
2025-01-05T17:42:55.038+0100 INFO               [main]                         be.pxl.services.controller.ReviewController - Revising post with id: 7
2025-01-05T17:42:55.319+0100 INFO               [main]                         be.pxl.services.services.ReviewService - Getting all approved reviews
2025-01-05T17:42:55.333+0100 INFO               [main]                         be.pxl.services.controller.ReviewController - Getting all approved reviews
2025-01-05T17:42:55.429+0100 INFO               [main]                         be.pxl.services.services.ReviewService - Publishing post with id: 999
2025-01-05T17:42:55.475+0100 ERROR              [main]                         be.pxl.services.services.ReviewService - Review not found for post with id: 999
2025-01-05T18:00:00.441+0100 INFO               [main]                         be.pxl.services.ReviewServiceApplicationTest - Starting ReviewServiceApplicationTest using Java 21.0.4 with PID 15156 (started by MechaCoder in C:\Users\MechaCoder\Documents\2-3 TIN Sem 1\Fullstack Java\project-YA-Amzil\backend-java\NewsPublishSystem\review-service)
2025-01-05T18:00:00.441+0100 DEBUG              [main]                         be.pxl.services.ReviewServiceApplicationTest - Running with Spring Boot v3.3.4, Spring v6.1.13
2025-01-05T18:00:00.441+0100 INFO               [main]                         be.pxl.services.ReviewServiceApplicationTest - No active profile set, falling back to 1 default profile: "default"
2025-01-05T18:00:15.975+0100 INFO               [main]                         be.pxl.services.ReviewServiceApplicationTest - Started ReviewServiceApplicationTest in 17.352 seconds (process running for 47.592)
2025-01-05T18:00:16.690+0100 INFO               [main]                         be.pxl.services.services.ReviewService - Getting all rejected reviews
2025-01-05T18:00:16.745+0100 INFO               [main]                         be.pxl.services.controller.ReviewController - Getting all rejected reviews
2025-01-05T18:00:17.019+0100 INFO               [main]                         be.pxl.services.services.ReviewService - Approving review for post with id: 1
2025-01-05T18:00:17.077+0100 INFO               [main]                         be.pxl.services.services.ReviewService - Review approved successfully for post with id: 1
2025-01-05T18:00:17.086+0100 INFO               [main]                         be.pxl.services.services.ReviewService - Notification sent successfully for post with id: 1
2025-01-05T18:00:17.086+0100 INFO               [main]                         be.pxl.services.controller.ReviewController - Approving review for post with id: 1
2025-01-05T18:00:17.201+0100 INFO               [main]                         be.pxl.services.services.ReviewService - Publishing post with id: 3
2025-01-05T18:00:17.244+0100 INFO               [main]                         be.pxl.services.services.ReviewService - Post published successfully with id: 3
2025-01-05T18:00:17.244+0100 INFO               [main]                         be.pxl.services.services.ReviewService - Review message sent successfully for post with id: 3
2025-01-05T18:00:17.244+0100 INFO               [main]                         be.pxl.services.controller.ReviewController - Publishing post with id: 3
2025-01-05T18:00:17.344+0100 INFO               [main]                         be.pxl.services.services.ReviewService - Rejecting review for post with id: 1
2025-01-05T18:00:17.390+0100 INFO               [main]                         be.pxl.services.services.ReviewService - Review rejected successfully for post with id: 1
2025-01-05T18:00:17.391+0100 INFO               [main]                         be.pxl.services.services.ReviewService - Notification sent successfully for post with id: 1
2025-01-05T18:00:17.391+0100 INFO               [main]                         be.pxl.services.controller.ReviewController - Rejecting review for post with id: 1
2025-01-05T18:00:17.524+0100 INFO               [main]                         be.pxl.services.services.ReviewService - Getting all reviews
2025-01-05T18:00:17.548+0100 INFO               [main]                         be.pxl.services.controller.ReviewController - Getting all reviews
2025-01-05T18:00:17.653+0100 INFO               [main]                         be.pxl.services.services.ReviewService - Revising post with id: 7
2025-01-05T18:00:17.699+0100 INFO               [main]                         be.pxl.services.services.ReviewService - Post revised successfully with id: 7
2025-01-05T18:00:17.700+0100 INFO               [main]                         be.pxl.services.services.ReviewService - Review message sent successfully for post with id: 7
2025-01-05T18:00:17.700+0100 INFO               [main]                         be.pxl.services.controller.ReviewController - Revising post with id: 7
2025-01-05T18:00:17.796+0100 INFO               [main]                         be.pxl.services.services.ReviewService - Getting all approved reviews
2025-01-05T18:00:17.804+0100 INFO               [main]                         be.pxl.services.controller.ReviewController - Getting all approved reviews
2025-01-05T18:00:17.853+0100 INFO               [main]                         be.pxl.services.services.ReviewService - Publishing post with id: 999
2025-01-05T18:00:17.867+0100 ERROR              [main]                         be.pxl.services.services.ReviewService - Review not found for post with id: 999
